<?xml version="1.0" encoding="utf-8"?><testsuites name="pytest tests"><testsuite name="pytest" errors="0" failures="0" skipped="0" tests="32" time="6.116" timestamp="2026-07-16T16:36:56.799495+00:00" hostname="agent-env-44a450b1-d91d-48d4-89a7-f56f229423cf"><testcase classname="backend.tests.test_admin_master_module.TestCustomerCRUD" name="test_01_admin_create_ACME_01" time="1.132" /><testcase classname="backend.tests.test_admin_master_module.TestCustomerCRUD" name="test_02_duplicate_id_case_insensitive_400" time="0.134" /><testcase classname="backend.tests.test_admin_master_module.TestCustomerCRUD" name="test_03_invalid_id_has_spaces_400" time="0.120" /><testcase classname="backend.tests.test_admin_master_module.TestCustomerCRUD" name="test_04_director_create_DIR_CUST_01" time="0.168" /><testcase classname="backend.tests.test_admin_master_module.TestCustomerCRUD" name="test_05_non_admin_director_forbidden[pm]" time="0.139" /><testcase classname="backend.tests.test_admin_master_module.TestCustomerCRUD" name="test_05_non_admin_director_forbidden[purchase]" time="0.099" /><testcase classname="backend.tests.test_admin_master_module.TestCustomerCRUD" name="test_05_non_admin_director_forbidden[site_engineer]" time="0.158" /><testcase classname="backend.tests.test_admin_master_module.TestCustomerCRUD" name="test_06_put_without_reason_400" time="0.143" /><testcase classname="backend.tests.test_admin_master_module.TestCustomerCRUD" name="test_07_put_with_reason_and_audit" time="0.232" /><testcase classname="backend.tests.test_admin_master_module.TestCustomerCRUD" name="test_08_rename_customer_id_and_cascade" time="0.436" /><testcase classname="backend.tests.test_admin_master_module.TestCustomerCRUD" name="test_09_get_new_id_has_customer_pos_list" time="0.105" /><testcase classname="backend.tests.test_admin_master_module.TestCustomerRenameCascade" name="test_10_project_customer_id_cascades_on_rename" time="0.457" /><testcase classname="backend.tests.test_admin_master_module.TestCustomerPOs" name="test_11_admin_add_cpo" time="0.125" /><testcase classname="backend.tests.test_admin_master_module.TestCustomerPOs" name="test_12_purchase_add_cpo" time="0.134" /><testcase classname="backend.tests.test_admin_master_module.TestCustomerPOs" name="test_13_se_add_cpo_forbidden" time="0.104" /><testcase classname="backend.tests.test_admin_master_module.TestCustomerPOs" name="test_14_admin_put_cpo_change_value" time="0.107" /><testcase classname="backend.tests.test_admin_master_module.TestCustomerPOs" name="test_15_admin_get_attachment_404_when_absent" time="0.100" /><testcase classname="backend.tests.test_admin_master_module.TestMasters" name="test_16_add_gst_master" time="0.119" /><testcase classname="backend.tests.test_admin_master_module.TestMasters" name="test_17_duplicate_gst_name_400" time="0.109" /><testcase classname="backend.tests.test_admin_master_module.TestMasters" name="test_18_gst_nonnumeric_value_400" time="0.195" /><testcase classname="backend.tests.test_admin_master_module.TestMasters" name="test_19_department_master" time="0.101" /><testcase classname="backend.tests.test_admin_master_module.TestMasters" name="test_20_model_with_parent_brand" time="0.235" /><testcase classname="backend.tests.test_admin_master_module.TestMasters" name="test_21_put_master_without_reason_400" time="0.116" /><testcase classname="backend.tests.test_admin_master_module.TestMasters" name="test_22_put_master_with_reason_and_audit" time="0.208" /><testcase classname="backend.tests.test_admin_master_module.TestMasters" name="test_23_se_post_master_forbidden" time="0.102" /><testcase classname="backend.tests.test_admin_master_module.TestProjectVendorReason" name="test_24_project_put_without_reason_400" time="0.132" /><testcase classname="backend.tests.test_admin_master_module.TestProjectVendorReason" name="test_25_project_put_with_unknown_customer_400" time="0.124" /><testcase classname="backend.tests.test_admin_master_module.TestProjectVendorReason" name="test_26_vendor_put_without_reason_400" time="0.201" /><testcase classname="backend.tests.test_admin_master_module.TestMasterAudit" name="test_27_admin_get_master_audit" time="0.118" /><testcase classname="backend.tests.test_admin_master_module.TestMasterAudit" name="test_28_director_get_master_audit" time="0.150" /><testcase classname="backend.tests.test_admin_master_module.TestMasterAudit" name="test_29_se_get_master_audit_403" time="0.108" /><testcase classname="backend.tests.test_admin_master_module.TestMasterAudit" name="test_30_filter_by_entity_customer" time="0.108" /></testsuite></testsuites>