<?xml version="1.0" encoding="utf-8"?><testsuites name="pytest tests"><testsuite name="pytest" errors="0" failures="0" skipped="0" tests="30" time="6.997" timestamp="2026-07-16T18:18:09.058847+00:00" hostname="agent-env-44a450b1-d91d-48d4-89a7-f56f229423cf"><testcase classname="backend.tests.test_audit_scoping_iter14.TestBulkAudit" name="test_01_admin_bulk_200" time="1.067" /><testcase classname="backend.tests.test_audit_scoping_iter14.TestBulkAudit" name="test_02_director_bulk_200" time="0.186" /><testcase classname="backend.tests.test_audit_scoping_iter14.TestBulkAudit" name="test_03_gm_bulk_403" time="0.128" /><testcase classname="backend.tests.test_audit_scoping_iter14.TestBulkAudit" name="test_04a_pm_bulk_403" time="0.132" /><testcase classname="backend.tests.test_audit_scoping_iter14.TestBulkAudit" name="test_04b_purchase_bulk_403" time="0.116" /><testcase classname="backend.tests.test_audit_scoping_iter14.TestBulkAudit" name="test_04c_se_bulk_403" time="0.119" /><testcase classname="backend.tests.test_audit_scoping_iter14.TestMRFAudit" name="test_05_se_own_mrf_200" time="1.359" /><testcase classname="backend.tests.test_audit_scoping_iter14.TestMRFAudit" name="test_06_se_other_mrf_403" time="0.503" /><testcase classname="backend.tests.test_audit_scoping_iter14.TestMRFAudit" name="test_07_pm_mrf_in_project_200" time="0.112" /><testcase classname="backend.tests.test_audit_scoping_iter14.TestMRFAudit" name="test_08_purchase_any_mrf_200" time="0.102" /><testcase classname="backend.tests.test_audit_scoping_iter14.TestMRFAudit" name="test_09_gm_any_mrf_200" time="0.099" /><testcase classname="backend.tests.test_audit_scoping_iter14.TestMRFAudit" name="test_10_director_any_mrf_200" time="0.120" /><testcase classname="backend.tests.test_audit_scoping_iter14.TestMRFAudit" name="test_11_admin_any_mrf_200" time="0.098" /><testcase classname="backend.tests.test_audit_scoping_iter14.TestMRFAudit" name="test_12_nonexistent_mrf_404" time="0.119" /><testcase classname="backend.tests.test_audit_scoping_iter14.TestPOAudit" name="test_13_purchase_po_200" time="0.827" /><testcase classname="backend.tests.test_audit_scoping_iter14.TestPOAudit" name="test_14a_admin_po_200" time="0.129" /><testcase classname="backend.tests.test_audit_scoping_iter14.TestPOAudit" name="test_14b_director_po_200" time="0.124" /><testcase classname="backend.tests.test_audit_scoping_iter14.TestPOAudit" name="test_14c_gm_po_200" time="0.104" /><testcase classname="backend.tests.test_audit_scoping_iter14.TestPOAudit" name="test_15_pm_in_project_po_200" time="0.116" /><testcase classname="backend.tests.test_audit_scoping_iter14.TestPOAudit" name="test_16_se_creator_of_source_mrf_po_200" time="0.101" /><testcase classname="backend.tests.test_audit_scoping_iter14.TestPOAudit" name="test_17_unrelated_se_po_403" time="0.125" /><testcase classname="backend.tests.test_audit_scoping_iter14.TestPOAudit" name="test_18_nonexistent_po_404" time="0.115" /><testcase classname="backend.tests.test_audit_scoping_iter14.TestOtherEntityAudit" name="test_19_pm_cust_id_200" time="0.136" /><testcase classname="backend.tests.test_audit_scoping_iter14.TestOtherEntityAudit" name="test_19b_gm_cust_id_200" time="0.121" /><testcase classname="backend.tests.test_audit_scoping_iter14.TestOtherEntityAudit" name="test_19c_purchase_cust_id_200" time="0.108" /><testcase classname="backend.tests.test_audit_scoping_iter14.TestOtherEntityAudit" name="test_20_se_cust_id_403" time="0.098" /><testcase classname="backend.tests.test_audit_scoping_iter14.TestOtherEntityAudit" name="test_20b_store_cust_id_403" time="0.237" /><testcase classname="backend.tests.test_audit_scoping_iter14.TestMRFDetailAndAuditFilter" name="test_21_pm_get_mrf_full_payload" time="0.122" /><testcase classname="backend.tests.test_audit_scoping_iter14.TestMRFDetailAndAuditFilter" name="test_22_audit_filters_by_entity_id" time="0.104" /><testcase classname="backend.tests.test_audit_scoping_iter14.TestMRFDetailAndAuditFilter" name="test_22b_audit_entity_name_filter" time="0.108" /></testsuite></testsuites>