<?xml version="1.0" encoding="utf-8"?><testsuites name="pytest tests"><testsuite name="pytest" errors="0" failures="0" skipped="0" tests="40" time="11.522" timestamp="2026-07-16T19:31:00.613792+00:00" hostname="agent-env-44a450b1-d91d-48d4-89a7-f56f229423cf"><testcase classname="tests.test_audit_trail_iter18.TestBulkAuditRBAC" name="test_admin_bulk_200" time="1.250" /><testcase classname="tests.test_audit_trail_iter18.TestBulkAuditRBAC" name="test_director_bulk_200" time="0.128" /><testcase classname="tests.test_audit_trail_iter18.TestBulkAuditRBAC" name="test_gm_bulk_200_regression_fix" time="0.113" /><testcase classname="tests.test_audit_trail_iter18.TestBulkAuditRBAC" name="test_purchase_bulk_200_regression_fix" time="0.115" /><testcase classname="tests.test_audit_trail_iter18.TestBulkAuditRBAC" name="test_pm_bulk_200_filtered" time="1.591" /><testcase classname="tests.test_audit_trail_iter18.TestBulkAuditRBAC" name="test_site_engineer_bulk_200_filtered" time="0.371" /><testcase classname="tests.test_audit_trail_iter18.TestBulkAuditRBAC" name="test_store_bulk_200_filtered" time="0.103" /><testcase classname="tests.test_audit_trail_iter18.TestAuthAudit" name="test_dev_login_writes_audit_row" time="0.258" /><testcase classname="tests.test_audit_trail_iter18.TestAuthAudit" name="test_logout_writes_audit_row" time="0.463" /><testcase classname="tests.test_audit_trail_iter18.TestOldNewValueTracking" name="test_mrf_submit_has_old_new_status" time="0.622" /><testcase classname="tests.test_audit_trail_iter18.TestOldNewValueTracking" name="test_mrf_approve_has_old_new_status" time="0.162" /><testcase classname="tests.test_audit_trail_iter18.TestOldNewValueTracking" name="test_mrf_send_to_purchase_has_old_new_status" time="0.126" /><testcase classname="tests.test_audit_trail_iter18.TestOldNewValueTracking" name="test_mrf_return_flow_has_old_new_status" time="0.454" /><testcase classname="tests.test_audit_trail_iter18.TestOldNewValueTracking" name="test_mrf_edit_draft_has_old_new" time="0.438" /><testcase classname="tests.test_audit_trail_iter18.TestOldNewValueTracking" name="test_po_create_audit_has_new_value" time="0.373" /><testcase classname="tests.test_audit_trail_iter18.TestOldNewValueTracking" name="test_po_approve_audit" time="0.967" /><testcase classname="tests.test_audit_trail_iter18.TestOldNewValueTracking" name="test_po_received_audit" time="0.353" /><testcase classname="tests.test_audit_trail_iter18.TestEntityScopedAudit" name="test_pm_scoped_mrf" time="0.109" /><testcase classname="tests.test_audit_trail_iter18.TestEntityScopedAudit" name="test_purchase_scoped_po" time="0.122" /><testcase classname="tests.test_audit_trail_iter18.TestEntityScopedAudit" name="test_gm_scoped_mrf" time="0.122" /><testcase classname="tests.test_audit_trail_iter18.TestEntityScopedAudit" name="test_pm_scoped_customer" time="0.615" /><testcase classname="tests.test_audit_trail_iter18.TestAuditFilters" name="test_action_prefix_filter" time="0.126" /><testcase classname="tests.test_audit_trail_iter18.TestAuditFilters" name="test_user_role_filter_gm" time="0.097" /><testcase classname="tests.test_audit_trail_iter18.TestAuditFilters" name="test_since_iso_valid" time="0.149" /><testcase classname="tests.test_audit_trail_iter18.TestAuditFilters" name="test_since_iso_malformed_400" time="0.125" /><testcase classname="tests.test_audit_trail_iter18.TestAuditFilters" name="test_limit_capped" time="0.129" /><testcase classname="tests.test_audit_trail_iter18.TestFacets" name="test_facets_allowed_roles[admin]" time="0.135" /><testcase classname="tests.test_audit_trail_iter18.TestFacets" name="test_facets_allowed_roles[director]" time="0.131" /><testcase classname="tests.test_audit_trail_iter18.TestFacets" name="test_facets_allowed_roles[gm]" time="0.134" /><testcase classname="tests.test_audit_trail_iter18.TestFacets" name="test_facets_allowed_roles[purchase]" time="0.131" /><testcase classname="tests.test_audit_trail_iter18.TestFacets" name="test_facets_allowed_roles[pm]" time="0.120" /><testcase classname="tests.test_audit_trail_iter18.TestFacets" name="test_facets_site_engineer_403" time="0.130" /><testcase classname="tests.test_audit_trail_iter18.TestFacets" name="test_facets_store_403" time="0.114" /><testcase classname="tests.test_audit_trail_iter18.TestMasterAuditMirror" name="test_customer_edit_mirrors_into_audit" time="0.257" /><testcase classname="tests.test_audit_trail_iter18.TestMasterAuditMirror" name="test_master_audit_endpoint_still_works" time="0.132" /><testcase classname="tests.test_audit_trail_iter18.TestSerialisation" name="test_bulk_no_objectid" time="0.124" /><testcase classname="tests.test_audit_trail_iter18.TestSerialisation" name="test_entity_scoped_no_objectid" time="0.103" /><testcase classname="tests.test_audit_trail_iter18.TestRegression" name="test_export_po_pm_allowed" time="0.124" /><testcase classname="tests.test_audit_trail_iter18.TestRegression" name="test_seed_idempotent" time="0.151" /><testcase classname="tests.test_audit_trail_iter18.TestRegression" name="test_materials_default_approved_only" time="0.137" /></testsuite></testsuites>