<?xml version="1.0" encoding="utf-8"?><testsuites name="pytest tests"><testsuite name="pytest" errors="0" failures="0" skipped="0" tests="36" time="19.951" timestamp="2026-07-16T20:16:40.503508+00:00" hostname="agent-env-44a450b1-d91d-48d4-89a7-f56f229423cf"><testcase classname="tests.test_dc_cs_grn_iter19.TestGRNExport" name="test_pdf_returns_pdf_bytes" time="3.230" /><testcase classname="tests.test_dc_cs_grn_iter19.TestGRNExport" name="test_excel_returns_valid_xlsx" time="0.158" /><testcase classname="tests.test_dc_cs_grn_iter19.TestGRNExport" name="test_export_audit_logged" time="0.237" /><testcase classname="tests.test_dc_cs_grn_iter19.TestGRNExport" name="test_bulk_export_grn_roles" time="0.956" /><testcase classname="tests.test_dc_cs_grn_iter19.TestGRNExport" name="test_zero_qty_validation_and_force" time="0.433" /><testcase classname="tests.test_dc_cs_grn_iter19.TestDCCreate" name="test_create_dc_success" time="0.221" /><testcase classname="tests.test_dc_cs_grn_iter19.TestDCCreate" name="test_dc_number_increments" time="0.259" /><testcase classname="tests.test_dc_cs_grn_iter19.TestDCCreate" name="test_missing_items_400" time="0.141" /><testcase classname="tests.test_dc_cs_grn_iter19.TestDCCreate" name="test_missing_project_404" time="0.109" /><testcase classname="tests.test_dc_cs_grn_iter19.TestDCCreate" name="test_se_denied_when_not_in_project_se_list" time="0.258" /><testcase classname="tests.test_dc_cs_grn_iter19.TestDCListScoping" name="test_pm_sees_only_own_project" time="0.335" /><testcase classname="tests.test_dc_cs_grn_iter19.TestDCListScoping" name="test_se_scoped_to_projects_they_belong_to" time="0.227" /><testcase classname="tests.test_dc_cs_grn_iter19.TestDCListScoping" name="test_status_filter" time="0.138" /><testcase classname="tests.test_dc_cs_grn_iter19.TestDCListScoping" name="test_dc_type_filter" time="0.136" /><testcase classname="tests.test_dc_cs_grn_iter19.TestDCUpdate" name="test_put_allowed_fields_and_audit" time="0.327" /><testcase classname="tests.test_dc_cs_grn_iter19.TestDCUpdate" name="test_put_only_unknown_fields_400" time="0.217" /><testcase classname="tests.test_dc_cs_grn_iter19.TestDCExport" name="test_pdf_ok" time="0.244" /><testcase classname="tests.test_dc_cs_grn_iter19.TestDCExport" name="test_pdf_missing_mandatory_422" time="0.467" /><testcase classname="tests.test_dc_cs_grn_iter19.TestDCExport" name="test_export_excel_headers" time="0.250" /><testcase classname="tests.test_dc_cs_grn_iter19.TestDCExport" name="test_export_pdf_dispatch" time="0.377" /><testcase classname="tests.test_dc_cs_grn_iter19.TestDCDelete" name="test_non_admin_forbidden" time="0.802" /><testcase classname="tests.test_dc_cs_grn_iter19.TestDCDelete" name="test_admin_can_cancel" time="0.494" /><testcase classname="tests.test_dc_cs_grn_iter19.TestCSUpload" name="test_missing_file_400" time="0.264" /><testcase classname="tests.test_dc_cs_grn_iter19.TestCSUpload" name="test_missing_link_400" time="0.094" /><testcase classname="tests.test_dc_cs_grn_iter19.TestCSUpload" name="test_oversize_413" time="1.305" /><testcase classname="tests.test_dc_cs_grn_iter19.TestCSUpload" name="test_success_no_base64_in_response" time="0.340" /><testcase classname="tests.test_dc_cs_grn_iter19.TestCSListDownload" name="test_list_never_returns_file_base64" time="0.355" /><testcase classname="tests.test_dc_cs_grn_iter19.TestCSListDownload" name="test_se_sees_only_own_mrf_cs" time="3.091" /><testcase classname="tests.test_dc_cs_grn_iter19.TestCSListDownload" name="test_download_ok_and_audit" time="0.461" /><testcase classname="tests.test_dc_cs_grn_iter19.TestCSUpdateDelete" name="test_put_whitelist" time="0.467" /><testcase classname="tests.test_dc_cs_grn_iter19.TestCSUpdateDelete" name="test_put_only_unknown_400" time="0.358" /><testcase classname="tests.test_dc_cs_grn_iter19.TestCSUpdateDelete" name="test_delete_admin_only" time="1.075" /><testcase classname="tests.test_dc_cs_grn_iter19.TestRegression" name="test_po_export_still_works" time="0.361" /><testcase classname="tests.test_dc_cs_grn_iter19.TestRegression" name="test_mrf_export_still_works" time="0.123" /><testcase classname="tests.test_dc_cs_grn_iter19.TestRegression" name="test_audit_role_visibility" time="0.704" /><testcase classname="tests.test_dc_cs_grn_iter19.TestRegression" name="test_audit_facets_roles" time="0.693" /></testsuite></testsuites>