<?xml version="1.0" encoding="utf-8"?><testsuites name="pytest tests"><testsuite name="pytest" errors="0" failures="0" skipped="0" tests="19" time="3.406" timestamp="2026-07-17T07:17:27.795205+00:00" hostname="agent-env-44a450b1-d91d-48d4-89a7-f56f229423cf"><testcase classname="backend.tests.test_iter29_security.TestSec001DevLoginHostGuard" name="test_preview_host_allowed_200" time="0.186" /><testcase classname="backend.tests.test_iter29_security.TestSec001DevLoginHostGuard" name="test_localhost_allowed_200" time="0.004" /><testcase classname="backend.tests.test_iter29_security.TestSec001DevLoginHostGuard" name="test_production_host_blocked_404" time="0.002" /><testcase classname="backend.tests.test_iter29_security.TestSec001DevLoginHostGuard" name="test_audit_log_records_block" time="0.822" /><testcase classname="backend.tests.test_iter29_security.TestSec002CustomerRBAC" name="test_site_engineer_blocked_list" time="0.099" /><testcase classname="backend.tests.test_iter29_security.TestSec002CustomerRBAC" name="test_store_blocked_list" time="0.126" /><testcase classname="backend.tests.test_iter29_security.TestSec002CustomerRBAC" name="test_management_roles_allowed_list[pm]" time="0.149" /><testcase classname="backend.tests.test_iter29_security.TestSec002CustomerRBAC" name="test_management_roles_allowed_list[purchase]" time="0.108" /><testcase classname="backend.tests.test_iter29_security.TestSec002CustomerRBAC" name="test_management_roles_allowed_list[gm]" time="0.110" /><testcase classname="backend.tests.test_iter29_security.TestSec002CustomerRBAC" name="test_management_roles_allowed_list[director]" time="0.118" /><testcase classname="backend.tests.test_iter29_security.TestSec002CustomerRBAC" name="test_management_roles_allowed_list[admin]" time="0.110" /><testcase classname="backend.tests.test_iter29_security.TestSec002CustomerRBAC" name="test_site_engineer_blocked_detail" time="0.210" /><testcase classname="backend.tests.test_iter29_security.TestSec002CustomerRBAC" name="test_site_engineer_blocked_attachment" time="0.100" /><testcase classname="backend.tests.test_iter29_security.TestSec003DownloadToken" name="test_mint_shape" time="0.099" /><testcase classname="backend.tests.test_iter29_security.TestSec003DownloadToken" name="test_single_use_enforcement_header" time="0.283" /><testcase classname="backend.tests.test_iter29_security.TestSec003DownloadToken" name="test_query_param_export_mrf" time="0.307" /><testcase classname="backend.tests.test_iter29_security.TestSec003DownloadToken" name="test_legacy_session_token_query_still_works" time="0.213" /><testcase classname="backend.tests.test_iter29_security.TestSec003DownloadToken" name="test_legacy_session_token_header_still_works" time="0.216" /><testcase classname="backend.tests.test_iter29_security.TestSec003DownloadToken" name="test_ttl_index_present" time="0.077" /></testsuite></testsuites>