<?xml version="1.0" encoding="utf-8"?><testsuites name="pytest tests"><testsuite name="pytest" errors="0" failures="0" skipped="0" tests="56" time="2.671" timestamp="2026-07-17T04:42:15.248830+00:00" hostname="agent-env-44a450b1-d91d-48d4-89a7-f56f229423cf"><testcase classname="tests.test_phase9c_r5_batch_c.TestAuthRouter" name="test_dev_login_missing_email" time="0.004" /><testcase classname="tests.test_phase9c_r5_batch_c.TestAuthRouter" name="test_dev_login_invalid_role" time="0.002" /><testcase classname="tests.test_phase9c_r5_batch_c.TestAuthRouter" name="test_auth_me_ok" time="0.022" /><testcase classname="tests.test_phase9c_r5_batch_c.TestAuthRouter" name="test_auth_me_no_bearer" time="0.001" /><testcase classname="tests.test_phase9c_r5_batch_c.TestAuthRouter" name="test_auth_session_invalid_id" time="0.094" /><testcase classname="tests.test_phase9c_r5_batch_c.TestAuthRouter" name="test_logout_ok" time="0.008" /><testcase classname="tests.test_phase9c_r5_batch_c.TestAuthRouter" name="test_users_admin_full" time="0.003" /><testcase classname="tests.test_phase9c_r5_batch_c.TestAuthRouter" name="test_users_non_admin_stripped" time="0.003" /><testcase classname="tests.test_phase9c_r5_batch_c.TestAuthRouter" name="test_set_role_non_admin_forbidden" time="0.002" /><testcase classname="tests.test_phase9c_r5_batch_c.TestAuthRouter" name="test_set_role_invalid_role" time="0.004" /><testcase classname="tests.test_phase9c_r5_batch_c.TestAuthRouter" name="test_set_role_user_not_found" time="0.002" /><testcase classname="tests.test_phase9c_r5_batch_c.TestVendorsRouter" name="test_list_any_authed" time="0.009" /><testcase classname="tests.test_phase9c_r5_batch_c.TestVendorsRouter" name="test_create_forbidden_for_pm" time="0.002" /><testcase classname="tests.test_phase9c_r5_batch_c.TestVendorsRouter" name="test_create_ok_for_purchase" time="0.002" /><testcase classname="tests.test_phase9c_r5_batch_c.TestVendorsRouter" name="test_update_requires_reason" time="0.002" /><testcase classname="tests.test_phase9c_r5_batch_c.TestVendorsRouter" name="test_update_ok_with_reason" time="0.003" /><testcase classname="tests.test_phase9c_r5_batch_c.TestVendorsRouter" name="test_soft_delete" time="0.005" /><testcase classname="tests.test_phase9c_r5_batch_c.TestProjectsRouter" name="test_list_admin_sees_all" time="0.027" /><testcase classname="tests.test_phase9c_r5_batch_c.TestProjectsRouter" name="test_list_purchase_gm_director_see_all" time="0.011" /><testcase classname="tests.test_phase9c_r5_batch_c.TestProjectsRouter" name="test_list_pm_scoped" time="0.004" /><testcase classname="tests.test_phase9c_r5_batch_c.TestProjectsRouter" name="test_create_forbidden_non_admin" time="0.002" /><testcase classname="tests.test_phase9c_r5_batch_c.TestProjectsRouter" name="test_create_invalid_customer" time="0.002" /><testcase classname="tests.test_phase9c_r5_batch_c.TestProjectsRouter" name="test_update_requires_reason" time="0.005" /><testcase classname="tests.test_phase9c_r5_batch_c.TestProjectsRouter" name="test_site_add_admin_only" time="0.007" /><testcase classname="tests.test_phase9c_r5_batch_c.TestProjectsRouter" name="test_team_admin_only" time="0.005" /><testcase classname="tests.test_phase9c_r5_batch_c.TestBillingRouter" name="test_list_rbac" time="0.026" /><testcase classname="tests.test_phase9c_r5_batch_c.TestBillingRouter" name="test_list_filter" time="0.007" /><testcase classname="tests.test_phase9c_r5_batch_c.TestBillingRouter" name="test_update_requires_override_when_billed_lt_received" time="0.009" /><testcase classname="tests.test_phase9c_r5_batch_c.TestInvoiceRouter" name="test_list_rbac" time="0.011" /><testcase classname="tests.test_phase9c_r5_batch_c.TestInvoiceRouter" name="test_create_rbac" time="0.002" /><testcase classname="tests.test_phase9c_r5_batch_c.TestImportsRouter" name="test_vendor_template_any_authed" time="0.030" /><testcase classname="tests.test_phase9c_r5_batch_c.TestImportsRouter" name="test_mrf_template_any_authed" time="0.008" /><testcase classname="tests.test_phase9c_r5_batch_c.TestImportsRouter" name="test_vendors_import_rbac" time="0.003" /><testcase classname="tests.test_phase9c_r5_batch_c.TestImportsRouter" name="test_vendors_import_wrong_extension" time="0.002" /><testcase classname="tests.test_phase9c_r5_batch_c.TestImportsRouter" name="test_vendors_import_oversized" time="0.018" /><testcase classname="tests.test_phase9c_r5_batch_c.TestImportsRouter" name="test_vendors_import_dedup" time="0.015" /><testcase classname="tests.test_phase9c_r5_batch_c.TestImportsRouter" name="test_mrf_import_rbac" time="0.004" /><testcase classname="tests.test_phase9c_r5_batch_c.TestPOExportsRouter" name="test_setup_pos_with_intra_inter_vendors" time="0.025" /><testcase classname="tests.test_phase9c_r5_batch_c.TestPOExportsRouter" name="test_po_pdf_intra_state" time="0.019" /><testcase classname="tests.test_phase9c_r5_batch_c.TestPOExportsRouter" name="test_po_pdf_via_token_query" time="0.018" /><testcase classname="tests.test_phase9c_r5_batch_c.TestPOExportsRouter" name="test_gst_split_helpers_intra" time="1.724" /><testcase classname="tests.test_phase9c_r5_batch_c.TestPOExportsRouter" name="test_bulk_export_mrf_rbac" time="0.069" /><testcase classname="tests.test_phase9c_r5_batch_c.TestPOExportsRouter" name="test_bulk_export_po_rbac" time="0.036" /><testcase classname="tests.test_phase9c_r5_batch_c.TestPOExportsRouter" name="test_bulk_export_tally_rbac" time="0.030" /><testcase classname="tests.test_phase9c_r5_batch_c.TestPOExportsRouter" name="test_po_export_dispatcher_pdf" time="0.019" /><testcase classname="tests.test_phase9c_r5_batch_c.TestPOExportsRouter" name="test_po_export_dispatcher_excel" time="0.014" /><testcase classname="tests.test_phase9c_r5_batch_c.TestPOExportsRouter" name="test_po_export_dispatcher_tally" time="0.013" /><testcase classname="tests.test_phase9c_r5_batch_c.TestPOExportsRouter" name="test_po_export_dispatcher_invalid_format" time="0.002" /><testcase classname="tests.test_phase9c_r5_batch_c.TestDCAuditFix" name="test_create_dc_audit_status_is_pending_approval" time="0.010" /><testcase classname="tests.test_phase9c_r5_batch_c.TestOpenAPIPresence" name="test_billing_paths" time="0.058" /><testcase classname="tests.test_phase9c_r5_batch_c.TestOpenAPIPresence" name="test_invoice_paths" time="0.000" /><testcase classname="tests.test_phase9c_r5_batch_c.TestOpenAPIPresence" name="test_import_paths" time="0.000" /><testcase classname="tests.test_phase9c_r5_batch_c.TestOpenAPIPresence" name="test_vendor_paths" time="0.000" /><testcase classname="tests.test_phase9c_r5_batch_c.TestOpenAPIPresence" name="test_project_paths" time="0.000" /><testcase classname="tests.test_phase9c_r5_batch_c.TestOpenAPIPresence" name="test_auth_paths" time="0.000" /><testcase classname="tests.test_phase9c_r5_batch_c.TestOpenAPIPresence" name="test_po_export_paths" time="0.000" /></testsuite></testsuites>