<?xml version="1.0" encoding="utf-8"?><testsuites name="pytest tests"><testsuite name="pytest" errors="0" failures="0" skipped="0" tests="160" time="7.168" timestamp="2026-07-17T04:42:23.692264+00:00" hostname="agent-env-44a450b1-d91d-48d4-89a7-f56f229423cf"><testcase classname="tests.test_phase9c_refactor.TestNotifications" name="test_list_notifications_any_user" time="0.064" /><testcase classname="tests.test_phase9c_refactor.TestNotifications" name="test_notification_read_idempotent" time="0.085" /><testcase classname="tests.test_phase9c_refactor.TestReports" name="test_dashboard_shape" time="0.067" /><testcase classname="tests.test_phase9c_refactor.TestReports" name="test_mrf_ageing_shape" time="0.053" /><testcase classname="tests.test_phase9c_refactor.TestReports" name="test_grn_variance_shape" time="0.007" /><testcase classname="tests.test_phase9c_refactor.TestSettingsGet" name="test_get_thresholds_any_role" time="0.051" /><testcase classname="tests.test_phase9c_refactor.TestSettingsPut" name="test_forbidden_roles" time="0.049" /><testcase classname="tests.test_phase9c_refactor.TestSettingsPut" name="test_missing_keys" time="0.088" /><testcase classname="tests.test_phase9c_refactor.TestSettingsPut" name="test_non_numeric" time="0.003" /><testcase classname="tests.test_phase9c_refactor.TestSettingsPut" name="test_negative" time="0.042" /><testcase classname="tests.test_phase9c_refactor.TestSettingsPut" name="test_director_lt_gm" time="0.044" /><testcase classname="tests.test_phase9c_refactor.TestSettingsPut" name="test_valid_update_audits" time="0.408" /><testcase classname="tests.test_phase9c_refactor.TestAuditRBAC" name="test_facets_management" time="0.067" /><testcase classname="tests.test_phase9c_refactor.TestAuditRBAC" name="test_facets_forbidden" time="0.003" /><testcase classname="tests.test_phase9c_refactor.TestAuditRBAC" name="test_full_feed_management" time="0.060" /><testcase classname="tests.test_phase9c_refactor.TestAuditRBAC" name="test_scoped_feed_site_engineer" time="0.004" /><testcase classname="tests.test_phase9c_refactor.TestAuditRBAC" name="test_scoped_feed_store" time="0.006" /><testcase classname="tests.test_phase9c_refactor.TestAuditRBAC" name="test_entity_scoped_forbidden_mrf" time="0.042" /><testcase classname="tests.test_phase9c_refactor.TestP2Smoke" name="test_seed_idempotent" time="0.092" /><testcase classname="tests.test_phase9c_refactor.TestP2Smoke" name="test_spot_check_endpoints" time="0.120" /><testcase classname="tests.test_phase9c_refactor.TestOpenAPI" name="test_openapi_contains_extracted_paths" time="0.005" /><testcase classname="tests.test_phase9c_r3_masters_customers.TestMaterialsList" name="test_default_returns_approved_only" time="0.054" /><testcase classname="tests.test_phase9c_r3_masters_customers.TestMaterialsList" name="test_status_all" time="0.008" /><testcase classname="tests.test_phase9c_r3_masters_customers.TestMaterialsList" name="test_status_pending_filter" time="0.044" /><testcase classname="tests.test_phase9c_r3_masters_customers.TestMaterialsList" name="test_q_free_text" time="0.009" /><testcase classname="tests.test_phase9c_r3_masters_customers.TestMaterialsList" name="test_counts_shape" time="0.042" /><testcase classname="tests.test_phase9c_r3_masters_customers.TestMaterialsCreateRBAC" name="test_forbidden_roles" time="0.007" /><testcase classname="tests.test_phase9c_r3_masters_customers.TestMaterialsCreateRBAC" name="test_empty_description_400" time="0.002" /><testcase classname="tests.test_phase9c_r3_masters_customers.TestMaterialsCreateRBAC" name="test_word_limit_exceeded_400" time="0.042" /><testcase classname="tests.test_phase9c_r3_masters_customers.TestMaterialsCreateRBAC" name="test_purchase_creates_pending_pm" time="0.045" /><testcase classname="tests.test_phase9c_r3_masters_customers.TestMaterialsCreateRBAC" name="test_duplicate_description_400" time="0.087" /><testcase classname="tests.test_phase9c_r3_masters_customers.TestMaterialsCreateRBAC" name="test_admin_creates_approved" time="0.004" /><testcase classname="tests.test_phase9c_r3_masters_customers.TestMaterialsUpdate" name="test_missing_reason_400" time="0.087" /><testcase classname="tests.test_phase9c_r3_masters_customers.TestMaterialsUpdate" name="test_purchase_edit_approved_flips_to_gm" time="0.048" /><testcase classname="tests.test_phase9c_r3_masters_customers.TestMaterialsUpdate" name="test_admin_edit_stays_approved" time="0.088" /><testcase classname="tests.test_phase9c_r3_masters_customers.TestMaterialsUpdate" name="test_dedup_on_rename" time="0.132" /><testcase classname="tests.test_phase9c_r3_masters_customers.TestMaterialsAction" name="test_pm_approve" time="0.007" /><testcase classname="tests.test_phase9c_r3_masters_customers.TestMaterialsAction" name="test_forbidden_roles" time="0.089" /><testcase classname="tests.test_phase9c_r3_masters_customers.TestMaterialsAction" name="test_wrong_status_400" time="0.005" /><testcase classname="tests.test_phase9c_r3_masters_customers.TestMaterialsGMApprove" name="test_gm_only" time="0.135" /><testcase classname="tests.test_phase9c_r3_masters_customers.TestMaterialsGMApprove" name="test_wrong_status_400" time="0.045" /><testcase classname="tests.test_phase9c_r3_masters_customers.TestMaterialsBulk" name="test_bulk_action_pm" time="0.099" /><testcase classname="tests.test_phase9c_r3_masters_customers.TestMaterialsImport" name="test_template_download" time="0.046" /><testcase classname="tests.test_phase9c_r3_masters_customers.TestMaterialsImport" name="test_template_token_query" time="0.009" /><testcase classname="tests.test_phase9c_r3_masters_customers.TestMaterialsImport" name="test_import_rows_mixed" time="0.053" /><testcase classname="tests.test_phase9c_r3_masters_customers.TestVariants" name="test_dup_variant_returns_same" time="0.095" /><testcase classname="tests.test_phase9c_r3_masters_customers.TestVariants" name="test_list" time="0.003" /><testcase classname="tests.test_phase9c_r3_masters_customers.TestMasterAuditRBAC" name="test_admin_ok" time="0.028" /><testcase classname="tests.test_phase9c_r3_masters_customers.TestMasterAuditRBAC" name="test_others_forbidden" time="0.049" /><testcase classname="tests.test_phase9c_r3_masters_customers.TestSystems" name="test_returns_list" time="0.002" /><testcase classname="tests.test_phase9c_r3_masters_customers.TestGenericMasters" name="test_list_grouped" time="0.043" /><testcase classname="tests.test_phase9c_r3_masters_customers.TestGenericMasters" name="test_create_forbidden_for_purchase" time="0.002" /><testcase classname="tests.test_phase9c_r3_masters_customers.TestGenericMasters" name="test_create_update_soft_delete" time="0.175" /><testcase classname="tests.test_phase9c_r3_masters_customers.TestGenericMasters" name="test_update_needs_reason" time="0.087" /><testcase classname="tests.test_phase9c_r3_masters_customers.TestCustomersList" name="test_list_default_active_only_with_po_count" time="0.052" /><testcase classname="tests.test_phase9c_r3_masters_customers.TestCustomersList" name="test_include_inactive" time="0.055" /><testcase classname="tests.test_phase9c_r3_masters_customers.TestCustomersCRUD" name="test_create_forbidden" time="0.006" /><testcase classname="tests.test_phase9c_r3_masters_customers.TestCustomersCRUD" name="test_create_and_get" time="0.173" /><testcase classname="tests.test_phase9c_r3_masters_customers.TestCustomersCRUD" name="test_update_needs_reason" time="0.043" /><testcase classname="tests.test_phase9c_r3_masters_customers.TestCustomersCRUD" name="test_add_customer_po_and_redact" time="0.132" /><testcase classname="tests.test_phase9c_r3_masters_customers.TestCustomersCRUD" name="test_update_customer_po_audit_redacts" time="0.046" /><testcase classname="tests.test_phase9c_r3_masters_customers.TestCustomersCRUD" name="test_attachment_404" time="0.045" /><testcase classname="tests.test_phase9c_r3_masters_customers.TestCustomersCRUD" name="test_cascade_rename" time="0.136" /><testcase classname="tests.test_phase9c_r3_masters_customers.TestCustomersCRUD" name="test_soft_delete" time="0.151" /><testcase classname="tests.test_phase9c_r3_masters_customers.TestCrossRouterMRF" name="test_mrf_resolves_material_from_masters_router" time="0.089" /><testcase classname="tests.test_phase9c_r3_masters_customers.TestOpenAPI" name="test_all_extracted_paths_present" time="0.005" /><testcase classname="tests.test_phase9c_r4_batch_b.TestCSRouter" name="test_upload_forbidden_for_pm_gm_director_siteeng_store" time="0.084" /><testcase classname="tests.test_phase9c_r4_batch_b.TestCSRouter" name="test_upload_missing_file_400" time="0.002" /><testcase classname="tests.test_phase9c_r4_batch_b.TestCSRouter" name="test_upload_missing_mrf_and_po_400" time="0.002" /><testcase classname="tests.test_phase9c_r4_batch_b.TestCSRouter" name="test_upload_ok_purchase_and_resolves_project" time="0.006" /><testcase classname="tests.test_phase9c_r4_batch_b.TestCSRouter" name="test_approve_403_for_purchase" time="0.002" /><testcase classname="tests.test_phase9c_r4_batch_b.TestCSRouter" name="test_approve_ok_pm_then_locked" time="0.005" /><testcase classname="tests.test_phase9c_r4_batch_b.TestCSRouter" name="test_put_locked_after_approved_for_purchase_but_admin_can_override" time="0.005" /><testcase classname="tests.test_phase9c_r4_batch_b.TestCSRouter" name="test_delete_only_admin_director" time="0.006" /><testcase classname="tests.test_phase9c_r4_batch_b.TestDCRouter" name="test_create_dc_purchase_ok" time="0.004" /><testcase classname="tests.test_phase9c_r4_batch_b.TestDCRouter" name="test_create_dc_forbidden_for_pm_gm_siteeng" time="0.004" /><testcase classname="tests.test_phase9c_r4_batch_b.TestDCRouter" name="test_approve_dc_403_for_pm_purchase_gm" time="0.006" /><testcase classname="tests.test_phase9c_r4_batch_b.TestDCRouter" name="test_approve_dc_admin_ok" time="0.003" /><testcase classname="tests.test_phase9c_r4_batch_b.TestDCRouter" name="test_put_locked_after_approved" time="0.005" /><testcase classname="tests.test_phase9c_r4_batch_b.TestDCRouter" name="test_pdf_and_excel_stream" time="0.027" /><testcase classname="tests.test_phase9c_r4_batch_b.TestDCRouter" name="test_bulk_export_dc_rbac" time="0.027" /><testcase classname="tests.test_phase9c_r4_batch_b.TestDCRouter" name="test_delete_dc_admin_only" time="0.005" /><testcase classname="tests.test_phase9c_r4_batch_b.TestPORouter" name="test_po_low_total_auto_issued" time="0.007" /><testcase classname="tests.test_phase9c_r4_batch_b.TestPORouter" name="test_po_gm_tier_pending_and_no_mrf_rollforward" time="0.009" /><testcase classname="tests.test_phase9c_r4_batch_b.TestPORouter" name="test_po_director_tier_pending_director" time="0.005" /><testcase classname="tests.test_phase9c_r4_batch_b.TestPORouter" name="test_gm_cannot_approve_director_tier" time="0.003" /><testcase classname="tests.test_phase9c_r4_batch_b.TestPORouter" name="test_gm_approves_gm_tier" time="0.004" /><testcase classname="tests.test_phase9c_r4_batch_b.TestPORouter" name="test_director_approves_director_tier" time="0.004" /><testcase classname="tests.test_phase9c_r4_batch_b.TestPORouter" name="test_po_received_auto_creates_grn" time="0.007" /><testcase classname="tests.test_phase9c_r4_batch_b.TestPORouter" name="test_list_pos_site_engineer_scope" time="0.004" /><testcase classname="tests.test_phase9c_r4_batch_b.TestPORouter" name="test_po_pdf_still_in_server_returns_200" time="0.018" /><testcase classname="tests.test_phase9c_r4_batch_b.TestPORouter" name="test_po_invoices_endpoint_rbac" time="0.004" /><testcase classname="tests.test_phase9c_r4_batch_b.TestGRNRouter" name="test_grns_list_403_for_siteeng_store" time="0.003" /><testcase classname="tests.test_phase9c_r4_batch_b.TestGRNRouter" name="test_grns_list_ok_admin" time="0.003" /><testcase classname="tests.test_phase9c_r4_batch_b.TestGRNRouter" name="test_grn_by_po_id" time="0.003" /><testcase classname="tests.test_phase9c_r4_batch_b.TestGRNRouter" name="test_grn_approve" time="0.005" /><testcase classname="tests.test_phase9c_r4_batch_b.TestGRNRouter" name="test_grn_pdf_and_excel" time="0.030" /><testcase classname="tests.test_phase9c_r4_batch_b.TestGRNRouter" name="test_bulk_export_grn" time="0.023" /><testcase classname="tests.test_phase9c_r4_batch_b.TestMRFRouter" name="test_put_rejected_in_non_draft" time="0.003" /><testcase classname="tests.test_phase9c_r4_batch_b.TestMRFRouter" name="test_line_edit_requires_reason_and_records_change_log" time="0.005" /><testcase classname="tests.test_phase9c_r4_batch_b.TestMRFRouter" name="test_list_siteeng_scoped_own_only" time="0.012" /><testcase classname="tests.test_phase9c_r4_batch_b.TestMRFRouter" name="test_delete_admin_only" time="0.008" /><testcase classname="tests.test_phase9c_r4_batch_b.TestMRFRouter" name="test_mrf_pdf_and_excel" time="0.026" /><testcase classname="tests.test_phase9c_r4_batch_b" name="test_openapi_presence" time="0.004" /><testcase classname="tests.test_phase9c_r5_batch_c.TestAuthRouter" name="test_dev_login_missing_email" time="0.002" /><testcase classname="tests.test_phase9c_r5_batch_c.TestAuthRouter" name="test_dev_login_invalid_role" time="0.001" /><testcase classname="tests.test_phase9c_r5_batch_c.TestAuthRouter" name="test_auth_me_ok" time="0.020" /><testcase classname="tests.test_phase9c_r5_batch_c.TestAuthRouter" name="test_auth_me_no_bearer" time="0.001" /><testcase classname="tests.test_phase9c_r5_batch_c.TestAuthRouter" name="test_auth_session_invalid_id" time="0.188" /><testcase classname="tests.test_phase9c_r5_batch_c.TestAuthRouter" name="test_logout_ok" time="0.008" /><testcase classname="tests.test_phase9c_r5_batch_c.TestAuthRouter" name="test_users_admin_full" time="0.003" /><testcase classname="tests.test_phase9c_r5_batch_c.TestAuthRouter" name="test_users_non_admin_stripped" time="0.003" /><testcase classname="tests.test_phase9c_r5_batch_c.TestAuthRouter" name="test_set_role_non_admin_forbidden" time="0.002" /><testcase classname="tests.test_phase9c_r5_batch_c.TestAuthRouter" name="test_set_role_invalid_role" time="0.005" /><testcase classname="tests.test_phase9c_r5_batch_c.TestAuthRouter" name="test_set_role_user_not_found" time="0.002" /><testcase classname="tests.test_phase9c_r5_batch_c.TestVendorsRouter" name="test_list_any_authed" time="0.010" /><testcase classname="tests.test_phase9c_r5_batch_c.TestVendorsRouter" name="test_create_forbidden_for_pm" time="0.002" /><testcase classname="tests.test_phase9c_r5_batch_c.TestVendorsRouter" name="test_create_ok_for_purchase" time="0.003" /><testcase classname="tests.test_phase9c_r5_batch_c.TestVendorsRouter" name="test_update_requires_reason" time="0.002" /><testcase classname="tests.test_phase9c_r5_batch_c.TestVendorsRouter" name="test_update_ok_with_reason" time="0.003" /><testcase classname="tests.test_phase9c_r5_batch_c.TestVendorsRouter" name="test_soft_delete" time="0.005" /><testcase classname="tests.test_phase9c_r5_batch_c.TestProjectsRouter" name="test_list_admin_sees_all" time="0.028" /><testcase classname="tests.test_phase9c_r5_batch_c.TestProjectsRouter" name="test_list_purchase_gm_director_see_all" time="0.012" /><testcase classname="tests.test_phase9c_r5_batch_c.TestProjectsRouter" name="test_list_pm_scoped" time="0.005" /><testcase classname="tests.test_phase9c_r5_batch_c.TestProjectsRouter" name="test_create_forbidden_non_admin" time="0.002" /><testcase classname="tests.test_phase9c_r5_batch_c.TestProjectsRouter" name="test_create_invalid_customer" time="0.002" /><testcase classname="tests.test_phase9c_r5_batch_c.TestProjectsRouter" name="test_update_requires_reason" time="0.005" /><testcase classname="tests.test_phase9c_r5_batch_c.TestProjectsRouter" name="test_site_add_admin_only" time="0.007" /><testcase classname="tests.test_phase9c_r5_batch_c.TestProjectsRouter" name="test_team_admin_only" time="0.005" /><testcase classname="tests.test_phase9c_r5_batch_c.TestBillingRouter" name="test_list_rbac" time="0.029" /><testcase classname="tests.test_phase9c_r5_batch_c.TestBillingRouter" name="test_list_filter" time="0.007" /><testcase classname="tests.test_phase9c_r5_batch_c.TestBillingRouter" name="test_update_requires_override_when_billed_lt_received" time="0.010" /><testcase classname="tests.test_phase9c_r5_batch_c.TestInvoiceRouter" name="test_list_rbac" time="0.012" /><testcase classname="tests.test_phase9c_r5_batch_c.TestInvoiceRouter" name="test_create_rbac" time="0.002" /><testcase classname="tests.test_phase9c_r5_batch_c.TestImportsRouter" name="test_vendor_template_any_authed" time="0.028" /><testcase classname="tests.test_phase9c_r5_batch_c.TestImportsRouter" name="test_mrf_template_any_authed" time="0.008" /><testcase classname="tests.test_phase9c_r5_batch_c.TestImportsRouter" name="test_vendors_import_rbac" time="0.002" /><testcase classname="tests.test_phase9c_r5_batch_c.TestImportsRouter" name="test_vendors_import_wrong_extension" time="0.002" /><testcase classname="tests.test_phase9c_r5_batch_c.TestImportsRouter" name="test_vendors_import_oversized" time="0.033" /><testcase classname="tests.test_phase9c_r5_batch_c.TestImportsRouter" name="test_vendors_import_dedup" time="0.015" /><testcase classname="tests.test_phase9c_r5_batch_c.TestImportsRouter" name="test_mrf_import_rbac" time="0.004" /><testcase classname="tests.test_phase9c_r5_batch_c.TestPOExportsRouter" name="test_setup_pos_with_intra_inter_vendors" time="0.027" /><testcase classname="tests.test_phase9c_r5_batch_c.TestPOExportsRouter" name="test_po_pdf_intra_state" time="0.018" /><testcase classname="tests.test_phase9c_r5_batch_c.TestPOExportsRouter" name="test_po_pdf_via_token_query" time="0.018" /><testcase classname="tests.test_phase9c_r5_batch_c.TestPOExportsRouter" name="test_gst_split_helpers_intra" time="1.788" /><testcase classname="tests.test_phase9c_r5_batch_c.TestPOExportsRouter" name="test_bulk_export_mrf_rbac" time="0.072" /><testcase classname="tests.test_phase9c_r5_batch_c.TestPOExportsRouter" name="test_bulk_export_po_rbac" time="0.040" /><testcase classname="tests.test_phase9c_r5_batch_c.TestPOExportsRouter" name="test_bulk_export_tally_rbac" time="0.033" /><testcase classname="tests.test_phase9c_r5_batch_c.TestPOExportsRouter" name="test_po_export_dispatcher_pdf" time="0.019" /><testcase classname="tests.test_phase9c_r5_batch_c.TestPOExportsRouter" name="test_po_export_dispatcher_excel" time="0.015" /><testcase classname="tests.test_phase9c_r5_batch_c.TestPOExportsRouter" name="test_po_export_dispatcher_tally" time="0.014" /><testcase classname="tests.test_phase9c_r5_batch_c.TestPOExportsRouter" name="test_po_export_dispatcher_invalid_format" time="0.002" /><testcase classname="tests.test_phase9c_r5_batch_c.TestDCAuditFix" name="test_create_dc_audit_status_is_pending_approval" time="0.010" /><testcase classname="tests.test_phase9c_r5_batch_c.TestOpenAPIPresence" name="test_billing_paths" time="0.005" /><testcase classname="tests.test_phase9c_r5_batch_c.TestOpenAPIPresence" name="test_invoice_paths" time="0.000" /><testcase classname="tests.test_phase9c_r5_batch_c.TestOpenAPIPresence" name="test_import_paths" time="0.000" /><testcase classname="tests.test_phase9c_r5_batch_c.TestOpenAPIPresence" name="test_vendor_paths" time="0.000" /><testcase classname="tests.test_phase9c_r5_batch_c.TestOpenAPIPresence" name="test_project_paths" time="0.000" /><testcase classname="tests.test_phase9c_r5_batch_c.TestOpenAPIPresence" name="test_auth_paths" time="0.000" /><testcase classname="tests.test_phase9c_r5_batch_c.TestOpenAPIPresence" name="test_po_export_paths" time="0.000" /></testsuite></testsuites>