<?xml version="1.0" encoding="utf-8"?><testsuites name="pytest tests"><testsuite name="pytest" errors="0" failures="2" skipped="0" tests="19" time="44.705" timestamp="2026-07-17T06:14:54.567154+00:00" hostname="agent-env-44a450b1-d91d-48d4-89a7-f56f229423cf"><testcase classname="backend.tests.test_ai_cost_control_iter27.TestMyBudget" name="test_director_unlimited" time="0.958" /><testcase classname="backend.tests.test_ai_cost_control_iter27.TestMyBudget" name="test_pm_capped_200" time="0.091" /><testcase classname="backend.tests.test_ai_cost_control_iter27.TestRoute" name="test_director_has_all_labels" time="0.129" /><testcase classname="backend.tests.test_ai_cost_control_iter27.TestRoute" name="test_pm_premium_disallowed" time="0.127" /><testcase classname="backend.tests.test_ai_cost_control_iter27.TestDeterministicMode" name="test_pm_deterministic_no_budget_error" time="0.131" /><testcase classname="backend.tests.test_ai_cost_control_iter27.TestDeterministicMode" name="test_director_deterministic_works" time="0.140" /><testcase classname="backend.tests.test_ai_cost_control_iter27.TestPremiumDowngrade" name="test_pm_premium_downgraded_to_cheap" time="5.605" /><testcase classname="backend.tests.test_ai_cost_control_iter27.TestPremiumDirector" name="test_director_premium_ok" time="36.167" /><testcase classname="backend.tests.test_ai_cost_control_iter27.TestAdminSpend" name="test_director_ok" time="0.162" /><testcase classname="backend.tests.test_ai_cost_control_iter27.TestAdminSpend" name="test_admin_ok" time="0.159" /><testcase classname="backend.tests.test_ai_cost_control_iter27.TestAdminSpend" name="test_pm_forbidden" time="0.091" /><testcase classname="backend.tests.test_ai_cost_control_iter27.TestSupplierPerf" name="test_director_ok" time="0.108" /><testcase classname="backend.tests.test_ai_cost_control_iter27.TestSupplierPerf" name="test_other_privileged_ok[admin]" time="0.096" /><testcase classname="backend.tests.test_ai_cost_control_iter27.TestSupplierPerf" name="test_other_privileged_ok[gm]" time="0.096" /><testcase classname="backend.tests.test_ai_cost_control_iter27.TestSupplierPerf" name="test_other_privileged_ok[purchase]" time="0.143" /><testcase classname="backend.tests.test_ai_cost_control_iter27.TestSupplierPerf" name="test_site_engineer_forbidden" time="0.110" /><testcase classname="backend.tests.test_ai_cost_control_iter27.TestRegressionEndpoints" name="test_mrfs_list" time="0.096"><failure message="AssertionError: {&quot;detail&quot;:&quot;Not Found&quot;}&#10;assert 404 == 200&#10; +  where 404 = &lt;Response [404]&gt;.status_code">backend/tests/test_ai_cost_control_iter27.py:285: in test_mrfs_list
    assert r.status_code == 200, r.text
E   AssertionError: {"detail":"Not Found"}
E   assert 404 == 200
E    +  where 404 = &lt;Response [404]&gt;.status_code</failure></testcase><testcase classname="backend.tests.test_ai_cost_control_iter27.TestRegressionEndpoints" name="test_pos_list" time="0.100"><failure message="AssertionError: {&quot;detail&quot;:&quot;Not Found&quot;}&#10;assert 404 == 200&#10; +  where 404 = &lt;Response [404]&gt;.status_code">backend/tests/test_ai_cost_control_iter27.py:290: in test_pos_list
    assert r.status_code == 200, r.text
E   AssertionError: {"detail":"Not Found"}
E   assert 404 == 200
E    +  where 404 = &lt;Response [404]&gt;.status_code</failure></testcase><testcase classname="backend.tests.test_ai_cost_control_iter27.TestRegressionEndpoints" name="test_vendors_list" time="0.092" /></testsuite></testsuites>