<?xml version="1.0" encoding="utf-8"?><testsuites name="pytest tests"><testsuite name="pytest" errors="0" failures="0" skipped="0" tests="14" time="3.128" timestamp="2026-07-17T06:50:22.080653+00:00" hostname="agent-env-44a450b1-d91d-48d4-89a7-f56f229423cf"><testcase classname="backend.tests.test_llm_iter28_compare_reconcile.TestCompareDeterministic" name="test_deterministic_two_quotes" time="0.594" /><testcase classname="backend.tests.test_llm_iter28_compare_reconcile.TestCompareDeterministic" name="test_deterministic_needs_two_vendors" time="0.097" /><testcase classname="backend.tests.test_llm_iter28_compare_reconcile.TestCompareCheap" name="test_cheap_two_quotes" time="0.108" /><testcase classname="backend.tests.test_llm_iter28_compare_reconcile.TestCompareCheap" name="test_premium_silently_downshifts" time="0.102" /><testcase classname="backend.tests.test_llm_iter28_compare_reconcile.TestReconcile" name="test_deterministic" time="0.194" /><testcase classname="backend.tests.test_llm_iter28_compare_reconcile.TestReconcile" name="test_cheap_default" time="0.187" /><testcase classname="backend.tests.test_llm_iter28_compare_reconcile.TestReconcile" name="test_premium_silently_downshifts" time="0.185" /><testcase classname="backend.tests.test_llm_iter28_compare_reconcile.TestNegotiateSonnetStillAllowed" name="test_director_premium_uses_sonnet" time="0.102" /><testcase classname="backend.tests.test_llm_iter28_compare_reconcile.TestItemStandardiseRegression" name="test_standardise_cheap" time="0.100" /><testcase classname="backend.tests.test_llm_attachments_iter22.TestQuotationCompareAttachments" name="test_two_pdf_attachments_no_structured" time="0.714" /><testcase classname="backend.tests.test_llm_attachments_iter22.TestQuotationCompareAttachments" name="test_one_quote_plus_one_attachment_ok" time="0.099" /><testcase classname="backend.tests.test_llm_attachments_iter22.TestQuotationCompareAttachments" name="test_zero_quotes_one_attachment_400" time="0.096" /><testcase classname="backend.tests.test_llm_attachments_iter22.TestQuotationCompareAttachments" name="test_nine_attachments_rejected" time="0.116" /><testcase classname="backend.tests.test_llm_attachments_iter22.TestReconcileAttachment" name="test_reconcile_with_pdf" time="0.202" /></testsuite></testsuites>