<?xml version="1.0" encoding="utf-8"?><testsuites name="pytest tests"><testsuite name="pytest" errors="0" failures="1" skipped="0" tests="38" time="0.561" timestamp="2026-07-17T04:12:32.951596+00:00" hostname="agent-env-44a450b1-d91d-48d4-89a7-f56f229423cf"><testcase classname="tests.test_phase9c_r4_batch_b.TestCSRouter" name="test_upload_forbidden_for_pm_gm_director_siteeng_store" time="0.087" /><testcase classname="tests.test_phase9c_r4_batch_b.TestCSRouter" name="test_upload_missing_file_400" time="0.002" /><testcase classname="tests.test_phase9c_r4_batch_b.TestCSRouter" name="test_upload_missing_mrf_and_po_400" time="0.002" /><testcase classname="tests.test_phase9c_r4_batch_b.TestCSRouter" name="test_upload_ok_purchase_and_resolves_project" time="0.008" /><testcase classname="tests.test_phase9c_r4_batch_b.TestCSRouter" name="test_approve_403_for_purchase" time="0.002" /><testcase classname="tests.test_phase9c_r4_batch_b.TestCSRouter" name="test_approve_ok_pm_then_locked" time="0.005" /><testcase classname="tests.test_phase9c_r4_batch_b.TestCSRouter" name="test_put_locked_after_approved_for_purchase_but_admin_can_override" time="0.005" /><testcase classname="tests.test_phase9c_r4_batch_b.TestCSRouter" name="test_delete_only_admin_director" time="0.006" /><testcase classname="tests.test_phase9c_r4_batch_b.TestDCRouter" name="test_create_dc_purchase_ok" time="0.003"><failure message="AssertionError: assert 'pending_approval' == 'issued'&#10;  &#10;  - issued&#10;  + pending_approval">tests/test_phase9c_r4_batch_b.py:223: in test_create_dc_purchase_ok
    assert r.json()["status"] == "issued"
E   AssertionError: assert 'pending_approval' == 'issued'
E     
E     - issued
E     + pending_approval</failure></testcase><testcase classname="tests.test_phase9c_r4_batch_b.TestDCRouter" name="test_create_dc_forbidden_for_pm_gm_siteeng" time="0.004" /><testcase classname="tests.test_phase9c_r4_batch_b.TestDCRouter" name="test_approve_dc_403_for_pm_purchase_gm" time="0.005" /><testcase classname="tests.test_phase9c_r4_batch_b.TestDCRouter" name="test_approve_dc_admin_ok" time="0.003" /><testcase classname="tests.test_phase9c_r4_batch_b.TestDCRouter" name="test_put_locked_after_approved" time="0.005" /><testcase classname="tests.test_phase9c_r4_batch_b.TestDCRouter" name="test_pdf_and_excel_stream" time="0.029" /><testcase classname="tests.test_phase9c_r4_batch_b.TestDCRouter" name="test_bulk_export_dc_rbac" time="0.027" /><testcase classname="tests.test_phase9c_r4_batch_b.TestDCRouter" name="test_delete_dc_admin_only" time="0.005" /><testcase classname="tests.test_phase9c_r4_batch_b.TestPORouter" name="test_po_low_total_auto_issued" time="0.012" /><testcase classname="tests.test_phase9c_r4_batch_b.TestPORouter" name="test_po_gm_tier_pending_and_no_mrf_rollforward" time="0.009" /><testcase classname="tests.test_phase9c_r4_batch_b.TestPORouter" name="test_po_director_tier_pending_director" time="0.005" /><testcase classname="tests.test_phase9c_r4_batch_b.TestPORouter" name="test_gm_cannot_approve_director_tier" time="0.002" /><testcase classname="tests.test_phase9c_r4_batch_b.TestPORouter" name="test_gm_approves_gm_tier" time="0.003" /><testcase classname="tests.test_phase9c_r4_batch_b.TestPORouter" name="test_director_approves_director_tier" time="0.003" /><testcase classname="tests.test_phase9c_r4_batch_b.TestPORouter" name="test_po_received_auto_creates_grn" time="0.011" /><testcase classname="tests.test_phase9c_r4_batch_b.TestPORouter" name="test_list_pos_site_engineer_scope" time="0.004" /><testcase classname="tests.test_phase9c_r4_batch_b.TestPORouter" name="test_po_pdf_still_in_server_returns_200" time="0.018" /><testcase classname="tests.test_phase9c_r4_batch_b.TestPORouter" name="test_po_invoices_endpoint_rbac" time="0.004" /><testcase classname="tests.test_phase9c_r4_batch_b.TestGRNRouter" name="test_grns_list_403_for_siteeng_store" time="0.004" /><testcase classname="tests.test_phase9c_r4_batch_b.TestGRNRouter" name="test_grns_list_ok_admin" time="0.003" /><testcase classname="tests.test_phase9c_r4_batch_b.TestGRNRouter" name="test_grn_by_po_id" time="0.002" /><testcase classname="tests.test_phase9c_r4_batch_b.TestGRNRouter" name="test_grn_approve" time="0.005" /><testcase classname="tests.test_phase9c_r4_batch_b.TestGRNRouter" name="test_grn_pdf_and_excel" time="0.028" /><testcase classname="tests.test_phase9c_r4_batch_b.TestGRNRouter" name="test_bulk_export_grn" time="0.019" /><testcase classname="tests.test_phase9c_r4_batch_b.TestMRFRouter" name="test_put_rejected_in_non_draft" time="0.003" /><testcase classname="tests.test_phase9c_r4_batch_b.TestMRFRouter" name="test_line_edit_requires_reason_and_records_change_log" time="0.005" /><testcase classname="tests.test_phase9c_r4_batch_b.TestMRFRouter" name="test_list_siteeng_scoped_own_only" time="0.012" /><testcase classname="tests.test_phase9c_r4_batch_b.TestMRFRouter" name="test_delete_admin_only" time="0.008" /><testcase classname="tests.test_phase9c_r4_batch_b.TestMRFRouter" name="test_mrf_pdf_and_excel" time="0.026" /><testcase classname="tests.test_phase9c_r4_batch_b" name="test_openapi_presence" time="0.057" /></testsuite></testsuites>