<?xml version="1.0" encoding="utf-8"?><testsuites name="pytest tests"><testsuite name="pytest" errors="0" failures="0" skipped="0" tests="15" time="7.235" timestamp="2026-07-16T17:31:05.244804+00:00" hostname="agent-env-44a450b1-d91d-48d4-89a7-f56f229423cf"><testcase classname="backend.tests.test_mrf_edit_draft_iter13.TestMRFCreateWithNewFields" name="test_01_create_populates_material_make_model_priority" time="1.603" /><testcase classname="backend.tests.test_mrf_edit_draft_iter13.TestMRFEditDraft" name="test_02_se_put_own_draft_updates_qty" time="0.328" /><testcase classname="backend.tests.test_mrf_edit_draft_iter13.TestMRFEditDraft" name="test_03_se_submit_moves_to_pm_review" time="0.381" /><testcase classname="backend.tests.test_mrf_edit_draft_iter13.TestMRFEditDraft" name="test_04_put_after_submit_400" time="0.307" /><testcase classname="backend.tests.test_mrf_edit_draft_iter13.TestMRFEditDraft" name="test_05_pm_return_sets_status_returned" time="0.388" /><testcase classname="backend.tests.test_mrf_edit_draft_iter13.TestMRFEditDraft" name="test_06_se_put_returned_mrf_200" time="0.460" /><testcase classname="backend.tests.test_mrf_edit_draft_iter13.TestMRFEditDraft" name="test_07_other_se_put_403" time="0.227" /><testcase classname="backend.tests.test_mrf_edit_draft_iter13.TestMRFEditDraft" name="test_08a_admin_put_draft_200" time="0.204" /><testcase classname="backend.tests.test_mrf_edit_draft_iter13.TestMRFEditDraft" name="test_08b_admin_put_after_submit_400" time="0.348" /><testcase classname="backend.tests.test_mrf_edit_draft_iter13.TestMRFEditDraft" name="test_09_admin_change_project_updates_customer_snapshot" time="0.472" /><testcase classname="backend.tests.test_mrf_edit_draft_iter13.TestMRFEditDraft" name="test_10_items_preserve_existing_line_ids" time="0.212" /><testcase classname="backend.tests.test_mrf_edit_draft_iter13.TestMRFEditDraft" name="test_11_empty_body_400" time="0.254" /><testcase classname="backend.tests.test_mrf_edit_draft_iter13.TestMRFEditDraft" name="test_12_pm_not_creator_put_draft_403" time="0.237" /><testcase classname="backend.tests.test_mrf_edit_draft_iter13.TestMRFEditDraft" name="test_13_updated_at_refreshes" time="1.374" /><testcase classname="backend.tests.test_mrf_edit_draft_iter13.TestMRFEditDraft" name="test_14_audit_log_edit_draft_recorded" time="0.351" /></testsuite></testsuites>