<?xml version="1.0" encoding="utf-8"?><testsuites name="pytest tests"><testsuite name="pytest" errors="0" failures="1" skipped="0" tests="28" time="0.453" timestamp="2026-07-16T10:48:56.579837+00:00" hostname="agent-env-44a450b1-d91d-48d4-89a7-f56f229423cf"><testcase classname="tests.test_phase1_role_reshuffle.TestNewRoles" name="test_director_dev_login_and_me" time="0.008" /><testcase classname="tests.test_phase1_role_reshuffle.TestNewRoles" name="test_gm_dev_login_and_me" time="0.005" /><testcase classname="tests.test_phase1_role_reshuffle.TestNewRoles" name="test_invalid_role_rejected" time="0.001" /><testcase classname="tests.test_phase1_role_reshuffle.TestLegacyMigration" name="test_site_engineer_migrates_to_pm" time="0.082" /><testcase classname="tests.test_phase1_role_reshuffle.TestLegacyMigration" name="test_project_manager_migrates_to_pm" time="0.004" /><testcase classname="tests.test_phase1_role_reshuffle.TestLegacyMigration" name="test_billing_migrates_to_purchase" time="0.004" /><testcase classname="tests.test_phase1_role_reshuffle.TestUsersEmailVisibility" name="test_admin_sees_emails" time="0.029" /><testcase classname="tests.test_phase1_role_reshuffle.TestUsersEmailVisibility" name="test_non_admin_gets_empty_emails[pm]" time="0.003" /><testcase classname="tests.test_phase1_role_reshuffle.TestUsersEmailVisibility" name="test_non_admin_gets_empty_emails[gm]" time="0.003" /><testcase classname="tests.test_phase1_role_reshuffle.TestUsersEmailVisibility" name="test_non_admin_gets_empty_emails[purchase]" time="0.003" /><testcase classname="tests.test_phase1_role_reshuffle.TestUsersEmailVisibility" name="test_non_admin_gets_empty_emails[director]" time="0.003" /><testcase classname="tests.test_phase1_role_reshuffle.TestAuditAdminOnly" name="test_admin_can_access" time="0.014" /><testcase classname="tests.test_phase1_role_reshuffle.TestAuditAdminOnly" name="test_others_forbidden[director]" time="0.003" /><testcase classname="tests.test_phase1_role_reshuffle.TestAuditAdminOnly" name="test_others_forbidden[pm]" time="0.002" /><testcase classname="tests.test_phase1_role_reshuffle.TestAuditAdminOnly" name="test_others_forbidden[gm]" time="0.003" /><testcase classname="tests.test_phase1_role_reshuffle.TestAuditAdminOnly" name="test_others_forbidden[purchase]" time="0.002" /><testcase classname="tests.test_phase1_role_reshuffle.TestSeededPMOnProjects" name="test_pm_user_in_project_managers" time="0.005" /><testcase classname="tests.test_phase1_role_reshuffle.TestMRFApprove" name="test_pm_assigned_can_approve" time="0.024" /><testcase classname="tests.test_phase1_role_reshuffle.TestMRFApprove" name="test_pm_not_on_project_forbidden" time="0.010" /><testcase classname="tests.test_phase1_role_reshuffle.TestMRFApprove" name="test_gm_can_approve_any" time="0.007" /><testcase classname="tests.test_phase1_role_reshuffle.TestMRFApprove" name="test_director_can_approve_any" time="0.007" /><testcase classname="tests.test_phase1_role_reshuffle.TestMRFApprove" name="test_admin_can_approve" time="0.007" /><testcase classname="tests.test_phase1_role_reshuffle.TestMRFApprove" name="test_purchase_forbidden" time="0.005" /><testcase classname="tests.test_phase1_role_reshuffle.TestPOReceived" name="test_pm_forbidden" time="0.025" /><testcase classname="tests.test_phase1_role_reshuffle.TestPOReceived" name="test_gm_forbidden" time="0.002" /><testcase classname="tests.test_phase1_role_reshuffle.TestPOReceived" name="test_director_allowed_or_flag" time="0.002"><failure message="AssertionError: SPEC EXPECTS director allowed on /po/received but got 403: {&quot;detail&quot;:&quot;Only purchase/billing/admin can record receipt&quot;}&#10;assert 403 == 200&#10; +  where 403 = &lt;Response [403]&gt;.status_code">tests/test_phase1_role_reshuffle.py:342: in test_director_allowed_or_flag
    assert r.status_code == 200, (
E   AssertionError: SPEC EXPECTS director allowed on /po/received but got 403: {"detail":"Only purchase/billing/admin can record receipt"}
E   assert 403 == 200
E    +  where 403 = &lt;Response [403]&gt;.status_code</failure></testcase><testcase classname="tests.test_phase1_role_reshuffle.TestPOReceived" name="test_purchase_allowed" time="0.031" /><testcase classname="tests.test_phase1_role_reshuffle.TestPOReceived" name="test_admin_allowed" time="0.011" /></testsuite></testsuites>