<?xml version="1.0" encoding="utf-8"?><testsuites name="pytest tests"><testsuite name="pytest" errors="0" failures="0" skipped="0" tests="21" time="1.543" timestamp="2026-07-17T03:28:47.288608+00:00" hostname="agent-env-44a450b1-d91d-48d4-89a7-f56f229423cf"><testcase classname="backend.tests.test_phase9c_refactor.TestNotifications" name="test_list_notifications_any_user" time="0.067" /><testcase classname="backend.tests.test_phase9c_refactor.TestNotifications" name="test_notification_read_idempotent" time="0.086" /><testcase classname="backend.tests.test_phase9c_refactor.TestReports" name="test_dashboard_shape" time="0.064" /><testcase classname="backend.tests.test_phase9c_refactor.TestReports" name="test_mrf_ageing_shape" time="0.052" /><testcase classname="backend.tests.test_phase9c_refactor.TestReports" name="test_grn_variance_shape" time="0.006" /><testcase classname="backend.tests.test_phase9c_refactor.TestSettingsGet" name="test_get_thresholds_any_role" time="0.054" /><testcase classname="backend.tests.test_phase9c_refactor.TestSettingsPut" name="test_forbidden_roles" time="0.048" /><testcase classname="backend.tests.test_phase9c_refactor.TestSettingsPut" name="test_missing_keys" time="0.086" /><testcase classname="backend.tests.test_phase9c_refactor.TestSettingsPut" name="test_non_numeric" time="0.003" /><testcase classname="backend.tests.test_phase9c_refactor.TestSettingsPut" name="test_negative" time="0.043" /><testcase classname="backend.tests.test_phase9c_refactor.TestSettingsPut" name="test_director_lt_gm" time="0.043" /><testcase classname="backend.tests.test_phase9c_refactor.TestSettingsPut" name="test_valid_update_audits" time="0.407" /><testcase classname="backend.tests.test_phase9c_refactor.TestAuditRBAC" name="test_facets_management" time="0.060" /><testcase classname="backend.tests.test_phase9c_refactor.TestAuditRBAC" name="test_facets_forbidden" time="0.004" /><testcase classname="backend.tests.test_phase9c_refactor.TestAuditRBAC" name="test_full_feed_management" time="0.059" /><testcase classname="backend.tests.test_phase9c_refactor.TestAuditRBAC" name="test_scoped_feed_site_engineer" time="0.003" /><testcase classname="backend.tests.test_phase9c_refactor.TestAuditRBAC" name="test_scoped_feed_store" time="0.004" /><testcase classname="backend.tests.test_phase9c_refactor.TestAuditRBAC" name="test_entity_scoped_forbidden_mrf" time="0.043" /><testcase classname="backend.tests.test_phase9c_refactor.TestP2Smoke" name="test_seed_idempotent" time="0.085" /><testcase classname="backend.tests.test_phase9c_refactor.TestP2Smoke" name="test_spot_check_endpoints" time="0.193" /><testcase classname="backend.tests.test_phase9c_refactor.TestOpenAPI" name="test_openapi_contains_extracted_paths" time="0.059" /></testsuite></testsuites>