<?xml version="1.0" encoding="utf-8"?><testsuites name="pytest tests"><testsuite name="pytest" errors="0" failures="3" skipped="0" tests="43" time="1.011" timestamp="2026-07-16T10:53:45.562395+00:00" hostname="agent-env-44a450b1-d91d-48d4-89a7-f56f229423cf"><testcase classname="tests.test_phase1_followup.TestPOReceivedRoles" name="test_director_200" time="0.046" /><testcase classname="tests.test_phase1_followup.TestPOReceivedRoles" name="test_purchase_200" time="0.003" /><testcase classname="tests.test_phase1_followup.TestPOReceivedRoles" name="test_admin_200" time="0.003" /><testcase classname="tests.test_phase1_followup.TestPOReceivedRoles" name="test_pm_403" time="0.002" /><testcase classname="tests.test_phase1_followup.TestPOReceivedRoles" name="test_gm_403" time="0.002" /><testcase classname="tests.test_phase1_followup.TestSubmitMRFNotifiesPM" name="test_pm_receives_notification_after_submit" time="0.518" /><testcase classname="tests.test_phase1_followup.TestDirectorAccessOnDedupedGates" name="test_director_can_create_po" time="0.012"><failure message="AssertionError: director /po create expected 200, got 403: {&quot;detail&quot;:&quot;Only purchase/admin&quot;}&#10;assert 403 == 200&#10; +  where 403 = &lt;Response [403]&gt;.status_code">tests/test_phase1_followup.py:203: in test_director_can_create_po
    assert rpo.status_code == 200, (
E   AssertionError: director /po create expected 200, got 403: {"detail":"Only purchase/admin"}
E   assert 403 == 200
E    +  where 403 = &lt;Response [403]&gt;.status_code</failure></testcase><testcase classname="tests.test_phase1_followup.TestDirectorAccessOnDedupedGates" name="test_director_can_download_po_pdf" time="0.023"><failure message="AssertionError: director /po/{id}/pdf expected 200, got 403: {&quot;detail&quot;:&quot;Not allowed&quot;}&#10;assert 403 == 200&#10; +  where 403 = &lt;Response [403]&gt;.status_code">tests/test_phase1_followup.py:210: in test_director_can_download_po_pdf
    assert r.status_code == 200, (
E   AssertionError: director /po/{id}/pdf expected 200, got 403: {"detail":"Not allowed"}
E   assert 403 == 200
E    +  where 403 = &lt;Response [403]&gt;.status_code</failure></testcase><testcase classname="tests.test_phase1_followup.TestDirectorAccessOnDedupedGates" name="test_director_can_create_invoice" time="0.004" /><testcase classname="tests.test_phase1_followup.TestDirectorAccessOnDedupedGates" name="test_director_can_download_invoice_pdf" time="0.017" /><testcase classname="tests.test_phase1_followup.TestDirectorAccessOnDedupedGates" name="test_director_can_list_billing_items" time="0.003"><failure message="AssertionError: director /billing/items expected 200, got 403: {&quot;detail&quot;:&quot;Only billing/purchase/admin&quot;}&#10;assert 403 == 200&#10; +  where 403 = &lt;Response [403]&gt;.status_code">tests/test_phase1_followup.py:246: in test_director_can_list_billing_items
    assert r.status_code == 200, (
E   AssertionError: director /billing/items expected 200, got 403: {"detail":"Only billing/purchase/admin"}
E   assert 403 == 200
E    +  where 403 = &lt;Response [403]&gt;.status_code</failure></testcase><testcase classname="tests.test_phase1_followup.TestUnrelatedPMNoElevation" name="test_fresh_pm_cannot_create_po" time="0.014" /><testcase classname="tests.test_phase1_followup.TestUnrelatedPMNoElevation" name="test_fresh_pm_cannot_access_billing_items" time="0.002" /><testcase classname="tests.test_phase1_followup.TestUnrelatedPMNoElevation" name="test_fresh_pm_cannot_access_invoices" time="0.002" /><testcase classname="tests.test_phase1_followup.TestUnrelatedPMNoElevation" name="test_fresh_pm_cannot_receive_po" time="0.008" /><testcase classname="tests.test_phase1_role_reshuffle.TestNewRoles" name="test_director_dev_login_and_me" time="0.005" /><testcase classname="tests.test_phase1_role_reshuffle.TestNewRoles" name="test_gm_dev_login_and_me" time="0.004" /><testcase classname="tests.test_phase1_role_reshuffle.TestNewRoles" name="test_invalid_role_rejected" time="0.001" /><testcase classname="tests.test_phase1_role_reshuffle.TestLegacyMigration" name="test_site_engineer_migrates_to_pm" time="0.074" /><testcase classname="tests.test_phase1_role_reshuffle.TestLegacyMigration" name="test_project_manager_migrates_to_pm" time="0.004" /><testcase classname="tests.test_phase1_role_reshuffle.TestLegacyMigration" name="test_billing_migrates_to_purchase" time="0.004" /><testcase classname="tests.test_phase1_role_reshuffle.TestUsersEmailVisibility" name="test_admin_sees_emails" time="0.027" /><testcase classname="tests.test_phase1_role_reshuffle.TestUsersEmailVisibility" name="test_non_admin_gets_empty_emails[pm]" time="0.002" /><testcase classname="tests.test_phase1_role_reshuffle.TestUsersEmailVisibility" name="test_non_admin_gets_empty_emails[gm]" time="0.002" /><testcase classname="tests.test_phase1_role_reshuffle.TestUsersEmailVisibility" name="test_non_admin_gets_empty_emails[purchase]" time="0.002" /><testcase classname="tests.test_phase1_role_reshuffle.TestUsersEmailVisibility" name="test_non_admin_gets_empty_emails[director]" time="0.002" /><testcase classname="tests.test_phase1_role_reshuffle.TestAuditAdminOnly" name="test_admin_can_access" time="0.009" /><testcase classname="tests.test_phase1_role_reshuffle.TestAuditAdminOnly" name="test_others_forbidden[director]" time="0.002" /><testcase classname="tests.test_phase1_role_reshuffle.TestAuditAdminOnly" name="test_others_forbidden[pm]" time="0.002" /><testcase classname="tests.test_phase1_role_reshuffle.TestAuditAdminOnly" name="test_others_forbidden[gm]" time="0.002" /><testcase classname="tests.test_phase1_role_reshuffle.TestAuditAdminOnly" name="test_others_forbidden[purchase]" time="0.002" /><testcase classname="tests.test_phase1_role_reshuffle.TestSeededPMOnProjects" name="test_pm_user_in_project_managers" time="0.004" /><testcase classname="tests.test_phase1_role_reshuffle.TestMRFApprove" name="test_pm_assigned_can_approve" time="0.009" /><testcase classname="tests.test_phase1_role_reshuffle.TestMRFApprove" name="test_pm_not_on_project_forbidden" time="0.008" /><testcase classname="tests.test_phase1_role_reshuffle.TestMRFApprove" name="test_gm_can_approve_any" time="0.006" /><testcase classname="tests.test_phase1_role_reshuffle.TestMRFApprove" name="test_director_can_approve_any" time="0.006" /><testcase classname="tests.test_phase1_role_reshuffle.TestMRFApprove" name="test_admin_can_approve" time="0.006" /><testcase classname="tests.test_phase1_role_reshuffle.TestMRFApprove" name="test_purchase_forbidden" time="0.005" /><testcase classname="tests.test_phase1_role_reshuffle.TestPOReceived" name="test_pm_forbidden" time="0.016" /><testcase classname="tests.test_phase1_role_reshuffle.TestPOReceived" name="test_gm_forbidden" time="0.002" /><testcase classname="tests.test_phase1_role_reshuffle.TestPOReceived" name="test_director_allowed_or_flag" time="0.004" /><testcase classname="tests.test_phase1_role_reshuffle.TestPOReceived" name="test_purchase_allowed" time="0.027" /><testcase classname="tests.test_phase1_role_reshuffle.TestPOReceived" name="test_admin_allowed" time="0.011" /></testsuite></testsuites>