<?xml version="1.0" encoding="utf-8"?><testsuites name="pytest tests"><testsuite name="pytest" errors="0" failures="1" skipped="1" tests="36" time="9.011" timestamp="2026-07-16T19:08:57.328445+00:00" hostname="agent-env-44a450b1-d91d-48d4-89a7-f56f229423cf"><testcase classname="tests.test_phase5_exports.TestPOPDF" name="test_po_pdf_returns_pdf_bytes" time="0.665" /><testcase classname="tests.test_phase5_exports.TestPOPDF" name="test_po_pdf_force_bypass_when_validation_fails" time="0.145" /><testcase classname="tests.test_phase5_exports.TestPOExportDispatcher" name="test_dispatcher_pdf" time="0.154" /><testcase classname="tests.test_phase5_exports.TestPOExportDispatcher" name="test_dispatcher_excel_headers_and_content" time="0.133" /><testcase classname="tests.test_phase5_exports.TestPOExportDispatcher" name="test_dispatcher_tally_missing_hsn_returns_422" time="0.122" /><testcase classname="tests.test_phase5_exports.TestPOExportDispatcher" name="test_dispatcher_tally_force_bypasses_validation" time="0.138" /><testcase classname="tests.test_phase5_exports.TestPOExportDispatcher" name="test_forced_tally_writes_audit_with_forced_true" time="0.867" /><testcase classname="tests.test_phase5_exports.TestPOExportDispatcher" name="test_invalid_format" time="0.131" /><testcase classname="tests.test_phase5_exports.TestMRFExport" name="test_mrf_pdf" time="0.252" /><testcase classname="tests.test_phase5_exports.TestMRFExport" name="test_mrf_export_pdf_dispatcher" time="0.140" /><testcase classname="tests.test_phase5_exports.TestMRFExport" name="test_mrf_export_excel_dispatcher" time="0.165" /><testcase classname="tests.test_phase5_exports.TestMRFExport" name="test_mrf_export_tally_rejected" time="0.101" /><testcase classname="tests.test_phase5_exports.TestBulkExports" name="test_bulk_mrf_purchase" time="0.181" /><testcase classname="tests.test_phase5_exports.TestBulkExports" name="test_bulk_mrf_allowed_roles[pm]" time="0.267" /><testcase classname="tests.test_phase5_exports.TestBulkExports" name="test_bulk_mrf_allowed_roles[gm]" time="0.292" /><testcase classname="tests.test_phase5_exports.TestBulkExports" name="test_bulk_mrf_allowed_roles[director]" time="0.128" /><testcase classname="tests.test_phase5_exports.TestBulkExports" name="test_bulk_mrf_allowed_roles[admin]" time="0.131" /><testcase classname="tests.test_phase5_exports.TestBulkExports" name="test_bulk_mrf_denied_site_engineer" time="0.248" /><testcase classname="tests.test_phase5_exports.TestBulkExports" name="test_bulk_po_denied_site_engineer" time="0.122" /><testcase classname="tests.test_phase5_exports.TestBulkExports" name="test_bulk_po_allowed_roles[purchase]" time="0.130" /><testcase classname="tests.test_phase5_exports.TestBulkExports" name="test_bulk_po_allowed_roles[gm]" time="0.122" /><testcase classname="tests.test_phase5_exports.TestBulkExports" name="test_bulk_po_allowed_roles[director]" time="0.143" /><testcase classname="tests.test_phase5_exports.TestBulkExports" name="test_bulk_po_allowed_roles[admin]" time="0.146" /><testcase classname="tests.test_phase5_exports.TestBulkExports" name="test_bulk_po_pm_role" time="0.128"><failure message="AssertionError: Spec says pm should be allowed but got 403: {&quot;detail&quot;:&quot;Not allowed&quot;}&#10;assert 403 == 200&#10; +  where 403 = &lt;Response [403]&gt;.status_code">tests/test_phase5_exports.py:223: in test_bulk_po_pm_role
    assert r.status_code == 200, (
E   AssertionError: Spec says pm should be allowed but got 403: {"detail":"Not allowed"}
E   assert 403 == 200
E    +  where 403 = &lt;Response [403]&gt;.status_code</failure></testcase><testcase classname="tests.test_phase5_exports.TestBulkExports" name="test_bulk_tally_denied_site_engineer" time="0.140" /><testcase classname="tests.test_phase5_exports.TestBulkExports" name="test_bulk_tally_denied_pm" time="0.120" /><testcase classname="tests.test_phase5_exports.TestBulkExports" name="test_bulk_tally_allowed_roles[purchase]" time="0.119" /><testcase classname="tests.test_phase5_exports.TestBulkExports" name="test_bulk_tally_allowed_roles[director]" time="0.139" /><testcase classname="tests.test_phase5_exports.TestBulkExports" name="test_bulk_tally_allowed_roles[admin]" time="0.122" /><testcase classname="tests.test_phase5_exports.TestAuditLogging" name="test_successful_export_increments_audit_count" time="0.934" /><testcase classname="tests.test_phase5_exports.TestAuditLogging" name="test_export_action_has_correct_shape" time="0.765" /><testcase classname="tests.test_phase5_exports.TestValidationContent" name="test_missing_customer_id_and_name" time="0.113"><skipped type="pytest.skip" message="No PO with missing customer_id present in seed data">/app/backend/tests/test_phase5_exports.py:292: No PO with missing customer_id present in seed data</skipped></testcase><testcase classname="tests.test_phase5_exports.TestValidationContent" name="test_hsn_only_mandatory_for_tally" time="0.254" /><testcase classname="tests.test_phase5_exports.TestRegression" name="test_seed_idempotent" time="0.351" /><testcase classname="tests.test_phase5_exports.TestRegression" name="test_grn_pdf_regression" time="0.512" /><testcase classname="tests.test_phase5_exports.TestRegression" name="test_materials_default_returns_approved_only" time="0.161" /></testsuite></testsuites>