<?xml version="1.0" encoding="utf-8"?><testsuites name="pytest tests"><testsuite name="pytest" errors="0" failures="0" skipped="0" tests="45" time="2.781" timestamp="2026-07-17T03:52:31.820845+00:00" hostname="agent-env-44a450b1-d91d-48d4-89a7-f56f229423cf"><testcase classname="tests.test_phase9c_r3_masters_customers.TestMaterialsList" name="test_default_returns_approved_only" time="0.051" /><testcase classname="tests.test_phase9c_r3_masters_customers.TestMaterialsList" name="test_status_all" time="0.044" /><testcase classname="tests.test_phase9c_r3_masters_customers.TestMaterialsList" name="test_status_pending_filter" time="0.043" /><testcase classname="tests.test_phase9c_r3_masters_customers.TestMaterialsList" name="test_q_free_text" time="0.045" /><testcase classname="tests.test_phase9c_r3_masters_customers.TestMaterialsList" name="test_counts_shape" time="0.044" /><testcase classname="tests.test_phase9c_r3_masters_customers.TestMaterialsCreateRBAC" name="test_forbidden_roles" time="0.008" /><testcase classname="tests.test_phase9c_r3_masters_customers.TestMaterialsCreateRBAC" name="test_empty_description_400" time="0.002" /><testcase classname="tests.test_phase9c_r3_masters_customers.TestMaterialsCreateRBAC" name="test_word_limit_exceeded_400" time="0.042" /><testcase classname="tests.test_phase9c_r3_masters_customers.TestMaterialsCreateRBAC" name="test_purchase_creates_pending_pm" time="0.044" /><testcase classname="tests.test_phase9c_r3_masters_customers.TestMaterialsCreateRBAC" name="test_duplicate_description_400" time="0.087" /><testcase classname="tests.test_phase9c_r3_masters_customers.TestMaterialsCreateRBAC" name="test_admin_creates_approved" time="0.004" /><testcase classname="tests.test_phase9c_r3_masters_customers.TestMaterialsUpdate" name="test_missing_reason_400" time="0.087" /><testcase classname="tests.test_phase9c_r3_masters_customers.TestMaterialsUpdate" name="test_purchase_edit_approved_flips_to_gm" time="0.047" /><testcase classname="tests.test_phase9c_r3_masters_customers.TestMaterialsUpdate" name="test_admin_edit_stays_approved" time="0.087" /><testcase classname="tests.test_phase9c_r3_masters_customers.TestMaterialsUpdate" name="test_dedup_on_rename" time="0.131" /><testcase classname="tests.test_phase9c_r3_masters_customers.TestMaterialsAction" name="test_pm_approve" time="0.007" /><testcase classname="tests.test_phase9c_r3_masters_customers.TestMaterialsAction" name="test_forbidden_roles" time="0.087" /><testcase classname="tests.test_phase9c_r3_masters_customers.TestMaterialsAction" name="test_wrong_status_400" time="0.005" /><testcase classname="tests.test_phase9c_r3_masters_customers.TestMaterialsGMApprove" name="test_gm_only" time="0.136" /><testcase classname="tests.test_phase9c_r3_masters_customers.TestMaterialsGMApprove" name="test_wrong_status_400" time="0.045" /><testcase classname="tests.test_phase9c_r3_masters_customers.TestMaterialsBulk" name="test_bulk_action_pm" time="0.099" /><testcase classname="tests.test_phase9c_r3_masters_customers.TestMaterialsImport" name="test_template_download" time="0.051" /><testcase classname="tests.test_phase9c_r3_masters_customers.TestMaterialsImport" name="test_template_token_query" time="0.009" /><testcase classname="tests.test_phase9c_r3_masters_customers.TestMaterialsImport" name="test_import_rows_mixed" time="0.048" /><testcase classname="tests.test_phase9c_r3_masters_customers.TestVariants" name="test_dup_variant_returns_same" time="0.090" /><testcase classname="tests.test_phase9c_r3_masters_customers.TestVariants" name="test_list" time="0.003" /><testcase classname="tests.test_phase9c_r3_masters_customers.TestMasterAuditRBAC" name="test_admin_ok" time="0.013" /><testcase classname="tests.test_phase9c_r3_masters_customers.TestMasterAuditRBAC" name="test_others_forbidden" time="0.049" /><testcase classname="tests.test_phase9c_r3_masters_customers.TestSystems" name="test_returns_list" time="0.002" /><testcase classname="tests.test_phase9c_r3_masters_customers.TestGenericMasters" name="test_list_grouped" time="0.043" /><testcase classname="tests.test_phase9c_r3_masters_customers.TestGenericMasters" name="test_create_forbidden_for_purchase" time="0.002" /><testcase classname="tests.test_phase9c_r3_masters_customers.TestGenericMasters" name="test_create_update_soft_delete" time="0.174" /><testcase classname="tests.test_phase9c_r3_masters_customers.TestGenericMasters" name="test_update_needs_reason" time="0.086" /><testcase classname="tests.test_phase9c_r3_masters_customers.TestCustomersList" name="test_list_default_active_only_with_po_count" time="0.051" /><testcase classname="tests.test_phase9c_r3_masters_customers.TestCustomersList" name="test_include_inactive" time="0.051" /><testcase classname="tests.test_phase9c_r3_masters_customers.TestCustomersCRUD" name="test_create_forbidden" time="0.005" /><testcase classname="tests.test_phase9c_r3_masters_customers.TestCustomersCRUD" name="test_create_and_get" time="0.172" /><testcase classname="tests.test_phase9c_r3_masters_customers.TestCustomersCRUD" name="test_update_needs_reason" time="0.043" /><testcase classname="tests.test_phase9c_r3_masters_customers.TestCustomersCRUD" name="test_add_customer_po_and_redact" time="0.131" /><testcase classname="tests.test_phase9c_r3_masters_customers.TestCustomersCRUD" name="test_update_customer_po_audit_redacts" time="0.045" /><testcase classname="tests.test_phase9c_r3_masters_customers.TestCustomersCRUD" name="test_attachment_404" time="0.043" /><testcase classname="tests.test_phase9c_r3_masters_customers.TestCustomersCRUD" name="test_cascade_rename" time="0.131" /><testcase classname="tests.test_phase9c_r3_masters_customers.TestCustomersCRUD" name="test_soft_delete" time="0.148" /><testcase classname="tests.test_phase9c_r3_masters_customers.TestCrossRouterMRF" name="test_mrf_resolves_material_from_masters_router" time="0.089" /><testcase classname="tests.test_phase9c_r3_masters_customers.TestOpenAPI" name="test_all_extracted_paths_present" time="0.058" /></testsuite></testsuites>