<?xml version="1.0" encoding="utf-8"?><testsuites name="pytest tests"><testsuite name="pytest" errors="0" failures="0" skipped="0" tests="30" time="7.017" timestamp="2026-07-16T18:40:15.449429+00:00" hostname="agent-env-44a450b1-d91d-48d4-89a7-f56f229423cf"><testcase classname="backend.tests.test_phase4_materials_iter16.TestMigration" name="test_01_seed_idempotent_material_count" time="1.711" /><testcase classname="backend.tests.test_phase4_materials_iter16.TestMigration" name="test_02_materials_have_uid_and_approved_status" time="0.116" /><testcase classname="backend.tests.test_phase4_materials_iter16.TestCreateMaterial" name="test_03_purchase_create_pending" time="0.105" /><testcase classname="backend.tests.test_phase4_materials_iter16.TestCreateMaterial" name="test_04_admin_create_bypass_approved" time="0.171" /><testcase classname="backend.tests.test_phase4_materials_iter16.TestCreateMaterial" name="test_05_site_engineer_forbidden" time="0.140" /><testcase classname="backend.tests.test_phase4_materials_iter16.TestCreateMaterial" name="test_06_duplicate_description_case_insensitive" time="0.154" /><testcase classname="backend.tests.test_phase4_materials_iter16.TestCreateMaterial" name="test_07_word_limit_exceeded" time="0.200" /><testcase classname="backend.tests.test_phase4_materials_iter16.TestPMReview" name="test_08_pm_approve_pending" time="0.263" /><testcase classname="backend.tests.test_phase4_materials_iter16.TestPMReview" name="test_09_pm_action_on_approved_400" time="0.127" /><testcase classname="backend.tests.test_phase4_materials_iter16.TestPMReview" name="test_10_purchase_action_forbidden" time="0.263" /><testcase classname="backend.tests.test_phase4_materials_iter16.TestPMReview" name="test_11_bulk_action_pm" time="0.556" /><testcase classname="backend.tests.test_phase4_materials_iter16.TestGMApproval" name="test_12_edit_approved_triggers_gm" time="0.141" /><testcase classname="backend.tests.test_phase4_materials_iter16.TestGMApproval" name="test_13_edit_without_reason_400" time="0.116" /><testcase classname="backend.tests.test_phase4_materials_iter16.TestGMApproval" name="test_14_gm_approve_change" time="0.148" /><testcase classname="backend.tests.test_phase4_materials_iter16.TestGMApproval" name="test_15_non_gm_gm_approve_forbidden" time="0.325" /><testcase classname="backend.tests.test_phase4_materials_iter16.TestGMApproval" name="test_16_admin_edit_immediate_commit" time="0.313" /><testcase classname="backend.tests.test_phase4_materials_iter16.TestVariants" name="test_17_create_variant" time="0.306" /><testcase classname="backend.tests.test_phase4_materials_iter16.TestVariants" name="test_18_variant_case_insensitive_idempotent" time="0.107" /><testcase classname="backend.tests.test_phase4_materials_iter16.TestVariants" name="test_19_variant_on_unapproved_400_for_purchase" time="0.226" /><testcase classname="backend.tests.test_phase4_materials_iter16.TestVariants" name="test_20_list_variants_filter" time="0.122" /><testcase classname="backend.tests.test_phase4_materials_iter16.TestBulkImport" name="test_21_bulk_import_2_unique_1_dup" time="0.240" /><testcase classname="backend.tests.test_phase4_materials_iter16.TestBulkImport" name="test_22_row_word_limit_lands_in_errors_and_needs_correction" time="0.113" /><testcase classname="backend.tests.test_phase4_materials_iter16.TestBulkImport" name="test_23_site_engineer_bulk_import_forbidden" time="0.099" /><testcase classname="backend.tests.test_phase4_materials_iter16.TestBulkImport" name="test_24_empty_rows_400" time="0.120" /><testcase classname="backend.tests.test_phase4_materials_iter16.TestBulkImport" name="test_25_template_download" time="0.138" /><testcase classname="backend.tests.test_phase4_materials_iter16.TestFilters" name="test_26_default_returns_approved" time="0.140" /><testcase classname="backend.tests.test_phase4_materials_iter16.TestFilters" name="test_27_filter_pending" time="0.111" /><testcase classname="backend.tests.test_phase4_materials_iter16.TestFilters" name="test_28_search_q_case_insensitive" time="0.127" /><testcase classname="backend.tests.test_phase4_materials_iter16.TestFilters" name="test_29_counts_dict" time="0.126" /><testcase classname="backend.tests.test_phase4_materials_iter16.TestAudit" name="test_30_master_audit_material" time="0.101" /></testsuite></testsuites>