<?xml version="1.0" encoding="utf-8"?><testsuites name="pytest tests"><testsuite name="pytest" errors="0" failures="0" skipped="0" tests="43" time="1.014" timestamp="2026-07-16T10:57:40.470320+00:00" hostname="agent-env-44a450b1-d91d-48d4-89a7-f56f229423cf"><testcase classname="backend.tests.test_phase1_followup.TestPOReceivedRoles" name="test_director_200" time="0.048" /><testcase classname="backend.tests.test_phase1_followup.TestPOReceivedRoles" name="test_purchase_200" time="0.003" /><testcase classname="backend.tests.test_phase1_followup.TestPOReceivedRoles" name="test_admin_200" time="0.003" /><testcase classname="backend.tests.test_phase1_followup.TestPOReceivedRoles" name="test_pm_403" time="0.002" /><testcase classname="backend.tests.test_phase1_followup.TestPOReceivedRoles" name="test_gm_403" time="0.002" /><testcase classname="backend.tests.test_phase1_followup.TestSubmitMRFNotifiesPM" name="test_pm_receives_notification_after_submit" time="0.512" /><testcase classname="backend.tests.test_phase1_followup.TestDirectorAccessOnDedupedGates" name="test_director_can_create_po" time="0.014" /><testcase classname="backend.tests.test_phase1_followup.TestDirectorAccessOnDedupedGates" name="test_director_can_download_po_pdf" time="0.035" /><testcase classname="backend.tests.test_phase1_followup.TestDirectorAccessOnDedupedGates" name="test_director_can_create_invoice" time="0.005" /><testcase classname="backend.tests.test_phase1_followup.TestDirectorAccessOnDedupedGates" name="test_director_can_download_invoice_pdf" time="0.011" /><testcase classname="backend.tests.test_phase1_followup.TestDirectorAccessOnDedupedGates" name="test_director_can_list_billing_items" time="0.008" /><testcase classname="backend.tests.test_phase1_followup.TestUnrelatedPMNoElevation" name="test_fresh_pm_cannot_create_po" time="0.014" /><testcase classname="backend.tests.test_phase1_followup.TestUnrelatedPMNoElevation" name="test_fresh_pm_cannot_access_billing_items" time="0.002" /><testcase classname="backend.tests.test_phase1_followup.TestUnrelatedPMNoElevation" name="test_fresh_pm_cannot_access_invoices" time="0.002" /><testcase classname="backend.tests.test_phase1_followup.TestUnrelatedPMNoElevation" name="test_fresh_pm_cannot_receive_po" time="0.009" /><testcase classname="backend.tests.test_phase1_role_reshuffle.TestNewRoles" name="test_director_dev_login_and_me" time="0.005" /><testcase classname="backend.tests.test_phase1_role_reshuffle.TestNewRoles" name="test_gm_dev_login_and_me" time="0.006" /><testcase classname="backend.tests.test_phase1_role_reshuffle.TestNewRoles" name="test_invalid_role_rejected" time="0.001" /><testcase classname="backend.tests.test_phase1_role_reshuffle.TestLegacyMigration" name="test_site_engineer_migrates_to_pm" time="0.081" /><testcase classname="backend.tests.test_phase1_role_reshuffle.TestLegacyMigration" name="test_project_manager_migrates_to_pm" time="0.004" /><testcase classname="backend.tests.test_phase1_role_reshuffle.TestLegacyMigration" name="test_billing_migrates_to_purchase" time="0.004" /><testcase classname="backend.tests.test_phase1_role_reshuffle.TestUsersEmailVisibility" name="test_admin_sees_emails" time="0.032" /><testcase classname="backend.tests.test_phase1_role_reshuffle.TestUsersEmailVisibility" name="test_non_admin_gets_empty_emails[pm]" time="0.003" /><testcase classname="backend.tests.test_phase1_role_reshuffle.TestUsersEmailVisibility" name="test_non_admin_gets_empty_emails[gm]" time="0.003" /><testcase classname="backend.tests.test_phase1_role_reshuffle.TestUsersEmailVisibility" name="test_non_admin_gets_empty_emails[purchase]" time="0.003" /><testcase classname="backend.tests.test_phase1_role_reshuffle.TestUsersEmailVisibility" name="test_non_admin_gets_empty_emails[director]" time="0.003" /><testcase classname="backend.tests.test_phase1_role_reshuffle.TestAuditAdminOnly" name="test_admin_can_access" time="0.009" /><testcase classname="backend.tests.test_phase1_role_reshuffle.TestAuditAdminOnly" name="test_others_forbidden[director]" time="0.002" /><testcase classname="backend.tests.test_phase1_role_reshuffle.TestAuditAdminOnly" name="test_others_forbidden[pm]" time="0.002" /><testcase classname="backend.tests.test_phase1_role_reshuffle.TestAuditAdminOnly" name="test_others_forbidden[gm]" time="0.002" /><testcase classname="backend.tests.test_phase1_role_reshuffle.TestAuditAdminOnly" name="test_others_forbidden[purchase]" time="0.002" /><testcase classname="backend.tests.test_phase1_role_reshuffle.TestSeededPMOnProjects" name="test_pm_user_in_project_managers" time="0.005" /><testcase classname="backend.tests.test_phase1_role_reshuffle.TestMRFApprove" name="test_pm_assigned_can_approve" time="0.010" /><testcase classname="backend.tests.test_phase1_role_reshuffle.TestMRFApprove" name="test_pm_not_on_project_forbidden" time="0.009" /><testcase classname="backend.tests.test_phase1_role_reshuffle.TestMRFApprove" name="test_gm_can_approve_any" time="0.007" /><testcase classname="backend.tests.test_phase1_role_reshuffle.TestMRFApprove" name="test_director_can_approve_any" time="0.007" /><testcase classname="backend.tests.test_phase1_role_reshuffle.TestMRFApprove" name="test_admin_can_approve" time="0.007" /><testcase classname="backend.tests.test_phase1_role_reshuffle.TestMRFApprove" name="test_purchase_forbidden" time="0.005" /><testcase classname="backend.tests.test_phase1_role_reshuffle.TestPOReceived" name="test_pm_forbidden" time="0.017" /><testcase classname="backend.tests.test_phase1_role_reshuffle.TestPOReceived" name="test_gm_forbidden" time="0.002" /><testcase classname="backend.tests.test_phase1_role_reshuffle.TestPOReceived" name="test_director_allowed_or_flag" time="0.005" /><testcase classname="backend.tests.test_phase1_role_reshuffle.TestPOReceived" name="test_purchase_allowed" time="0.031" /><testcase classname="backend.tests.test_phase1_role_reshuffle.TestPOReceived" name="test_admin_allowed" time="0.013" /></testsuite></testsuites>