<?xml version="1.0" encoding="utf-8"?><testsuites name="pytest tests"><testsuite name="pytest" errors="0" failures="1" skipped="0" tests="15" time="0.745" timestamp="2026-07-16T10:57:08.711381+00:00" hostname="agent-env-44a450b1-d91d-48d4-89a7-f56f229423cf"><testcase classname="backend.tests.test_phase1_followup.TestPOReceivedRoles" name="test_director_200" time="0.060" /><testcase classname="backend.tests.test_phase1_followup.TestPOReceivedRoles" name="test_purchase_200" time="0.004" /><testcase classname="backend.tests.test_phase1_followup.TestPOReceivedRoles" name="test_admin_200" time="0.004" /><testcase classname="backend.tests.test_phase1_followup.TestPOReceivedRoles" name="test_pm_403" time="0.003" /><testcase classname="backend.tests.test_phase1_followup.TestPOReceivedRoles" name="test_gm_403" time="0.002" /><testcase classname="backend.tests.test_phase1_followup.TestSubmitMRFNotifiesPM" name="test_pm_receives_notification_after_submit" time="0.512" /><testcase classname="backend.tests.test_phase1_followup.TestDirectorAccessOnDedupedGates" name="test_director_can_create_po" time="0.014" /><testcase classname="backend.tests.test_phase1_followup.TestDirectorAccessOnDedupedGates" name="test_director_can_download_po_pdf" time="0.031" /><testcase classname="backend.tests.test_phase1_followup.TestDirectorAccessOnDedupedGates" name="test_director_can_create_invoice" time="0.004" /><testcase classname="backend.tests.test_phase1_followup.TestDirectorAccessOnDedupedGates" name="test_director_can_download_invoice_pdf" time="0.011" /><testcase classname="backend.tests.test_phase1_followup.TestDirectorAccessOnDedupedGates" name="test_director_can_list_billing_items" time="0.003"><failure message="AssertionError: director /billing/items expected 200, got 403: {&quot;detail&quot;:&quot;Only billing/purchase/admin&quot;}&#10;assert 403 == 200&#10; +  where 403 = &lt;Response [403]&gt;.status_code">backend/tests/test_phase1_followup.py:246: in test_director_can_list_billing_items
    assert r.status_code == 200, (
E   AssertionError: director /billing/items expected 200, got 403: {"detail":"Only billing/purchase/admin"}
E   assert 403 == 200
E    +  where 403 = &lt;Response [403]&gt;.status_code</failure></testcase><testcase classname="backend.tests.test_phase1_followup.TestUnrelatedPMNoElevation" name="test_fresh_pm_cannot_create_po" time="0.015" /><testcase classname="backend.tests.test_phase1_followup.TestUnrelatedPMNoElevation" name="test_fresh_pm_cannot_access_billing_items" time="0.002" /><testcase classname="backend.tests.test_phase1_followup.TestUnrelatedPMNoElevation" name="test_fresh_pm_cannot_access_invoices" time="0.002" /><testcase classname="backend.tests.test_phase1_followup.TestUnrelatedPMNoElevation" name="test_fresh_pm_cannot_receive_po" time="0.009" /></testsuite></testsuites>