<?xml version="1.0" encoding="utf-8"?><testsuites name="pytest tests"><testsuite name="pytest" errors="0" failures="0" skipped="0" tests="25" time="7.225" timestamp="2026-07-16T17:06:27.063665+00:00" hostname="agent-env-44a450b1-d91d-48d4-89a7-f56f229423cf"><testcase classname="backend.tests.test_phase2c_backend.TestCustomerSnapshotFields" name="test_1_mrf_list_has_customer_fields" time="0.916" /><testcase classname="backend.tests.test_phase2c_backend.TestCustomerSnapshotFields" name="test_2_po_list_has_customer_fields" time="0.132" /><testcase classname="backend.tests.test_phase2c_backend.TestCreateMRFSnapshot" name="test_3_new_mrf_carries_customer_id" time="0.226" /><testcase classname="backend.tests.test_phase2c_backend.TestCreateMRFSnapshot" name="test_5_get_single_mrf_has_customer" time="0.113" /><testcase classname="backend.tests.test_phase2c_backend.TestPOSnapshot" name="test_4_new_po_carries_customer_id_and_name" time="0.702" /><testcase classname="backend.tests.test_phase2c_backend.TestTallyExport" name="test_6_admin_default_purchase" time="0.136" /><testcase classname="backend.tests.test_phase2c_backend.TestTallyExport" name="test_7_purchase_kind_invoice" time="0.119" /><testcase classname="backend.tests.test_phase2c_backend.TestTallyExport" name="test_8_bogus_kind_400" time="0.138" /><testcase classname="backend.tests.test_phase2c_backend.TestTallyExport" name="test_9_site_engineer_403" time="0.144" /><testcase classname="backend.tests.test_phase2c_backend.TestTallyExport" name="test_10_pm_403" time="0.150" /><testcase classname="backend.tests.test_phase2c_backend.TestTallyExport" name="test_11_xlsx_headers_match_spec" time="0.279" /><testcase classname="backend.tests.test_phase2c_backend.TestTallyExport" name="test_24_kind_defaults_to_purchase" time="0.258" /><testcase classname="backend.tests.test_phase2c_backend.TestPDFSmoke" name="test_12_po_pdf" time="0.118" /><testcase classname="backend.tests.test_phase2c_backend.TestPDFSmoke" name="test_13_grn_pdf" time="0.386" /><testcase classname="backend.tests.test_phase2c_backend.TestPDFSmoke" name="test_14_invoice_pdf_if_any" time="0.411" /><testcase classname="backend.tests.test_phase2c_backend.TestMRFLineEdit" name="test_15_no_reason_400" time="0.137" /><testcase classname="backend.tests.test_phase2c_backend.TestMRFLineEdit" name="test_16_admin_edit_with_reason_and_audit_mirror" time="0.246" /><testcase classname="backend.tests.test_phase2c_backend.TestMRFLineEdit" name="test_17_no_changes_400" time="0.250" /><testcase classname="backend.tests.test_phase2c_backend.TestMRFLineEdit" name="test_18_se_creator_can_edit_own" time="0.520" /><testcase classname="backend.tests.test_phase2c_backend.TestMRFLineEdit" name="test_19_se_non_creator_forbidden" time="0.116" /><testcase classname="backend.tests.test_phase2c_backend.TestMRFLineEdit" name="test_22_nonexistent_line_id_404" time="0.128" /><testcase classname="backend.tests.test_phase2c_backend.TestMRFLineEdit" name="test_23_non_numeric_qty_400" time="0.210" /><testcase classname="backend.tests.test_phase2c_backend.TestMRFLockedStatus" name="test_20_admin_can_edit_locked" time="1.027" /><testcase classname="backend.tests.test_phase2c_backend.TestMRFLockedStatus" name="test_21_se_cannot_edit_locked" time="0.104" /><testcase classname="backend.tests.test_phase2c_backend.TestMasterAuditFilter" name="test_25_master_audit_filter_by_mrf_item" time="0.161" /></testsuite></testsuites>