<?xml version="1.0" encoding="utf-8"?><testsuites name="pytest tests"><testsuite name="pytest" errors="0" failures="0" skipped="0" tests="40" time="10.614" timestamp="2026-07-16T15:49:27.694758+00:00" hostname="agent-env-44a450b1-d91d-48d4-89a7-f56f229423cf"><testcase classname="backend.tests.test_phase2_approval_chain.TestFullE2E" name="test_02_site_engineer_creates_mrf" time="2.072" /><testcase classname="backend.tests.test_phase2_approval_chain.TestFullE2E" name="test_03_site_engineer_submits_mrf" time="0.222" /><testcase classname="backend.tests.test_phase2_approval_chain.TestFullE2E" name="test_04_site_engineer_cannot_approve" time="0.151" /><testcase classname="backend.tests.test_phase2_approval_chain.TestFullE2E" name="test_05_pm_approves_mrf" time="0.194" /><testcase classname="backend.tests.test_phase2_approval_chain.TestFullE2E" name="test_06_purchase_small_po_issued" time="0.238" /><testcase classname="backend.tests.test_phase2_approval_chain.TestFullE2E" name="test_07_mid_po_pending_gm" time="0.598" /><testcase classname="backend.tests.test_phase2_approval_chain.TestFullE2E" name="test_08_grn_blocked_while_pending" time="0.103" /><testcase classname="backend.tests.test_phase2_approval_chain.TestFullE2E" name="test_09_gm_approves_mid_po" time="0.240" /><testcase classname="backend.tests.test_phase2_approval_chain.TestFullE2E" name="test_10_large_po_pending_director" time="0.432" /><testcase classname="backend.tests.test_phase2_approval_chain.TestFullE2E" name="test_11_gm_cannot_approve_director_po" time="0.134" /><testcase classname="backend.tests.test_phase2_approval_chain.TestFullE2E" name="test_12_director_approves_large_po" time="0.109" /><testcase classname="backend.tests.test_phase2_approval_chain.TestFullE2E" name="test_13_site_engineer_records_grn" time="0.128" /><testcase classname="backend.tests.test_phase2_approval_chain.TestFullE2E" name="test_14_purchase_records_grn" time="0.236" /><testcase classname="backend.tests.test_phase2_approval_chain.TestThresholds" name="test_15_site_engineer_cannot_put" time="0.117" /><testcase classname="backend.tests.test_phase2_approval_chain.TestThresholds" name="test_16_admin_put_ok" time="0.103" /><testcase classname="backend.tests.test_phase2_approval_chain.TestThresholds" name="test_17_director_put_ok" time="0.282" /><testcase classname="backend.tests.test_phase2_approval_chain.TestThresholds" name="test_18_director_less_than_gm_rejected" time="0.113" /><testcase classname="backend.tests.test_phase2_approval_chain.TestThresholds" name="test_19_any_authed_get_thresholds[site_engineer]" time="0.106" /><testcase classname="backend.tests.test_phase2_approval_chain.TestThresholds" name="test_19_any_authed_get_thresholds[pm]" time="0.103" /><testcase classname="backend.tests.test_phase2_approval_chain.TestThresholds" name="test_19_any_authed_get_thresholds[purchase]" time="0.111" /><testcase classname="backend.tests.test_phase2_approval_chain.TestThresholds" name="test_19_any_authed_get_thresholds[gm]" time="0.100" /><testcase classname="backend.tests.test_phase2_approval_chain.TestThresholds" name="test_19_any_authed_get_thresholds[director]" time="0.137" /><testcase classname="backend.tests.test_phase2_approval_chain.TestThresholds" name="test_19_any_authed_get_thresholds[admin]" time="0.118" /><testcase classname="backend.tests.test_phase2_approval_chain.TestVisibility" name="test_20_site_engineer_lists_own_mrfs_only" time="0.238" /><testcase classname="backend.tests.test_phase2_approval_chain.TestVisibility" name="test_21_pm_lists_only_managed_mrfs" time="0.401" /><testcase classname="backend.tests.test_phase2_approval_chain.TestVisibility" name="test_22_privileged_roles_see_all_mrfs[purchase]" time="0.334" /><testcase classname="backend.tests.test_phase2_approval_chain.TestVisibility" name="test_22_privileged_roles_see_all_mrfs[gm]" time="0.316" /><testcase classname="backend.tests.test_phase2_approval_chain.TestVisibility" name="test_22_privileged_roles_see_all_mrfs[director]" time="0.258" /><testcase classname="backend.tests.test_phase2_approval_chain.TestVisibility" name="test_22_privileged_roles_see_all_mrfs[admin]" time="0.274" /><testcase classname="backend.tests.test_phase2_approval_chain.TestVisibility" name="test_23_site_engineer_lists_own_pos_only" time="0.232" /><testcase classname="backend.tests.test_phase2_approval_chain.TestVisibility" name="test_24_pm_lists_pos_managed_projects_only" time="0.243" /><testcase classname="backend.tests.test_phase2_approval_chain.TestVisibility" name="test_25_privileged_roles_see_all_pos[purchase]" time="0.225" /><testcase classname="backend.tests.test_phase2_approval_chain.TestVisibility" name="test_25_privileged_roles_see_all_pos[gm]" time="0.267" /><testcase classname="backend.tests.test_phase2_approval_chain.TestVisibility" name="test_25_privileged_roles_see_all_pos[director]" time="0.256" /><testcase classname="backend.tests.test_phase2_approval_chain.TestVisibility" name="test_25_privileged_roles_see_all_pos[admin]" time="0.259" /><testcase classname="backend.tests.test_phase2_approval_chain.TestVisibility" name="test_26_site_engineer_projects_scoped" time="0.217" /><testcase classname="backend.tests.test_phase2_approval_chain.TestCrossRoleDenials" name="test_27_site_engineer_cannot_post_po" time="0.441" /><testcase classname="backend.tests.test_phase2_approval_chain.TestCrossRoleDenials" name="test_28_pm_cannot_post_po" time="0.129" /><testcase classname="backend.tests.test_phase2_approval_chain.TestCrossRoleDenials" name="test_29_purchase_cannot_approve_mrf" time="0.117" /><testcase classname="backend.tests.test_phase2_approval_chain.TestCrossRoleDenials" name="test_30_site_engineer_cannot_put_vendor" time="0.110" /></testsuite></testsuites>