<?xml version="1.0" encoding="utf-8"?><testsuites name="pytest tests"><testsuite name="pytest" errors="0" failures="0" skipped="0" tests="25" time="6.693" timestamp="2026-07-16T01:10:45.594457+00:00" hostname="agent-env-44a450b1-d91d-48d4-89a7-f56f229423cf"><testcase classname="backend.tests.test_project_team.TestProjectSeed" name="test_seed_projects_have_team_arrays" time="0.813" /><testcase classname="backend.tests.test_project_team.TestProjectSeed" name="test_seed_idempotent_no_duplicates" time="0.232" /><testcase classname="backend.tests.test_project_team.TestProjectListFilter" name="test_admin_sees_all" time="0.101" /><testcase classname="backend.tests.test_project_team.TestProjectListFilter" name="test_admin_all_1_bypass" time="0.119" /><testcase classname="backend.tests.test_project_team.TestProjectListFilter" name="test_purchase_sees_all" time="0.096" /><testcase classname="backend.tests.test_project_team.TestProjectListFilter" name="test_billing_sees_all" time="0.098" /><testcase classname="backend.tests.test_project_team.TestProjectListFilter" name="test_seeded_site_engineer_sees_assigned" time="0.108" /><testcase classname="backend.tests.test_project_team.TestProjectListFilter" name="test_seeded_pm_sees_assigned" time="0.114" /><testcase classname="backend.tests.test_project_team.TestProjectListFilter" name="test_fresh_site_engineer_sees_none" time="0.324" /><testcase classname="backend.tests.test_project_team.TestProjectListFilter" name="test_fresh_pm_sees_none" time="0.133" /><testcase classname="backend.tests.test_project_team.TestProjectTeamUpdate" name="test_non_admin_forbidden" time="0.535" /><testcase classname="backend.tests.test_project_team.TestProjectTeamUpdate" name="test_admin_updates_team_and_persists" time="0.528" /><testcase classname="backend.tests.test_project_team.TestProjectTeamUpdate" name="test_admin_404_bad_project" time="0.109" /><testcase classname="backend.tests.test_project_team.TestProjectTeamUpdate" name="test_admin_empty_body_400" time="0.204" /><testcase classname="backend.tests.test_project_team.TestMRFCreateGuard" name="test_seeded_se_can_create_on_assigned" time="0.206" /><testcase classname="backend.tests.test_project_team.TestMRFCreateGuard" name="test_fresh_se_forbidden_on_unassigned" time="0.224" /><testcase classname="backend.tests.test_project_team.TestMRFCreateGuard" name="test_fresh_se_allowed_after_assignment" time="0.334" /><testcase classname="backend.tests.test_project_team.TestMRFApproveGuard" name="test_seeded_pm_can_approve" time="0.409" /><testcase classname="backend.tests.test_project_team.TestMRFApproveGuard" name="test_fresh_pm_forbidden" time="0.401" /><testcase classname="backend.tests.test_project_team.TestMRFListPMFilter" name="test_pm_lists_only_assigned" time="0.250" /><testcase classname="backend.tests.test_project_team.TestMRFListPMFilter" name="test_fresh_pm_lists_only_assigned_projects" time="0.210" /><testcase classname="backend.tests.test_project_team.TestRegression" name="test_purchase_can_create_po_from_approved_mrf" time="0.640" /><testcase classname="backend.tests.test_project_team.TestRegression" name="test_billing_update_still_works" time="0.203" /><testcase classname="backend.tests.test_project_team.TestRegression" name="test_admin_passthrough_projects" time="0.102" /><testcase classname="backend.tests.test_project_team.TestRegression" name="test_dashboard_ok" time="0.110" /></testsuite></testsuites>