<?xml version="1.0" encoding="utf-8"?><testsuites name="pytest tests"><testsuite name="pytest" errors="0" failures="1" skipped="0" tests="27" time="0.357" timestamp="2026-07-16T03:00:11.345018+00:00" hostname="agent-env-44a450b1-d91d-48d4-89a7-f56f229423cf"><testcase classname="backend.tests.test_sec002_pdf_scoping.TestPoListScoping" name="test_full_list_for_privileged_roles[admin]" time="0.086" /><testcase classname="backend.tests.test_sec002_pdf_scoping.TestPoListScoping" name="test_full_list_for_privileged_roles[purchase]" time="0.005" /><testcase classname="backend.tests.test_sec002_pdf_scoping.TestPoListScoping" name="test_full_list_for_privileged_roles[billing]" time="0.005" /><testcase classname="backend.tests.test_sec002_pdf_scoping.TestPoListScoping" name="test_seeded_site_engineer_sees_related_po" time="0.005" /><testcase classname="backend.tests.test_sec002_pdf_scoping.TestPoListScoping" name="test_stranger_site_engineer_sees_empty_po_list" time="0.003" /><testcase classname="backend.tests.test_sec002_pdf_scoping.TestPoListScoping" name="test_se2_does_not_see_other_se_po" time="0.005"><failure message="AssertionError: {&quot;detail&quot;:&quot;You are not assigned to this project&quot;}&#10;assert 403 == 200&#10; +  where 403 = &lt;Response [403]&gt;.status_code">backend/tests/test_sec002_pdf_scoping.py:208: in test_se2_does_not_see_other_se_po
    assert r.status_code == 200, r.text
E   AssertionError: {"detail":"You are not assigned to this project"}
E   assert 403 == 200
E    +  where 403 = &lt;Response [403]&gt;.status_code</failure></testcase><testcase classname="backend.tests.test_sec002_pdf_scoping.TestPoListScoping" name="test_pm_stranger_sees_empty" time="0.003" /><testcase classname="backend.tests.test_sec002_pdf_scoping.TestPoListScoping" name="test_seeded_pm_sees_project_pos" time="0.005" /><testcase classname="backend.tests.test_sec002_pdf_scoping.TestPoPdfScoping" name="test_stranger_se_403" time="0.003" /><testcase classname="backend.tests.test_sec002_pdf_scoping.TestPoPdfScoping" name="test_creator_se_200" time="0.016" /><testcase classname="backend.tests.test_sec002_pdf_scoping.TestPoPdfScoping" name="test_pm_stranger_403" time="0.003" /><testcase classname="backend.tests.test_sec002_pdf_scoping.TestPoPdfScoping" name="test_privileged_200[admin]" time="0.011" /><testcase classname="backend.tests.test_sec002_pdf_scoping.TestPoPdfScoping" name="test_privileged_200[purchase]" time="0.011" /><testcase classname="backend.tests.test_sec002_pdf_scoping.TestPoPdfScoping" name="test_privileged_200[billing]" time="0.011" /><testcase classname="backend.tests.test_sec002_pdf_scoping.TestGrnPdfScoping" name="test_stranger_se_403" time="0.003" /><testcase classname="backend.tests.test_sec002_pdf_scoping.TestGrnPdfScoping" name="test_creator_se_200" time="0.012" /><testcase classname="backend.tests.test_sec002_pdf_scoping.TestGrnPdfScoping" name="test_pm_stranger_403" time="0.003" /><testcase classname="backend.tests.test_sec002_pdf_scoping.TestGrnPdfScoping" name="test_privileged_200[admin]" time="0.011" /><testcase classname="backend.tests.test_sec002_pdf_scoping.TestGrnPdfScoping" name="test_privileged_200[purchase]" time="0.012" /><testcase classname="backend.tests.test_sec002_pdf_scoping.TestGrnPdfScoping" name="test_privileged_200[billing]" time="0.011" /><testcase classname="backend.tests.test_sec002_pdf_scoping.TestInvoicePdfScoping" name="test_restricted_roles_403[site_engineer]" time="0.002" /><testcase classname="backend.tests.test_sec002_pdf_scoping.TestInvoicePdfScoping" name="test_restricted_roles_403[project_manager]" time="0.002" /><testcase classname="backend.tests.test_sec002_pdf_scoping.TestInvoicePdfScoping" name="test_restricted_roles_403[stranger]" time="0.002" /><testcase classname="backend.tests.test_sec002_pdf_scoping.TestInvoicePdfScoping" name="test_restricted_roles_403[pm_stranger]" time="0.002" /><testcase classname="backend.tests.test_sec002_pdf_scoping.TestInvoicePdfScoping" name="test_privileged_200[purchase]" time="0.010" /><testcase classname="backend.tests.test_sec002_pdf_scoping.TestInvoicePdfScoping" name="test_privileged_200[billing]" time="0.011" /><testcase classname="backend.tests.test_sec002_pdf_scoping.TestInvoicePdfScoping" name="test_privileged_200[admin]" time="0.010" /></testsuite></testsuites>