<?xml version="1.0" encoding="utf-8"?><testsuites name="pytest tests"><testsuite name="pytest" errors="165" failures="1" skipped="0" tests="221" time="3.782" timestamp="2026-07-16T10:58:44.815528+00:00" hostname="agent-env-44a450b1-d91d-48d4-89a7-f56f229423cf"><testcase classname="backend.tests.test_grn_and_import.TestGRNCreation" name="test_partial_receive_returns_grn_ids" time="0.471"><error message="failed on setup with &quot;AssertionError: {&quot;detail&quot;:&quot;invalid role&quot;}&#10;assert 400 == 200&#10; +  where 400 = &lt;Response [400]&gt;.status_code&quot;">E   AssertionError: {"detail":"invalid role"}
    assert 400 == 200
     +  where 400 = &lt;Response [400]&gt;.status_code</error></testcase><testcase classname="backend.tests.test_grn_and_import.TestGRNCreation" name="test_receipts_array_populated_on_po_items" time="0.000"><error message="failed on setup with &quot;AssertionError: {&quot;detail&quot;:&quot;invalid role&quot;}&#10;assert 400 == 200&#10; +  where 400 = &lt;Response [400]&gt;.status_code&quot;">E   AssertionError: {"detail":"invalid role"}
    assert 400 == 200
     +  where 400 = &lt;Response [400]&gt;.status_code</error></testcase><testcase classname="backend.tests.test_grn_and_import.TestGRNCreation" name="test_second_partial_receipt_creates_second_grn" time="0.000"><error message="failed on setup with &quot;AssertionError: {&quot;detail&quot;:&quot;invalid role&quot;}&#10;assert 400 == 200&#10; +  where 400 = &lt;Response [400]&gt;.status_code&quot;">E   AssertionError: {"detail":"invalid role"}
    assert 400 == 200
     +  where 400 = &lt;Response [400]&gt;.status_code</error></testcase><testcase classname="backend.tests.test_grn_and_import.TestGRNCreation" name="test_over_receive_is_clamped_and_no_grn" time="0.000"><error message="failed on setup with &quot;AssertionError: {&quot;detail&quot;:&quot;invalid role&quot;}&#10;assert 400 == 200&#10; +  where 400 = &lt;Response [400]&gt;.status_code&quot;">E   AssertionError: {"detail":"invalid role"}
    assert 400 == 200
     +  where 400 = &lt;Response [400]&gt;.status_code</error></testcase><testcase classname="backend.tests.test_grn_and_import.TestGRNList" name="test_list_grns_for_po" time="0.000"><error message="failed on setup with &quot;AssertionError: {&quot;detail&quot;:&quot;invalid role&quot;}&#10;assert 400 == 200&#10; +  where 400 = &lt;Response [400]&gt;.status_code&quot;">E   AssertionError: {"detail":"invalid role"}
    assert 400 == 200
     +  where 400 = &lt;Response [400]&gt;.status_code</error></testcase><testcase classname="backend.tests.test_grn_and_import.TestGRNList" name="test_list_all_grns" time="0.000"><error message="failed on setup with &quot;AssertionError: {&quot;detail&quot;:&quot;invalid role&quot;}&#10;assert 400 == 200&#10; +  where 400 = &lt;Response [400]&gt;.status_code&quot;">E   AssertionError: {"detail":"invalid role"}
    assert 400 == 200
     +  where 400 = &lt;Response [400]&gt;.status_code</error></testcase><testcase classname="backend.tests.test_grn_and_import.TestGRNList" name="test_grn_list_requires_auth" time="0.170" /><testcase classname="backend.tests.test_grn_and_import.TestGRNPdf" name="test_grn_pdf_download_with_token" time="0.000"><error message="failed on setup with &quot;AssertionError: {&quot;detail&quot;:&quot;invalid role&quot;}&#10;assert 400 == 200&#10; +  where 400 = &lt;Response [400]&gt;.status_code&quot;">E   AssertionError: {"detail":"invalid role"}
    assert 400 == 200
     +  where 400 = &lt;Response [400]&gt;.status_code</error></testcase><testcase classname="backend.tests.test_grn_and_import.TestGRNPdf" name="test_grn_pdf_missing_returns_404" time="0.000"><error message="failed on setup with &quot;AssertionError: {&quot;detail&quot;:&quot;invalid role&quot;}&#10;assert 400 == 200&#10; +  where 400 = &lt;Response [400]&gt;.status_code&quot;">E   AssertionError: {"detail":"invalid role"}
    assert 400 == 200
     +  where 400 = &lt;Response [400]&gt;.status_code</error></testcase><testcase classname="backend.tests.test_grn_and_import.TestGRNPdf" name="test_grn_pdf_without_auth" time="0.150" /><testcase classname="backend.tests.test_grn_and_import.TestImportTemplates" name="test_vendor_template_download" time="0.000"><error message="failed on setup with &quot;AssertionError: {&quot;detail&quot;:&quot;invalid role&quot;}&#10;assert 400 == 200&#10; +  where 400 = &lt;Response [400]&gt;.status_code&quot;">E   AssertionError: {"detail":"invalid role"}
    assert 400 == 200
     +  where 400 = &lt;Response [400]&gt;.status_code</error></testcase><testcase classname="backend.tests.test_grn_and_import.TestImportTemplates" name="test_mrf_template_download" time="0.000"><error message="failed on setup with &quot;AssertionError: {&quot;detail&quot;:&quot;invalid role&quot;}&#10;assert 400 == 200&#10; +  where 400 = &lt;Response [400]&gt;.status_code&quot;">E   AssertionError: {"detail":"invalid role"}
    assert 400 == 200
     +  where 400 = &lt;Response [400]&gt;.status_code</error></testcase><testcase classname="backend.tests.test_grn_and_import.TestImportTemplates" name="test_templates_require_auth" time="0.241" /><testcase classname="backend.tests.test_grn_and_import.TestVendorImport" name="test_import_vendors_inserts_new_skips_dupes" time="0.000"><error message="failed on setup with &quot;AssertionError: {&quot;detail&quot;:&quot;invalid role&quot;}&#10;assert 400 == 200&#10; +  where 400 = &lt;Response [400]&gt;.status_code&quot;">E   AssertionError: {"detail":"invalid role"}
    assert 400 == 200
     +  where 400 = &lt;Response [400]&gt;.status_code</error></testcase><testcase classname="backend.tests.test_grn_and_import.TestVendorImport" name="test_import_vendors_rejects_non_admin_non_purchase" time="0.000"><error message="failed on setup with &quot;AssertionError: {&quot;detail&quot;:&quot;invalid role&quot;}&#10;assert 400 == 200&#10; +  where 400 = &lt;Response [400]&gt;.status_code&quot;">E   AssertionError: {"detail":"invalid role"}
    assert 400 == 200
     +  where 400 = &lt;Response [400]&gt;.status_code</error></testcase><testcase classname="backend.tests.test_grn_and_import.TestVendorImport" name="test_import_vendors_bad_file_returns_400" time="0.000"><error message="failed on setup with &quot;AssertionError: {&quot;detail&quot;:&quot;invalid role&quot;}&#10;assert 400 == 200&#10; +  where 400 = &lt;Response [400]&gt;.status_code&quot;">E   AssertionError: {"detail":"invalid role"}
    assert 400 == 200
     +  where 400 = &lt;Response [400]&gt;.status_code</error></testcase><testcase classname="backend.tests.test_grn_and_import.TestMRFImport" name="test_import_mrf_groups_rows" time="0.000"><error message="failed on setup with &quot;AssertionError: {&quot;detail&quot;:&quot;invalid role&quot;}&#10;assert 400 == 200&#10; +  where 400 = &lt;Response [400]&gt;.status_code&quot;">E   AssertionError: {"detail":"invalid role"}
    assert 400 == 200
     +  where 400 = &lt;Response [400]&gt;.status_code</error></testcase><testcase classname="backend.tests.test_grn_and_import.TestMRFImport" name="test_import_mrf_reports_bad_project" time="0.000"><error message="failed on setup with &quot;AssertionError: {&quot;detail&quot;:&quot;invalid role&quot;}&#10;assert 400 == 200&#10; +  where 400 = &lt;Response [400]&gt;.status_code&quot;">E   AssertionError: {"detail":"invalid role"}
    assert 400 == 200
     +  where 400 = &lt;Response [400]&gt;.status_code</error></testcase><testcase classname="backend.tests.test_invoice_variance.TestInvoiceCreation" name="test_site_engineer_forbidden" time="0.376"><error message="failed on setup with &quot;AssertionError: {&quot;detail&quot;:&quot;invalid role&quot;}&#10;assert 400 == 200&#10; +  where 400 = &lt;Response [400]&gt;.status_code&quot;">E   AssertionError: {"detail":"invalid role"}
    assert 400 == 200
     +  where 400 = &lt;Response [400]&gt;.status_code</error></testcase><testcase classname="backend.tests.test_invoice_variance.TestInvoiceCreation" name="test_purchase_creates_invoice" time="0.000"><error message="failed on setup with &quot;AssertionError: {&quot;detail&quot;:&quot;invalid role&quot;}&#10;assert 400 == 200&#10; +  where 400 = &lt;Response [400]&gt;.status_code&quot;">E   AssertionError: {"detail":"invalid role"}
    assert 400 == 200
     +  where 400 = &lt;Response [400]&gt;.status_code</error></testcase><testcase classname="backend.tests.test_invoice_variance.TestInvoiceCreation" name="test_billing_can_create" time="0.000"><error message="failed on setup with &quot;AssertionError: {&quot;detail&quot;:&quot;invalid role&quot;}&#10;assert 400 == 200&#10; +  where 400 = &lt;Response [400]&gt;.status_code&quot;">E   AssertionError: {"detail":"invalid role"}
    assert 400 == 200
     +  where 400 = &lt;Response [400]&gt;.status_code</error></testcase><testcase classname="backend.tests.test_invoice_variance.TestInvoiceCreation" name="test_invoice_number_increments" time="0.000"><error message="failed on setup with &quot;AssertionError: {&quot;detail&quot;:&quot;invalid role&quot;}&#10;assert 400 == 200&#10; +  where 400 = &lt;Response [400]&gt;.status_code&quot;">E   AssertionError: {"detail":"invalid role"}
    assert 400 == 200
     +  where 400 = &lt;Response [400]&gt;.status_code</error></testcase><testcase classname="backend.tests.test_invoice_variance.TestInvoiceCreation" name="test_bad_po_returns_404" time="0.000"><error message="failed on setup with &quot;AssertionError: {&quot;detail&quot;:&quot;invalid role&quot;}&#10;assert 400 == 200&#10; +  where 400 = &lt;Response [400]&gt;.status_code&quot;">E   AssertionError: {"detail":"invalid role"}
    assert 400 == 200
     +  where 400 = &lt;Response [400]&gt;.status_code</error></testcase><testcase classname="backend.tests.test_invoice_variance.TestInvoiceRetrieval" name="test_list_all_invoices" time="0.000"><error message="failed on setup with &quot;AssertionError: {&quot;detail&quot;:&quot;invalid role&quot;}&#10;assert 400 == 200&#10; +  where 400 = &lt;Response [400]&gt;.status_code&quot;">E   AssertionError: {"detail":"invalid role"}
    assert 400 == 200
     +  where 400 = &lt;Response [400]&gt;.status_code</error></testcase><testcase classname="backend.tests.test_invoice_variance.TestInvoiceRetrieval" name="test_list_invoice_filter_by_po" time="0.000"><error message="failed on setup with &quot;AssertionError: {&quot;detail&quot;:&quot;invalid role&quot;}&#10;assert 400 == 200&#10; +  where 400 = &lt;Response [400]&gt;.status_code&quot;">E   AssertionError: {"detail":"invalid role"}
    assert 400 == 200
     +  where 400 = &lt;Response [400]&gt;.status_code</error></testcase><testcase classname="backend.tests.test_invoice_variance.TestInvoiceRetrieval" name="test_get_single_invoice" time="0.000"><error message="failed on setup with &quot;AssertionError: {&quot;detail&quot;:&quot;invalid role&quot;}&#10;assert 400 == 200&#10; +  where 400 = &lt;Response [400]&gt;.status_code&quot;">E   AssertionError: {"detail":"invalid role"}
    assert 400 == 200
     +  where 400 = &lt;Response [400]&gt;.status_code</error></testcase><testcase classname="backend.tests.test_invoice_variance.TestInvoiceRetrieval" name="test_get_single_invoice_not_found" time="0.000"><error message="failed on setup with &quot;AssertionError: {&quot;detail&quot;:&quot;invalid role&quot;}&#10;assert 400 == 200&#10; +  where 400 = &lt;Response [400]&gt;.status_code&quot;">E   AssertionError: {"detail":"invalid role"}
    assert 400 == 200
     +  where 400 = &lt;Response [400]&gt;.status_code</error></testcase><testcase classname="backend.tests.test_invoice_variance.TestInvoiceRetrieval" name="test_list_po_invoices" time="0.000"><error message="failed on setup with &quot;AssertionError: {&quot;detail&quot;:&quot;invalid role&quot;}&#10;assert 400 == 200&#10; +  where 400 = &lt;Response [400]&gt;.status_code&quot;">E   AssertionError: {"detail":"invalid role"}
    assert 400 == 200
     +  where 400 = &lt;Response [400]&gt;.status_code</error></testcase><testcase classname="backend.tests.test_invoice_variance.TestInvoiceRetrieval" name="test_list_requires_auth" time="0.101" /><testcase classname="backend.tests.test_invoice_variance.TestInvoicePDF" name="test_pdf_download" time="0.000"><error message="failed on setup with &quot;AssertionError: {&quot;detail&quot;:&quot;invalid role&quot;}&#10;assert 400 == 200&#10; +  where 400 = &lt;Response [400]&gt;.status_code&quot;">E   AssertionError: {"detail":"invalid role"}
    assert 400 == 200
     +  where 400 = &lt;Response [400]&gt;.status_code</error></testcase><testcase classname="backend.tests.test_invoice_variance.TestInvoicePDF" name="test_pdf_missing_404" time="0.000"><error message="failed on setup with &quot;AssertionError: {&quot;detail&quot;:&quot;invalid role&quot;}&#10;assert 400 == 200&#10; +  where 400 = &lt;Response [400]&gt;.status_code&quot;">E   AssertionError: {"detail":"invalid role"}
    assert 400 == 200
     +  where 400 = &lt;Response [400]&gt;.status_code</error></testcase><testcase classname="backend.tests.test_invoice_variance.TestInvoicePDF" name="test_pdf_without_auth" time="0.104" /><testcase classname="backend.tests.test_invoice_variance.TestVarianceReport" name="test_variance_shape_and_sort" time="0.000"><error message="failed on setup with &quot;AssertionError: {&quot;detail&quot;:&quot;invalid role&quot;}&#10;assert 400 == 200&#10; +  where 400 = &lt;Response [400]&gt;.status_code&quot;">E   AssertionError: {"detail":"invalid role"}
    assert 400 == 200
     +  where 400 = &lt;Response [400]&gt;.status_code</error></testcase><testcase classname="backend.tests.test_invoice_variance.TestVarianceReport" name="test_our_po_in_variance" time="0.000"><error message="failed on setup with &quot;AssertionError: {&quot;detail&quot;:&quot;invalid role&quot;}&#10;assert 400 == 200&#10; +  where 400 = &lt;Response [400]&gt;.status_code&quot;">E   AssertionError: {"detail":"invalid role"}
    assert 400 == 200
     +  where 400 = &lt;Response [400]&gt;.status_code</error></testcase><testcase classname="backend.tests.test_invoice_variance.TestVarianceReport" name="test_variance_filter_by_project" time="0.000"><error message="failed on setup with &quot;AssertionError: {&quot;detail&quot;:&quot;invalid role&quot;}&#10;assert 400 == 200&#10; +  where 400 = &lt;Response [400]&gt;.status_code&quot;">E   AssertionError: {"detail":"invalid role"}
    assert 400 == 200
     +  where 400 = &lt;Response [400]&gt;.status_code</error></testcase><testcase classname="backend.tests.test_invoice_variance.TestVarianceReport" name="test_variance_filter_by_vendor" time="0.000"><error message="failed on setup with &quot;AssertionError: {&quot;detail&quot;:&quot;invalid role&quot;}&#10;assert 400 == 200&#10; +  where 400 = &lt;Response [400]&gt;.status_code&quot;">E   AssertionError: {"detail":"invalid role"}
    assert 400 == 200
     +  where 400 = &lt;Response [400]&gt;.status_code</error></testcase><testcase classname="backend.tests.test_invoice_variance.TestVarianceReport" name="test_variance_requires_auth" time="0.147" /><testcase classname="backend.tests.test_mrf_po_workflow.TestAuth" name="test_seed_idempotent" time="0.330"><error message="failed on setup with &quot;AssertionError: dev-login failed: 400 {&quot;detail&quot;:&quot;invalid role&quot;}&#10;assert 400 == 200&#10; +  where 400 = &lt;Response [400]&gt;.status_code&quot;">E   AssertionError: dev-login failed: 400 {"detail":"invalid role"}
    assert 400 == 200
     +  where 400 = &lt;Response [400]&gt;.status_code</error></testcase><testcase classname="backend.tests.test_mrf_po_workflow.TestAuth" name="test_dev_login_returns_token" time="0.151"><failure message="assert 400 == 200&#10; +  where 400 = &lt;Response [400]&gt;.status_code">E   assert 400 == 200
     +  where 400 = &lt;Response [400]&gt;.status_code</failure></testcase><testcase classname="backend.tests.test_mrf_po_workflow.TestAuth" name="test_me_endpoint" time="0.000"><error message="failed on setup with &quot;AssertionError: dev-login failed: 400 {&quot;detail&quot;:&quot;invalid role&quot;}&#10;assert 400 == 200&#10; +  where 400 = &lt;Response [400]&gt;.status_code&quot;">E   AssertionError: dev-login failed: 400 {"detail":"invalid role"}
    assert 400 == 200
     +  where 400 = &lt;Response [400]&gt;.status_code</error></testcase><testcase classname="backend.tests.test_mrf_po_workflow.TestAuth" name="test_me_unauthorized" time="0.143" /><testcase classname="backend.tests.test_mrf_po_workflow.TestMasters" name="test_list_projects" time="0.000"><error message="failed on setup with &quot;AssertionError: dev-login failed: 400 {&quot;detail&quot;:&quot;invalid role&quot;}&#10;assert 400 == 200&#10; +  where 400 = &lt;Response [400]&gt;.status_code&quot;">E   AssertionError: dev-login failed: 400 {"detail":"invalid role"}
    assert 400 == 200
     +  where 400 = &lt;Response [400]&gt;.status_code</error></testcase><testcase classname="backend.tests.test_mrf_po_workflow.TestMasters" name="test_list_vendors" time="0.000"><error message="failed on setup with &quot;AssertionError: dev-login failed: 400 {&quot;detail&quot;:&quot;invalid role&quot;}&#10;assert 400 == 200&#10; +  where 400 = &lt;Response [400]&gt;.status_code&quot;">E   AssertionError: dev-login failed: 400 {"detail":"invalid role"}
    assert 400 == 200
     +  where 400 = &lt;Response [400]&gt;.status_code</error></testcase><testcase classname="backend.tests.test_mrf_po_workflow.TestMasters" name="test_masters_grouped" time="0.000"><error message="failed on setup with &quot;AssertionError: dev-login failed: 400 {&quot;detail&quot;:&quot;invalid role&quot;}&#10;assert 400 == 200&#10; +  where 400 = &lt;Response [400]&gt;.status_code&quot;">E   AssertionError: dev-login failed: 400 {"detail":"invalid role"}
    assert 400 == 200
     +  where 400 = &lt;Response [400]&gt;.status_code</error></testcase><testcase classname="backend.tests.test_mrf_po_workflow.TestRoleAccess" name="test_site_engineer_cannot_create_po" time="0.000"><error message="failed on setup with &quot;AssertionError: dev-login failed: 400 {&quot;detail&quot;:&quot;invalid role&quot;}&#10;assert 400 == 200&#10; +  where 400 = &lt;Response [400]&gt;.status_code&quot;">E   AssertionError: dev-login failed: 400 {"detail":"invalid role"}
    assert 400 == 200
     +  where 400 = &lt;Response [400]&gt;.status_code</error></testcase><testcase classname="backend.tests.test_mrf_po_workflow.TestRoleAccess" name="test_non_admin_cannot_change_role" time="0.000"><error message="failed on setup with &quot;AssertionError: dev-login failed: 400 {&quot;detail&quot;:&quot;invalid role&quot;}&#10;assert 400 == 200&#10; +  where 400 = &lt;Response [400]&gt;.status_code&quot;">E   AssertionError: dev-login failed: 400 {"detail":"invalid role"}
    assert 400 == 200
     +  where 400 = &lt;Response [400]&gt;.status_code</error></testcase><testcase classname="backend.tests.test_mrf_po_workflow.TestMRFWorkflow" name="test_01_create_mrf" time="0.000"><error message="failed on setup with &quot;AssertionError: dev-login failed: 400 {&quot;detail&quot;:&quot;invalid role&quot;}&#10;assert 400 == 200&#10; +  where 400 = &lt;Response [400]&gt;.status_code&quot;">E   AssertionError: dev-login failed: 400 {"detail":"invalid role"}
    assert 400 == 200
     +  where 400 = &lt;Response [400]&gt;.status_code</error></testcase><testcase classname="backend.tests.test_mrf_po_workflow.TestMRFWorkflow" name="test_02_submit_mrf" time="0.000"><error message="failed on setup with &quot;AssertionError: dev-login failed: 400 {&quot;detail&quot;:&quot;invalid role&quot;}&#10;assert 400 == 200&#10; +  where 400 = &lt;Response [400]&gt;.status_code&quot;">E   AssertionError: dev-login failed: 400 {"detail":"invalid role"}
    assert 400 == 200
     +  where 400 = &lt;Response [400]&gt;.status_code</error></testcase><testcase classname="backend.tests.test_mrf_po_workflow.TestMRFWorkflow" name="test_03_pm_approve_with_item_actions" time="0.000"><error message="failed on setup with &quot;AssertionError: dev-login failed: 400 {&quot;detail&quot;:&quot;invalid role&quot;}&#10;assert 400 == 200&#10; +  where 400 = &lt;Response [400]&gt;.status_code&quot;">E   AssertionError: dev-login failed: 400 {"detail":"invalid role"}
    assert 400 == 200
     +  where 400 = &lt;Response [400]&gt;.status_code</error></testcase><testcase classname="backend.tests.test_mrf_po_workflow.TestMRFWorkflow" name="test_04_send_to_purchase" time="0.000"><error message="failed on setup with &quot;AssertionError: dev-login failed: 400 {&quot;detail&quot;:&quot;invalid role&quot;}&#10;assert 400 == 200&#10; +  where 400 = &lt;Response [400]&gt;.status_code&quot;">E   AssertionError: dev-login failed: 400 {"detail":"invalid role"}
    assert 400 == 200
     +  where 400 = &lt;Response [400]&gt;.status_code</error></testcase><testcase classname="backend.tests.test_mrf_po_workflow.TestMRFWorkflow" name="test_05_po_reject_rejected_item" time="0.000"><error message="failed on setup with &quot;AssertionError: dev-login failed: 400 {&quot;detail&quot;:&quot;invalid role&quot;}&#10;assert 400 == 200&#10; +  where 400 = &lt;Response [400]&gt;.status_code&quot;">E   AssertionError: dev-login failed: 400 {"detail":"invalid role"}
    assert 400 == 200
     +  where 400 = &lt;Response [400]&gt;.status_code</error></testcase><testcase classname="backend.tests.test_mrf_po_workflow.TestMRFWorkflow" name="test_06_create_po" time="0.000"><error message="failed on setup with &quot;AssertionError: dev-login failed: 400 {&quot;detail&quot;:&quot;invalid role&quot;}&#10;assert 400 == 200&#10; +  where 400 = &lt;Response [400]&gt;.status_code&quot;">E   AssertionError: dev-login failed: 400 {"detail":"invalid role"}
    assert 400 == 200
     +  where 400 = &lt;Response [400]&gt;.status_code</error></testcase><testcase classname="backend.tests.test_mrf_po_workflow.TestMRFWorkflow" name="test_07_po_pdf_download" time="0.000"><error message="failed on setup with &quot;AssertionError: dev-login failed: 400 {&quot;detail&quot;:&quot;invalid role&quot;}&#10;assert 400 == 200&#10; +  where 400 = &lt;Response [400]&gt;.status_code&quot;">E   AssertionError: dev-login failed: 400 {"detail":"invalid role"}
    assert 400 == 200
     +  where 400 = &lt;Response [400]&gt;.status_code</error></testcase><testcase classname="backend.tests.test_mrf_po_workflow.TestMRFWorkflow" name="test_08_po_mark_received" time="0.000"><error message="failed on setup with &quot;AssertionError: dev-login failed: 400 {&quot;detail&quot;:&quot;invalid role&quot;}&#10;assert 400 == 200&#10; +  where 400 = &lt;Response [400]&gt;.status_code&quot;">E   AssertionError: dev-login failed: 400 {"detail":"invalid role"}
    assert 400 == 200
     +  where 400 = &lt;Response [400]&gt;.status_code</error></testcase><testcase classname="backend.tests.test_mrf_po_workflow.TestMRFWorkflow" name="test_09_billing_update" time="0.000"><error message="failed on setup with &quot;AssertionError: dev-login failed: 400 {&quot;detail&quot;:&quot;invalid role&quot;}&#10;assert 400 == 200&#10; +  where 400 = &lt;Response [400]&gt;.status_code&quot;">E   AssertionError: dev-login failed: 400 {"detail":"invalid role"}
    assert 400 == 200
     +  where 400 = &lt;Response [400]&gt;.status_code</error></testcase><testcase classname="backend.tests.test_mrf_po_workflow.TestMRFWorkflow" name="test_10_billing_override_required" time="0.000"><error message="failed on setup with &quot;AssertionError: dev-login failed: 400 {&quot;detail&quot;:&quot;invalid role&quot;}&#10;assert 400 == 200&#10; +  where 400 = &lt;Response [400]&gt;.status_code&quot;">E   AssertionError: dev-login failed: 400 {"detail":"invalid role"}
    assert 400 == 200
     +  where 400 = &lt;Response [400]&gt;.status_code</error></testcase><testcase classname="backend.tests.test_mrf_po_workflow.TestMRFWorkflow" name="test_11_billing_override_with_reason" time="0.000"><error message="failed on setup with &quot;AssertionError: dev-login failed: 400 {&quot;detail&quot;:&quot;invalid role&quot;}&#10;assert 400 == 200&#10; +  where 400 = &lt;Response [400]&gt;.status_code&quot;">E   AssertionError: dev-login failed: 400 {"detail":"invalid role"}
    assert 400 == 200
     +  where 400 = &lt;Response [400]&gt;.status_code</error></testcase><testcase classname="backend.tests.test_mrf_po_workflow.TestReturnFlow" name="test_pm_return_mrf" time="0.000"><error message="failed on setup with &quot;AssertionError: dev-login failed: 400 {&quot;detail&quot;:&quot;invalid role&quot;}&#10;assert 400 == 200&#10; +  where 400 = &lt;Response [400]&gt;.status_code&quot;">E   AssertionError: dev-login failed: 400 {"detail":"invalid role"}
    assert 400 == 200
     +  where 400 = &lt;Response [400]&gt;.status_code</error></testcase><testcase classname="backend.tests.test_mrf_po_workflow.TestReports" name="test_dashboard" time="0.000"><error message="failed on setup with &quot;AssertionError: dev-login failed: 400 {&quot;detail&quot;:&quot;invalid role&quot;}&#10;assert 400 == 200&#10; +  where 400 = &lt;Response [400]&gt;.status_code&quot;">E   AssertionError: dev-login failed: 400 {"detail":"invalid role"}
    assert 400 == 200
     +  where 400 = &lt;Response [400]&gt;.status_code</error></testcase><testcase classname="backend.tests.test_mrf_po_workflow.TestReports" name="test_mrf_ageing" time="0.000"><error message="failed on setup with &quot;AssertionError: dev-login failed: 400 {&quot;detail&quot;:&quot;invalid role&quot;}&#10;assert 400 == 200&#10; +  where 400 = &lt;Response [400]&gt;.status_code&quot;">E   AssertionError: dev-login failed: 400 {"detail":"invalid role"}
    assert 400 == 200
     +  where 400 = &lt;Response [400]&gt;.status_code</error></testcase><testcase classname="backend.tests.test_mrf_po_workflow.TestReports" name="test_audit_logs" time="0.000"><error message="failed on setup with &quot;AssertionError: dev-login failed: 400 {&quot;detail&quot;:&quot;invalid role&quot;}&#10;assert 400 == 200&#10; +  where 400 = &lt;Response [400]&gt;.status_code&quot;">E   AssertionError: dev-login failed: 400 {"detail":"invalid role"}
    assert 400 == 200
     +  where 400 = &lt;Response [400]&gt;.status_code</error></testcase><testcase classname="backend.tests.test_mrf_po_workflow.TestReports" name="test_excel_export_mrf" time="0.000"><error message="failed on setup with &quot;AssertionError: dev-login failed: 400 {&quot;detail&quot;:&quot;invalid role&quot;}&#10;assert 400 == 200&#10; +  where 400 = &lt;Response [400]&gt;.status_code&quot;">E   AssertionError: dev-login failed: 400 {"detail":"invalid role"}
    assert 400 == 200
     +  where 400 = &lt;Response [400]&gt;.status_code</error></testcase><testcase classname="backend.tests.test_mrf_po_workflow.TestReports" name="test_notifications" time="0.000"><error message="failed on setup with &quot;AssertionError: dev-login failed: 400 {&quot;detail&quot;:&quot;invalid role&quot;}&#10;assert 400 == 200&#10; +  where 400 = &lt;Response [400]&gt;.status_code&quot;">E   AssertionError: dev-login failed: 400 {"detail":"invalid role"}
    assert 400 == 200
     +  where 400 = &lt;Response [400]&gt;.status_code</error></testcase><testcase classname="backend.tests.test_mrf_po_workflow.TestAdmin" name="test_admin_can_change_role" time="0.000"><error message="failed on setup with &quot;AssertionError: dev-login failed: 400 {&quot;detail&quot;:&quot;invalid role&quot;}&#10;assert 400 == 200&#10; +  where 400 = &lt;Response [400]&gt;.status_code&quot;">E   AssertionError: dev-login failed: 400 {"detail":"invalid role"}
    assert 400 == 200
     +  where 400 = &lt;Response [400]&gt;.status_code</error></testcase><testcase classname="backend.tests.test_phase1_followup.TestPOReceivedRoles" name="test_director_200" time="0.051" /><testcase classname="backend.tests.test_phase1_followup.TestPOReceivedRoles" name="test_purchase_200" time="0.003" /><testcase classname="backend.tests.test_phase1_followup.TestPOReceivedRoles" name="test_admin_200" time="0.003" /><testcase classname="backend.tests.test_phase1_followup.TestPOReceivedRoles" name="test_pm_403" time="0.002" /><testcase classname="backend.tests.test_phase1_followup.TestPOReceivedRoles" name="test_gm_403" time="0.002" /><testcase classname="backend.tests.test_phase1_followup.TestSubmitMRFNotifiesPM" name="test_pm_receives_notification_after_submit" time="0.512" /><testcase classname="backend.tests.test_phase1_followup.TestDirectorAccessOnDedupedGates" name="test_director_can_create_po" time="0.013" /><testcase classname="backend.tests.test_phase1_followup.TestDirectorAccessOnDedupedGates" name="test_director_can_download_po_pdf" time="0.030" /><testcase classname="backend.tests.test_phase1_followup.TestDirectorAccessOnDedupedGates" name="test_director_can_create_invoice" time="0.004" /><testcase classname="backend.tests.test_phase1_followup.TestDirectorAccessOnDedupedGates" name="test_director_can_download_invoice_pdf" time="0.011" /><testcase classname="backend.tests.test_phase1_followup.TestDirectorAccessOnDedupedGates" name="test_director_can_list_billing_items" time="0.008" /><testcase classname="backend.tests.test_phase1_followup.TestUnrelatedPMNoElevation" name="test_fresh_pm_cannot_create_po" time="0.013" /><testcase classname="backend.tests.test_phase1_followup.TestUnrelatedPMNoElevation" name="test_fresh_pm_cannot_access_billing_items" time="0.002" /><testcase classname="backend.tests.test_phase1_followup.TestUnrelatedPMNoElevation" name="test_fresh_pm_cannot_access_invoices" time="0.002" /><testcase classname="backend.tests.test_phase1_followup.TestUnrelatedPMNoElevation" name="test_fresh_pm_cannot_receive_po" time="0.010" /><testcase classname="backend.tests.test_phase1_followup2.TestDirectorGRNAccess" name="test_director_lists_po_grns" time="0.043" /><testcase classname="backend.tests.test_phase1_followup2.TestDirectorGRNAccess" name="test_director_lists_all_grns" time="0.004" /><testcase classname="backend.tests.test_phase1_followup2.TestDirectorInvoiceList" name="test_director_lists_invoices" time="0.004" /><testcase classname="backend.tests.test_phase1_followup2.TestDirectorBillingUpdate" name="test_director_can_update_billing" time="0.006" /><testcase classname="backend.tests.test_phase1_role_reshuffle.TestNewRoles" name="test_director_dev_login_and_me" time="0.005" /><testcase classname="backend.tests.test_phase1_role_reshuffle.TestNewRoles" name="test_gm_dev_login_and_me" time="0.005" /><testcase classname="backend.tests.test_phase1_role_reshuffle.TestNewRoles" name="test_invalid_role_rejected" time="0.001" /><testcase classname="backend.tests.test_phase1_role_reshuffle.TestLegacyMigration" name="test_site_engineer_migrates_to_pm" time="0.071" /><testcase classname="backend.tests.test_phase1_role_reshuffle.TestLegacyMigration" name="test_project_manager_migrates_to_pm" time="0.004" /><testcase classname="backend.tests.test_phase1_role_reshuffle.TestLegacyMigration" name="test_billing_migrates_to_purchase" time="0.004" /><testcase classname="backend.tests.test_phase1_role_reshuffle.TestUsersEmailVisibility" name="test_admin_sees_emails" time="0.032" /><testcase classname="backend.tests.test_phase1_role_reshuffle.TestUsersEmailVisibility" name="test_non_admin_gets_empty_emails[pm]" time="0.003" /><testcase classname="backend.tests.test_phase1_role_reshuffle.TestUsersEmailVisibility" name="test_non_admin_gets_empty_emails[gm]" time="0.003" /><testcase classname="backend.tests.test_phase1_role_reshuffle.TestUsersEmailVisibility" name="test_non_admin_gets_empty_emails[purchase]" time="0.003" /><testcase classname="backend.tests.test_phase1_role_reshuffle.TestUsersEmailVisibility" name="test_non_admin_gets_empty_emails[director]" time="0.003" /><testcase classname="backend.tests.test_phase1_role_reshuffle.TestAuditAdminOnly" name="test_admin_can_access" time="0.008" /><testcase classname="backend.tests.test_phase1_role_reshuffle.TestAuditAdminOnly" name="test_others_forbidden[director]" time="0.002" /><testcase classname="backend.tests.test_phase1_role_reshuffle.TestAuditAdminOnly" name="test_others_forbidden[pm]" time="0.002" /><testcase classname="backend.tests.test_phase1_role_reshuffle.TestAuditAdminOnly" name="test_others_forbidden[gm]" time="0.002" /><testcase classname="backend.tests.test_phase1_role_reshuffle.TestAuditAdminOnly" name="test_others_forbidden[purchase]" time="0.003" /><testcase classname="backend.tests.test_phase1_role_reshuffle.TestSeededPMOnProjects" name="test_pm_user_in_project_managers" time="0.005" /><testcase classname="backend.tests.test_phase1_role_reshuffle.TestMRFApprove" name="test_pm_assigned_can_approve" time="0.009" /><testcase classname="backend.tests.test_phase1_role_reshuffle.TestMRFApprove" name="test_pm_not_on_project_forbidden" time="0.007" /><testcase classname="backend.tests.test_phase1_role_reshuffle.TestMRFApprove" name="test_gm_can_approve_any" time="0.006" /><testcase classname="backend.tests.test_phase1_role_reshuffle.TestMRFApprove" name="test_director_can_approve_any" time="0.006" /><testcase classname="backend.tests.test_phase1_role_reshuffle.TestMRFApprove" name="test_admin_can_approve" time="0.007" /><testcase classname="backend.tests.test_phase1_role_reshuffle.TestMRFApprove" name="test_purchase_forbidden" time="0.005" /><testcase classname="backend.tests.test_phase1_role_reshuffle.TestPOReceived" name="test_pm_forbidden" time="0.015" /><testcase classname="backend.tests.test_phase1_role_reshuffle.TestPOReceived" name="test_gm_forbidden" time="0.002" /><testcase classname="backend.tests.test_phase1_role_reshuffle.TestPOReceived" name="test_director_allowed_or_flag" time="0.004" /><testcase classname="backend.tests.test_phase1_role_reshuffle.TestPOReceived" name="test_purchase_allowed" time="0.025" /><testcase classname="backend.tests.test_phase1_role_reshuffle.TestPOReceived" name="test_admin_allowed" time="0.011" /><testcase classname="backend.tests.test_project_team.TestProjectSeed" name="test_seed_projects_have_team_arrays" time="0.017"><error message="failed on setup with &quot;AssertionError: dev-login failed for site@vasu.dev: 400 {&quot;detail&quot;:&quot;invalid role&quot;}&#10;assert 400 == 200&#10; +  where 400 = &lt;Response [400]&gt;.status_code&quot;">E   AssertionError: dev-login failed for site@vasu.dev: 400 {"detail":"invalid role"}
    assert 400 == 200
     +  where 400 = &lt;Response [400]&gt;.status_code</error></testcase><testcase classname="backend.tests.test_project_team.TestProjectSeed" name="test_seed_idempotent_no_duplicates" time="0.000"><error message="failed on setup with &quot;AssertionError: dev-login failed for site@vasu.dev: 400 {&quot;detail&quot;:&quot;invalid role&quot;}&#10;assert 400 == 200&#10; +  where 400 = &lt;Response [400]&gt;.status_code&quot;">E   AssertionError: dev-login failed for site@vasu.dev: 400 {"detail":"invalid role"}
    assert 400 == 200
     +  where 400 = &lt;Response [400]&gt;.status_code</error></testcase><testcase classname="backend.tests.test_project_team.TestProjectListFilter" name="test_admin_sees_all" time="0.000"><error message="failed on setup with &quot;AssertionError: dev-login failed for site@vasu.dev: 400 {&quot;detail&quot;:&quot;invalid role&quot;}&#10;assert 400 == 200&#10; +  where 400 = &lt;Response [400]&gt;.status_code&quot;">E   AssertionError: dev-login failed for site@vasu.dev: 400 {"detail":"invalid role"}
    assert 400 == 200
     +  where 400 = &lt;Response [400]&gt;.status_code</error></testcase><testcase classname="backend.tests.test_project_team.TestProjectListFilter" name="test_admin_all_1_bypass" time="0.001"><error message="failed on setup with &quot;AssertionError: dev-login failed for site@vasu.dev: 400 {&quot;detail&quot;:&quot;invalid role&quot;}&#10;assert 400 == 200&#10; +  where 400 = &lt;Response [400]&gt;.status_code&quot;">E   AssertionError: dev-login failed for site@vasu.dev: 400 {"detail":"invalid role"}
    assert 400 == 200
     +  where 400 = &lt;Response [400]&gt;.status_code</error></testcase><testcase classname="backend.tests.test_project_team.TestProjectListFilter" name="test_purchase_sees_all" time="0.000"><error message="failed on setup with &quot;AssertionError: dev-login failed for site@vasu.dev: 400 {&quot;detail&quot;:&quot;invalid role&quot;}&#10;assert 400 == 200&#10; +  where 400 = &lt;Response [400]&gt;.status_code&quot;">E   AssertionError: dev-login failed for site@vasu.dev: 400 {"detail":"invalid role"}
    assert 400 == 200
     +  where 400 = &lt;Response [400]&gt;.status_code</error></testcase><testcase classname="backend.tests.test_project_team.TestProjectListFilter" name="test_billing_sees_all" time="0.000"><error message="failed on setup with &quot;AssertionError: dev-login failed for site@vasu.dev: 400 {&quot;detail&quot;:&quot;invalid role&quot;}&#10;assert 400 == 200&#10; +  where 400 = &lt;Response [400]&gt;.status_code&quot;">E   AssertionError: dev-login failed for site@vasu.dev: 400 {"detail":"invalid role"}
    assert 400 == 200
     +  where 400 = &lt;Response [400]&gt;.status_code</error></testcase><testcase classname="backend.tests.test_project_team.TestProjectListFilter" name="test_seeded_site_engineer_sees_assigned" time="0.000"><error message="failed on setup with &quot;AssertionError: dev-login failed for site@vasu.dev: 400 {&quot;detail&quot;:&quot;invalid role&quot;}&#10;assert 400 == 200&#10; +  where 400 = &lt;Response [400]&gt;.status_code&quot;">E   AssertionError: dev-login failed for site@vasu.dev: 400 {"detail":"invalid role"}
    assert 400 == 200
     +  where 400 = &lt;Response [400]&gt;.status_code</error></testcase><testcase classname="backend.tests.test_project_team.TestProjectListFilter" name="test_seeded_pm_sees_assigned" time="0.000"><error message="failed on setup with &quot;AssertionError: dev-login failed for site@vasu.dev: 400 {&quot;detail&quot;:&quot;invalid role&quot;}&#10;assert 400 == 200&#10; +  where 400 = &lt;Response [400]&gt;.status_code&quot;">E   AssertionError: dev-login failed for site@vasu.dev: 400 {"detail":"invalid role"}
    assert 400 == 200
     +  where 400 = &lt;Response [400]&gt;.status_code</error></testcase><testcase classname="backend.tests.test_project_team.TestProjectListFilter" name="test_fresh_site_engineer_sees_none" time="0.002"><error message="failed on setup with &quot;AssertionError: dev-login failed for TEST_new_site_a730aa@vasu.dev: 400 {&quot;detail&quot;:&quot;invalid role&quot;}&#10;assert 400 == 200&#10; +  where 400 = &lt;Response [400]&gt;.status_code&quot;">E   AssertionError: dev-login failed for TEST_new_site_a730aa@vasu.dev: 400 {"detail":"invalid role"}
    assert 400 == 200
     +  where 400 = &lt;Response [400]&gt;.status_code</error></testcase><testcase classname="backend.tests.test_project_team.TestProjectListFilter" name="test_fresh_pm_sees_none" time="0.000"><error message="failed on setup with &quot;AssertionError: dev-login failed for TEST_new_site_a730aa@vasu.dev: 400 {&quot;detail&quot;:&quot;invalid role&quot;}&#10;assert 400 == 200&#10; +  where 400 = &lt;Response [400]&gt;.status_code&quot;">E   AssertionError: dev-login failed for TEST_new_site_a730aa@vasu.dev: 400 {"detail":"invalid role"}
    assert 400 == 200
     +  where 400 = &lt;Response [400]&gt;.status_code</error></testcase><testcase classname="backend.tests.test_project_team.TestProjectTeamUpdate" name="test_non_admin_forbidden" time="0.000"><error message="failed on setup with &quot;AssertionError: dev-login failed for site@vasu.dev: 400 {&quot;detail&quot;:&quot;invalid role&quot;}&#10;assert 400 == 200&#10; +  where 400 = &lt;Response [400]&gt;.status_code&quot;">E   AssertionError: dev-login failed for site@vasu.dev: 400 {"detail":"invalid role"}
    assert 400 == 200
     +  where 400 = &lt;Response [400]&gt;.status_code</error></testcase><testcase classname="backend.tests.test_project_team.TestProjectTeamUpdate" name="test_admin_updates_team_and_persists" time="0.000"><error message="failed on setup with &quot;AssertionError: dev-login failed for site@vasu.dev: 400 {&quot;detail&quot;:&quot;invalid role&quot;}&#10;assert 400 == 200&#10; +  where 400 = &lt;Response [400]&gt;.status_code&quot;">E   AssertionError: dev-login failed for site@vasu.dev: 400 {"detail":"invalid role"}
    assert 400 == 200
     +  where 400 = &lt;Response [400]&gt;.status_code</error></testcase><testcase classname="backend.tests.test_project_team.TestProjectTeamUpdate" name="test_admin_404_bad_project" time="0.000"><error message="failed on setup with &quot;AssertionError: dev-login failed for site@vasu.dev: 400 {&quot;detail&quot;:&quot;invalid role&quot;}&#10;assert 400 == 200&#10; +  where 400 = &lt;Response [400]&gt;.status_code&quot;">E   AssertionError: dev-login failed for site@vasu.dev: 400 {"detail":"invalid role"}
    assert 400 == 200
     +  where 400 = &lt;Response [400]&gt;.status_code</error></testcase><testcase classname="backend.tests.test_project_team.TestProjectTeamUpdate" name="test_admin_empty_body_400" time="0.000"><error message="failed on setup with &quot;AssertionError: dev-login failed for site@vasu.dev: 400 {&quot;detail&quot;:&quot;invalid role&quot;}&#10;assert 400 == 200&#10; +  where 400 = &lt;Response [400]&gt;.status_code&quot;">E   AssertionError: dev-login failed for site@vasu.dev: 400 {"detail":"invalid role"}
    assert 400 == 200
     +  where 400 = &lt;Response [400]&gt;.status_code</error></testcase><testcase classname="backend.tests.test_project_team.TestMRFCreateGuard" name="test_seeded_se_can_create_on_assigned" time="0.000"><error message="failed on setup with &quot;AssertionError: dev-login failed for site@vasu.dev: 400 {&quot;detail&quot;:&quot;invalid role&quot;}&#10;assert 400 == 200&#10; +  where 400 = &lt;Response [400]&gt;.status_code&quot;">E   AssertionError: dev-login failed for site@vasu.dev: 400 {"detail":"invalid role"}
    assert 400 == 200
     +  where 400 = &lt;Response [400]&gt;.status_code</error></testcase><testcase classname="backend.tests.test_project_team.TestMRFCreateGuard" name="test_fresh_se_forbidden_on_unassigned" time="0.000"><error message="failed on setup with &quot;AssertionError: dev-login failed for site@vasu.dev: 400 {&quot;detail&quot;:&quot;invalid role&quot;}&#10;assert 400 == 200&#10; +  where 400 = &lt;Response [400]&gt;.status_code&quot;">E   AssertionError: dev-login failed for site@vasu.dev: 400 {"detail":"invalid role"}
    assert 400 == 200
     +  where 400 = &lt;Response [400]&gt;.status_code</error></testcase><testcase classname="backend.tests.test_project_team.TestMRFCreateGuard" name="test_fresh_se_allowed_after_assignment" time="0.000"><error message="failed on setup with &quot;AssertionError: dev-login failed for site@vasu.dev: 400 {&quot;detail&quot;:&quot;invalid role&quot;}&#10;assert 400 == 200&#10; +  where 400 = &lt;Response [400]&gt;.status_code&quot;">E   AssertionError: dev-login failed for site@vasu.dev: 400 {"detail":"invalid role"}
    assert 400 == 200
     +  where 400 = &lt;Response [400]&gt;.status_code</error></testcase><testcase classname="backend.tests.test_project_team.TestMRFApproveGuard" name="test_seeded_pm_can_approve" time="0.000"><error message="failed on setup with &quot;AssertionError: dev-login failed for site@vasu.dev: 400 {&quot;detail&quot;:&quot;invalid role&quot;}&#10;assert 400 == 200&#10; +  where 400 = &lt;Response [400]&gt;.status_code&quot;">E   AssertionError: dev-login failed for site@vasu.dev: 400 {"detail":"invalid role"}
    assert 400 == 200
     +  where 400 = &lt;Response [400]&gt;.status_code</error></testcase><testcase classname="backend.tests.test_project_team.TestMRFApproveGuard" name="test_fresh_pm_forbidden" time="0.000"><error message="failed on setup with &quot;AssertionError: dev-login failed for site@vasu.dev: 400 {&quot;detail&quot;:&quot;invalid role&quot;}&#10;assert 400 == 200&#10; +  where 400 = &lt;Response [400]&gt;.status_code&quot;">E   AssertionError: dev-login failed for site@vasu.dev: 400 {"detail":"invalid role"}
    assert 400 == 200
     +  where 400 = &lt;Response [400]&gt;.status_code</error></testcase><testcase classname="backend.tests.test_project_team.TestMRFListPMFilter" name="test_pm_lists_only_assigned" time="0.000"><error message="failed on setup with &quot;AssertionError: dev-login failed for site@vasu.dev: 400 {&quot;detail&quot;:&quot;invalid role&quot;}&#10;assert 400 == 200&#10; +  where 400 = &lt;Response [400]&gt;.status_code&quot;">E   AssertionError: dev-login failed for site@vasu.dev: 400 {"detail":"invalid role"}
    assert 400 == 200
     +  where 400 = &lt;Response [400]&gt;.status_code</error></testcase><testcase classname="backend.tests.test_project_team.TestMRFListPMFilter" name="test_fresh_pm_lists_only_assigned_projects" time="0.000"><error message="failed on setup with &quot;AssertionError: dev-login failed for site@vasu.dev: 400 {&quot;detail&quot;:&quot;invalid role&quot;}&#10;assert 400 == 200&#10; +  where 400 = &lt;Response [400]&gt;.status_code&quot;">E   AssertionError: dev-login failed for site@vasu.dev: 400 {"detail":"invalid role"}
    assert 400 == 200
     +  where 400 = &lt;Response [400]&gt;.status_code</error></testcase><testcase classname="backend.tests.test_project_team.TestRegression" name="test_purchase_can_create_po_from_approved_mrf" time="0.000"><error message="failed on setup with &quot;AssertionError: dev-login failed for site@vasu.dev: 400 {&quot;detail&quot;:&quot;invalid role&quot;}&#10;assert 400 == 200&#10; +  where 400 = &lt;Response [400]&gt;.status_code&quot;">E   AssertionError: dev-login failed for site@vasu.dev: 400 {"detail":"invalid role"}
    assert 400 == 200
     +  where 400 = &lt;Response [400]&gt;.status_code</error></testcase><testcase classname="backend.tests.test_project_team.TestRegression" name="test_billing_update_still_works" time="0.000"><error message="failed on setup with &quot;AssertionError: dev-login failed for site@vasu.dev: 400 {&quot;detail&quot;:&quot;invalid role&quot;}&#10;assert 400 == 200&#10; +  where 400 = &lt;Response [400]&gt;.status_code&quot;">E   AssertionError: dev-login failed for site@vasu.dev: 400 {"detail":"invalid role"}
    assert 400 == 200
     +  where 400 = &lt;Response [400]&gt;.status_code</error></testcase><testcase classname="backend.tests.test_project_team.TestRegression" name="test_admin_passthrough_projects" time="0.000"><error message="failed on setup with &quot;AssertionError: dev-login failed for site@vasu.dev: 400 {&quot;detail&quot;:&quot;invalid role&quot;}&#10;assert 400 == 200&#10; +  where 400 = &lt;Response [400]&gt;.status_code&quot;">E   AssertionError: dev-login failed for site@vasu.dev: 400 {"detail":"invalid role"}
    assert 400 == 200
     +  where 400 = &lt;Response [400]&gt;.status_code</error></testcase><testcase classname="backend.tests.test_project_team.TestRegression" name="test_dashboard_ok" time="0.000"><error message="failed on setup with &quot;AssertionError: dev-login failed for site@vasu.dev: 400 {&quot;detail&quot;:&quot;invalid role&quot;}&#10;assert 400 == 200&#10; +  where 400 = &lt;Response [400]&gt;.status_code&quot;">E   AssertionError: dev-login failed for site@vasu.dev: 400 {"detail":"invalid role"}
    assert 400 == 200
     +  where 400 = &lt;Response [400]&gt;.status_code</error></testcase><testcase classname="backend.tests.test_sec002_pdf_scoping.TestPoListScoping" name="test_full_list_for_privileged_roles[admin]" time="0.015"><error message="failed on setup with &quot;AssertionError: dev-login failed site@vasu.dev/site_engineer: 400 {&quot;detail&quot;:&quot;invalid role&quot;}&#10;assert 400 == 200&#10; +  where 400 = &lt;Response [400]&gt;.status_code&quot;">E   AssertionError: dev-login failed site@vasu.dev/site_engineer: 400 {"detail":"invalid role"}
    assert 400 == 200
     +  where 400 = &lt;Response [400]&gt;.status_code</error></testcase><testcase classname="backend.tests.test_sec002_pdf_scoping.TestPoListScoping" name="test_full_list_for_privileged_roles[purchase]" time="0.000"><error message="failed on setup with &quot;AssertionError: dev-login failed site@vasu.dev/site_engineer: 400 {&quot;detail&quot;:&quot;invalid role&quot;}&#10;assert 400 == 200&#10; +  where 400 = &lt;Response [400]&gt;.status_code&quot;">E   AssertionError: dev-login failed site@vasu.dev/site_engineer: 400 {"detail":"invalid role"}
    assert 400 == 200
     +  where 400 = &lt;Response [400]&gt;.status_code</error></testcase><testcase classname="backend.tests.test_sec002_pdf_scoping.TestPoListScoping" name="test_full_list_for_privileged_roles[billing]" time="0.000"><error message="failed on setup with &quot;AssertionError: dev-login failed site@vasu.dev/site_engineer: 400 {&quot;detail&quot;:&quot;invalid role&quot;}&#10;assert 400 == 200&#10; +  where 400 = &lt;Response [400]&gt;.status_code&quot;">E   AssertionError: dev-login failed site@vasu.dev/site_engineer: 400 {"detail":"invalid role"}
    assert 400 == 200
     +  where 400 = &lt;Response [400]&gt;.status_code</error></testcase><testcase classname="backend.tests.test_sec002_pdf_scoping.TestPoListScoping" name="test_seeded_site_engineer_sees_related_po" time="0.000"><error message="failed on setup with &quot;AssertionError: dev-login failed site@vasu.dev/site_engineer: 400 {&quot;detail&quot;:&quot;invalid role&quot;}&#10;assert 400 == 200&#10; +  where 400 = &lt;Response [400]&gt;.status_code&quot;">E   AssertionError: dev-login failed site@vasu.dev/site_engineer: 400 {"detail":"invalid role"}
    assert 400 == 200
     +  where 400 = &lt;Response [400]&gt;.status_code</error></testcase><testcase classname="backend.tests.test_sec002_pdf_scoping.TestPoListScoping" name="test_stranger_site_engineer_sees_empty_po_list" time="0.000"><error message="failed on setup with &quot;AssertionError: dev-login failed site@vasu.dev/site_engineer: 400 {&quot;detail&quot;:&quot;invalid role&quot;}&#10;assert 400 == 200&#10; +  where 400 = &lt;Response [400]&gt;.status_code&quot;">E   AssertionError: dev-login failed site@vasu.dev/site_engineer: 400 {"detail":"invalid role"}
    assert 400 == 200
     +  where 400 = &lt;Response [400]&gt;.status_code</error></testcase><testcase classname="backend.tests.test_sec002_pdf_scoping.TestPoListScoping" name="test_se2_does_not_see_other_se_po" time="0.000"><error message="failed on setup with &quot;AssertionError: dev-login failed site@vasu.dev/site_engineer: 400 {&quot;detail&quot;:&quot;invalid role&quot;}&#10;assert 400 == 200&#10; +  where 400 = &lt;Response [400]&gt;.status_code&quot;">E   AssertionError: dev-login failed site@vasu.dev/site_engineer: 400 {"detail":"invalid role"}
    assert 400 == 200
     +  where 400 = &lt;Response [400]&gt;.status_code</error></testcase><testcase classname="backend.tests.test_sec002_pdf_scoping.TestPoListScoping" name="test_pm_stranger_sees_empty" time="0.000"><error message="failed on setup with &quot;AssertionError: dev-login failed site@vasu.dev/site_engineer: 400 {&quot;detail&quot;:&quot;invalid role&quot;}&#10;assert 400 == 200&#10; +  where 400 = &lt;Response [400]&gt;.status_code&quot;">E   AssertionError: dev-login failed site@vasu.dev/site_engineer: 400 {"detail":"invalid role"}
    assert 400 == 200
     +  where 400 = &lt;Response [400]&gt;.status_code</error></testcase><testcase classname="backend.tests.test_sec002_pdf_scoping.TestPoListScoping" name="test_seeded_pm_sees_project_pos" time="0.000"><error message="failed on setup with &quot;AssertionError: dev-login failed site@vasu.dev/site_engineer: 400 {&quot;detail&quot;:&quot;invalid role&quot;}&#10;assert 400 == 200&#10; +  where 400 = &lt;Response [400]&gt;.status_code&quot;">E   AssertionError: dev-login failed site@vasu.dev/site_engineer: 400 {"detail":"invalid role"}
    assert 400 == 200
     +  where 400 = &lt;Response [400]&gt;.status_code</error></testcase><testcase classname="backend.tests.test_sec002_pdf_scoping.TestPoPdfScoping" name="test_stranger_se_403" time="0.000"><error message="failed on setup with &quot;AssertionError: dev-login failed site@vasu.dev/site_engineer: 400 {&quot;detail&quot;:&quot;invalid role&quot;}&#10;assert 400 == 200&#10; +  where 400 = &lt;Response [400]&gt;.status_code&quot;">E   AssertionError: dev-login failed site@vasu.dev/site_engineer: 400 {"detail":"invalid role"}
    assert 400 == 200
     +  where 400 = &lt;Response [400]&gt;.status_code</error></testcase><testcase classname="backend.tests.test_sec002_pdf_scoping.TestPoPdfScoping" name="test_creator_se_200" time="0.000"><error message="failed on setup with &quot;AssertionError: dev-login failed site@vasu.dev/site_engineer: 400 {&quot;detail&quot;:&quot;invalid role&quot;}&#10;assert 400 == 200&#10; +  where 400 = &lt;Response [400]&gt;.status_code&quot;">E   AssertionError: dev-login failed site@vasu.dev/site_engineer: 400 {"detail":"invalid role"}
    assert 400 == 200
     +  where 400 = &lt;Response [400]&gt;.status_code</error></testcase><testcase classname="backend.tests.test_sec002_pdf_scoping.TestPoPdfScoping" name="test_pm_stranger_403" time="0.000"><error message="failed on setup with &quot;AssertionError: dev-login failed site@vasu.dev/site_engineer: 400 {&quot;detail&quot;:&quot;invalid role&quot;}&#10;assert 400 == 200&#10; +  where 400 = &lt;Response [400]&gt;.status_code&quot;">E   AssertionError: dev-login failed site@vasu.dev/site_engineer: 400 {"detail":"invalid role"}
    assert 400 == 200
     +  where 400 = &lt;Response [400]&gt;.status_code</error></testcase><testcase classname="backend.tests.test_sec002_pdf_scoping.TestPoPdfScoping" name="test_privileged_200[admin]" time="0.000"><error message="failed on setup with &quot;AssertionError: dev-login failed site@vasu.dev/site_engineer: 400 {&quot;detail&quot;:&quot;invalid role&quot;}&#10;assert 400 == 200&#10; +  where 400 = &lt;Response [400]&gt;.status_code&quot;">E   AssertionError: dev-login failed site@vasu.dev/site_engineer: 400 {"detail":"invalid role"}
    assert 400 == 200
     +  where 400 = &lt;Response [400]&gt;.status_code</error></testcase><testcase classname="backend.tests.test_sec002_pdf_scoping.TestPoPdfScoping" name="test_privileged_200[purchase]" time="0.000"><error message="failed on setup with &quot;AssertionError: dev-login failed site@vasu.dev/site_engineer: 400 {&quot;detail&quot;:&quot;invalid role&quot;}&#10;assert 400 == 200&#10; +  where 400 = &lt;Response [400]&gt;.status_code&quot;">E   AssertionError: dev-login failed site@vasu.dev/site_engineer: 400 {"detail":"invalid role"}
    assert 400 == 200
     +  where 400 = &lt;Response [400]&gt;.status_code</error></testcase><testcase classname="backend.tests.test_sec002_pdf_scoping.TestPoPdfScoping" name="test_privileged_200[billing]" time="0.000"><error message="failed on setup with &quot;AssertionError: dev-login failed site@vasu.dev/site_engineer: 400 {&quot;detail&quot;:&quot;invalid role&quot;}&#10;assert 400 == 200&#10; +  where 400 = &lt;Response [400]&gt;.status_code&quot;">E   AssertionError: dev-login failed site@vasu.dev/site_engineer: 400 {"detail":"invalid role"}
    assert 400 == 200
     +  where 400 = &lt;Response [400]&gt;.status_code</error></testcase><testcase classname="backend.tests.test_sec002_pdf_scoping.TestGrnPdfScoping" name="test_stranger_se_403" time="0.000"><error message="failed on setup with &quot;AssertionError: dev-login failed site@vasu.dev/site_engineer: 400 {&quot;detail&quot;:&quot;invalid role&quot;}&#10;assert 400 == 200&#10; +  where 400 = &lt;Response [400]&gt;.status_code&quot;">E   AssertionError: dev-login failed site@vasu.dev/site_engineer: 400 {"detail":"invalid role"}
    assert 400 == 200
     +  where 400 = &lt;Response [400]&gt;.status_code</error></testcase><testcase classname="backend.tests.test_sec002_pdf_scoping.TestGrnPdfScoping" name="test_creator_se_200" time="0.000"><error message="failed on setup with &quot;AssertionError: dev-login failed site@vasu.dev/site_engineer: 400 {&quot;detail&quot;:&quot;invalid role&quot;}&#10;assert 400 == 200&#10; +  where 400 = &lt;Response [400]&gt;.status_code&quot;">E   AssertionError: dev-login failed site@vasu.dev/site_engineer: 400 {"detail":"invalid role"}
    assert 400 == 200
     +  where 400 = &lt;Response [400]&gt;.status_code</error></testcase><testcase classname="backend.tests.test_sec002_pdf_scoping.TestGrnPdfScoping" name="test_pm_stranger_403" time="0.000"><error message="failed on setup with &quot;AssertionError: dev-login failed site@vasu.dev/site_engineer: 400 {&quot;detail&quot;:&quot;invalid role&quot;}&#10;assert 400 == 200&#10; +  where 400 = &lt;Response [400]&gt;.status_code&quot;">E   AssertionError: dev-login failed site@vasu.dev/site_engineer: 400 {"detail":"invalid role"}
    assert 400 == 200
     +  where 400 = &lt;Response [400]&gt;.status_code</error></testcase><testcase classname="backend.tests.test_sec002_pdf_scoping.TestGrnPdfScoping" name="test_privileged_200[admin]" time="0.000"><error message="failed on setup with &quot;AssertionError: dev-login failed site@vasu.dev/site_engineer: 400 {&quot;detail&quot;:&quot;invalid role&quot;}&#10;assert 400 == 200&#10; +  where 400 = &lt;Response [400]&gt;.status_code&quot;">E   AssertionError: dev-login failed site@vasu.dev/site_engineer: 400 {"detail":"invalid role"}
    assert 400 == 200
     +  where 400 = &lt;Response [400]&gt;.status_code</error></testcase><testcase classname="backend.tests.test_sec002_pdf_scoping.TestGrnPdfScoping" name="test_privileged_200[purchase]" time="0.000"><error message="failed on setup with &quot;AssertionError: dev-login failed site@vasu.dev/site_engineer: 400 {&quot;detail&quot;:&quot;invalid role&quot;}&#10;assert 400 == 200&#10; +  where 400 = &lt;Response [400]&gt;.status_code&quot;">E   AssertionError: dev-login failed site@vasu.dev/site_engineer: 400 {"detail":"invalid role"}
    assert 400 == 200
     +  where 400 = &lt;Response [400]&gt;.status_code</error></testcase><testcase classname="backend.tests.test_sec002_pdf_scoping.TestGrnPdfScoping" name="test_privileged_200[billing]" time="0.000"><error message="failed on setup with &quot;AssertionError: dev-login failed site@vasu.dev/site_engineer: 400 {&quot;detail&quot;:&quot;invalid role&quot;}&#10;assert 400 == 200&#10; +  where 400 = &lt;Response [400]&gt;.status_code&quot;">E   AssertionError: dev-login failed site@vasu.dev/site_engineer: 400 {"detail":"invalid role"}
    assert 400 == 200
     +  where 400 = &lt;Response [400]&gt;.status_code</error></testcase><testcase classname="backend.tests.test_sec002_pdf_scoping.TestInvoicePdfScoping" name="test_restricted_roles_403[site_engineer]" time="0.000"><error message="failed on setup with &quot;AssertionError: dev-login failed site@vasu.dev/site_engineer: 400 {&quot;detail&quot;:&quot;invalid role&quot;}&#10;assert 400 == 200&#10; +  where 400 = &lt;Response [400]&gt;.status_code&quot;">E   AssertionError: dev-login failed site@vasu.dev/site_engineer: 400 {"detail":"invalid role"}
    assert 400 == 200
     +  where 400 = &lt;Response [400]&gt;.status_code</error></testcase><testcase classname="backend.tests.test_sec002_pdf_scoping.TestInvoicePdfScoping" name="test_restricted_roles_403[project_manager]" time="0.000"><error message="failed on setup with &quot;AssertionError: dev-login failed site@vasu.dev/site_engineer: 400 {&quot;detail&quot;:&quot;invalid role&quot;}&#10;assert 400 == 200&#10; +  where 400 = &lt;Response [400]&gt;.status_code&quot;">E   AssertionError: dev-login failed site@vasu.dev/site_engineer: 400 {"detail":"invalid role"}
    assert 400 == 200
     +  where 400 = &lt;Response [400]&gt;.status_code</error></testcase><testcase classname="backend.tests.test_sec002_pdf_scoping.TestInvoicePdfScoping" name="test_restricted_roles_403[stranger]" time="0.000"><error message="failed on setup with &quot;AssertionError: dev-login failed site@vasu.dev/site_engineer: 400 {&quot;detail&quot;:&quot;invalid role&quot;}&#10;assert 400 == 200&#10; +  where 400 = &lt;Response [400]&gt;.status_code&quot;">E   AssertionError: dev-login failed site@vasu.dev/site_engineer: 400 {"detail":"invalid role"}
    assert 400 == 200
     +  where 400 = &lt;Response [400]&gt;.status_code</error></testcase><testcase classname="backend.tests.test_sec002_pdf_scoping.TestInvoicePdfScoping" name="test_restricted_roles_403[pm_stranger]" time="0.000"><error message="failed on setup with &quot;AssertionError: dev-login failed site@vasu.dev/site_engineer: 400 {&quot;detail&quot;:&quot;invalid role&quot;}&#10;assert 400 == 200&#10; +  where 400 = &lt;Response [400]&gt;.status_code&quot;">E   AssertionError: dev-login failed site@vasu.dev/site_engineer: 400 {"detail":"invalid role"}
    assert 400 == 200
     +  where 400 = &lt;Response [400]&gt;.status_code</error></testcase><testcase classname="backend.tests.test_sec002_pdf_scoping.TestInvoicePdfScoping" name="test_privileged_200[purchase]" time="0.000"><error message="failed on setup with &quot;AssertionError: dev-login failed site@vasu.dev/site_engineer: 400 {&quot;detail&quot;:&quot;invalid role&quot;}&#10;assert 400 == 200&#10; +  where 400 = &lt;Response [400]&gt;.status_code&quot;">E   AssertionError: dev-login failed site@vasu.dev/site_engineer: 400 {"detail":"invalid role"}
    assert 400 == 200
     +  where 400 = &lt;Response [400]&gt;.status_code</error></testcase><testcase classname="backend.tests.test_sec002_pdf_scoping.TestInvoicePdfScoping" name="test_privileged_200[billing]" time="0.000"><error message="failed on setup with &quot;AssertionError: dev-login failed site@vasu.dev/site_engineer: 400 {&quot;detail&quot;:&quot;invalid role&quot;}&#10;assert 400 == 200&#10; +  where 400 = &lt;Response [400]&gt;.status_code&quot;">E   AssertionError: dev-login failed site@vasu.dev/site_engineer: 400 {"detail":"invalid role"}
    assert 400 == 200
     +  where 400 = &lt;Response [400]&gt;.status_code</error></testcase><testcase classname="backend.tests.test_sec002_pdf_scoping.TestInvoicePdfScoping" name="test_privileged_200[admin]" time="0.000"><error message="failed on setup with &quot;AssertionError: dev-login failed site@vasu.dev/site_engineer: 400 {&quot;detail&quot;:&quot;invalid role&quot;}&#10;assert 400 == 200&#10; +  where 400 = &lt;Response [400]&gt;.status_code&quot;">E   AssertionError: dev-login failed site@vasu.dev/site_engineer: 400 {"detail":"invalid role"}
    assert 400 == 200
     +  where 400 = &lt;Response [400]&gt;.status_code</error></testcase><testcase classname="backend.tests.test_security_hardening.TestSec001DevLoginAndSeed" name="test_dev_login_enabled" time="0.003" /><testcase classname="backend.tests.test_security_hardening.TestSec001DevLoginAndSeed" name="test_seed_without_auth_401" time="0.015"><error message="failed on setup with &quot;AssertionError: dev-login failed for site@vasu.dev/site_engineer: 400 {&quot;detail&quot;:&quot;invalid role&quot;}&#10;assert 400 == 200&#10; +  where 400 = &lt;Response [400]&gt;.status_code&quot;">E   AssertionError: dev-login failed for site@vasu.dev/site_engineer: 400 {"detail":"invalid role"}
    assert 400 == 200
     +  where 400 = &lt;Response [400]&gt;.status_code</error></testcase><testcase classname="backend.tests.test_security_hardening.TestSec001DevLoginAndSeed" name="test_seed_as_site_engineer_403" time="0.000"><error message="failed on setup with &quot;AssertionError: dev-login failed for site@vasu.dev/site_engineer: 400 {&quot;detail&quot;:&quot;invalid role&quot;}&#10;assert 400 == 200&#10; +  where 400 = &lt;Response [400]&gt;.status_code&quot;">E   AssertionError: dev-login failed for site@vasu.dev/site_engineer: 400 {"detail":"invalid role"}
    assert 400 == 200
     +  where 400 = &lt;Response [400]&gt;.status_code</error></testcase><testcase classname="backend.tests.test_security_hardening.TestSec001DevLoginAndSeed" name="test_seed_as_admin_200" time="0.000"><error message="failed on setup with &quot;AssertionError: dev-login failed for site@vasu.dev/site_engineer: 400 {&quot;detail&quot;:&quot;invalid role&quot;}&#10;assert 400 == 200&#10; +  where 400 = &lt;Response [400]&gt;.status_code&quot;">E   AssertionError: dev-login failed for site@vasu.dev/site_engineer: 400 {"detail":"invalid role"}
    assert 400 == 200
     +  where 400 = &lt;Response [400]&gt;.status_code</error></testcase><testcase classname="backend.tests.test_security_hardening.TestSec002Audit" name="test_non_admin_forbidden[site_engineer]" time="0.000"><error message="failed on setup with &quot;AssertionError: dev-login failed for site@vasu.dev/site_engineer: 400 {&quot;detail&quot;:&quot;invalid role&quot;}&#10;assert 400 == 200&#10; +  where 400 = &lt;Response [400]&gt;.status_code&quot;">E   AssertionError: dev-login failed for site@vasu.dev/site_engineer: 400 {"detail":"invalid role"}
    assert 400 == 200
     +  where 400 = &lt;Response [400]&gt;.status_code</error></testcase><testcase classname="backend.tests.test_security_hardening.TestSec002Audit" name="test_non_admin_forbidden[project_manager]" time="0.000"><error message="failed on setup with &quot;AssertionError: dev-login failed for site@vasu.dev/site_engineer: 400 {&quot;detail&quot;:&quot;invalid role&quot;}&#10;assert 400 == 200&#10; +  where 400 = &lt;Response [400]&gt;.status_code&quot;">E   AssertionError: dev-login failed for site@vasu.dev/site_engineer: 400 {"detail":"invalid role"}
    assert 400 == 200
     +  where 400 = &lt;Response [400]&gt;.status_code</error></testcase><testcase classname="backend.tests.test_security_hardening.TestSec002Audit" name="test_non_admin_forbidden[purchase]" time="0.000"><error message="failed on setup with &quot;AssertionError: dev-login failed for site@vasu.dev/site_engineer: 400 {&quot;detail&quot;:&quot;invalid role&quot;}&#10;assert 400 == 200&#10; +  where 400 = &lt;Response [400]&gt;.status_code&quot;">E   AssertionError: dev-login failed for site@vasu.dev/site_engineer: 400 {"detail":"invalid role"}
    assert 400 == 200
     +  where 400 = &lt;Response [400]&gt;.status_code</error></testcase><testcase classname="backend.tests.test_security_hardening.TestSec002Audit" name="test_non_admin_forbidden[billing]" time="0.000"><error message="failed on setup with &quot;AssertionError: dev-login failed for site@vasu.dev/site_engineer: 400 {&quot;detail&quot;:&quot;invalid role&quot;}&#10;assert 400 == 200&#10; +  where 400 = &lt;Response [400]&gt;.status_code&quot;">E   AssertionError: dev-login failed for site@vasu.dev/site_engineer: 400 {"detail":"invalid role"}
    assert 400 == 200
     +  where 400 = &lt;Response [400]&gt;.status_code</error></testcase><testcase classname="backend.tests.test_security_hardening.TestSec002Audit" name="test_admin_ok" time="0.000"><error message="failed on setup with &quot;AssertionError: dev-login failed for site@vasu.dev/site_engineer: 400 {&quot;detail&quot;:&quot;invalid role&quot;}&#10;assert 400 == 200&#10; +  where 400 = &lt;Response [400]&gt;.status_code&quot;">E   AssertionError: dev-login failed for site@vasu.dev/site_engineer: 400 {"detail":"invalid role"}
    assert 400 == 200
     +  where 400 = &lt;Response [400]&gt;.status_code</error></testcase><testcase classname="backend.tests.test_security_hardening.TestSec002UsersRedaction" name="test_site_engineer_gets_empty_emails" time="0.000"><error message="failed on setup with &quot;AssertionError: dev-login failed for site@vasu.dev/site_engineer: 400 {&quot;detail&quot;:&quot;invalid role&quot;}&#10;assert 400 == 200&#10; +  where 400 = &lt;Response [400]&gt;.status_code&quot;">E   AssertionError: dev-login failed for site@vasu.dev/site_engineer: 400 {"detail":"invalid role"}
    assert 400 == 200
     +  where 400 = &lt;Response [400]&gt;.status_code</error></testcase><testcase classname="backend.tests.test_security_hardening.TestSec002UsersRedaction" name="test_admin_gets_real_emails" time="0.000"><error message="failed on setup with &quot;AssertionError: dev-login failed for site@vasu.dev/site_engineer: 400 {&quot;detail&quot;:&quot;invalid role&quot;}&#10;assert 400 == 200&#10; +  where 400 = &lt;Response [400]&gt;.status_code&quot;">E   AssertionError: dev-login failed for site@vasu.dev/site_engineer: 400 {"detail":"invalid role"}
    assert 400 == 200
     +  where 400 = &lt;Response [400]&gt;.status_code</error></testcase><testcase classname="backend.tests.test_security_hardening.TestSec003POReceived" name="test_non_authorized_403[site_engineer]" time="0.000"><error message="failed on setup with &quot;AssertionError: dev-login failed for site@vasu.dev/site_engineer: 400 {&quot;detail&quot;:&quot;invalid role&quot;}&#10;assert 400 == 200&#10; +  where 400 = &lt;Response [400]&gt;.status_code&quot;">E   AssertionError: dev-login failed for site@vasu.dev/site_engineer: 400 {"detail":"invalid role"}
    assert 400 == 200
     +  where 400 = &lt;Response [400]&gt;.status_code</error></testcase><testcase classname="backend.tests.test_security_hardening.TestSec003POReceived" name="test_non_authorized_403[project_manager]" time="0.000"><error message="failed on setup with &quot;AssertionError: dev-login failed for site@vasu.dev/site_engineer: 400 {&quot;detail&quot;:&quot;invalid role&quot;}&#10;assert 400 == 200&#10; +  where 400 = &lt;Response [400]&gt;.status_code&quot;">E   AssertionError: dev-login failed for site@vasu.dev/site_engineer: 400 {"detail":"invalid role"}
    assert 400 == 200
     +  where 400 = &lt;Response [400]&gt;.status_code</error></testcase><testcase classname="backend.tests.test_security_hardening.TestSec003POReceived" name="test_purchase_ok" time="0.000"><error message="failed on setup with &quot;AssertionError: dev-login failed for site@vasu.dev/site_engineer: 400 {&quot;detail&quot;:&quot;invalid role&quot;}&#10;assert 400 == 200&#10; +  where 400 = &lt;Response [400]&gt;.status_code&quot;">E   AssertionError: dev-login failed for site@vasu.dev/site_engineer: 400 {"detail":"invalid role"}
    assert 400 == 200
     +  where 400 = &lt;Response [400]&gt;.status_code</error></testcase><testcase classname="backend.tests.test_security_hardening.TestSec003POReceived" name="test_billing_ok" time="0.000"><error message="failed on setup with &quot;AssertionError: dev-login failed for site@vasu.dev/site_engineer: 400 {&quot;detail&quot;:&quot;invalid role&quot;}&#10;assert 400 == 200&#10; +  where 400 = &lt;Response [400]&gt;.status_code&quot;">E   AssertionError: dev-login failed for site@vasu.dev/site_engineer: 400 {"detail":"invalid role"}
    assert 400 == 200
     +  where 400 = &lt;Response [400]&gt;.status_code</error></testcase><testcase classname="backend.tests.test_security_hardening.TestSec003POReceived" name="test_admin_ok" time="0.000"><error message="failed on setup with &quot;AssertionError: dev-login failed for site@vasu.dev/site_engineer: 400 {&quot;detail&quot;:&quot;invalid role&quot;}&#10;assert 400 == 200&#10; +  where 400 = &lt;Response [400]&gt;.status_code&quot;">E   AssertionError: dev-login failed for site@vasu.dev/site_engineer: 400 {"detail":"invalid role"}
    assert 400 == 200
     +  where 400 = &lt;Response [400]&gt;.status_code</error></testcase><testcase classname="backend.tests.test_security_hardening.TestSec002POMRFScoping" name="test_get_po_stranger_403" time="0.000"><error message="failed on setup with &quot;AssertionError: dev-login failed for site@vasu.dev/site_engineer: 400 {&quot;detail&quot;:&quot;invalid role&quot;}&#10;assert 400 == 200&#10; +  where 400 = &lt;Response [400]&gt;.status_code&quot;">E   AssertionError: dev-login failed for site@vasu.dev/site_engineer: 400 {"detail":"invalid role"}
    assert 400 == 200
     +  where 400 = &lt;Response [400]&gt;.status_code</error></testcase><testcase classname="backend.tests.test_security_hardening.TestSec002POMRFScoping" name="test_get_po_admin_200" time="0.000"><error message="failed on setup with &quot;AssertionError: dev-login failed for site@vasu.dev/site_engineer: 400 {&quot;detail&quot;:&quot;invalid role&quot;}&#10;assert 400 == 200&#10; +  where 400 = &lt;Response [400]&gt;.status_code&quot;">E   AssertionError: dev-login failed for site@vasu.dev/site_engineer: 400 {"detail":"invalid role"}
    assert 400 == 200
     +  where 400 = &lt;Response [400]&gt;.status_code</error></testcase><testcase classname="backend.tests.test_security_hardening.TestSec002POMRFScoping" name="test_get_po_purchase_200" time="0.000"><error message="failed on setup with &quot;AssertionError: dev-login failed for site@vasu.dev/site_engineer: 400 {&quot;detail&quot;:&quot;invalid role&quot;}&#10;assert 400 == 200&#10; +  where 400 = &lt;Response [400]&gt;.status_code&quot;">E   AssertionError: dev-login failed for site@vasu.dev/site_engineer: 400 {"detail":"invalid role"}
    assert 400 == 200
     +  where 400 = &lt;Response [400]&gt;.status_code</error></testcase><testcase classname="backend.tests.test_security_hardening.TestSec002POMRFScoping" name="test_get_mrf_stranger_403" time="0.000"><error message="failed on setup with &quot;AssertionError: dev-login failed for site@vasu.dev/site_engineer: 400 {&quot;detail&quot;:&quot;invalid role&quot;}&#10;assert 400 == 200&#10; +  where 400 = &lt;Response [400]&gt;.status_code&quot;">E   AssertionError: dev-login failed for site@vasu.dev/site_engineer: 400 {"detail":"invalid role"}
    assert 400 == 200
     +  where 400 = &lt;Response [400]&gt;.status_code</error></testcase><testcase classname="backend.tests.test_security_hardening.TestSec002POMRFScoping" name="test_get_mrf_creator_200" time="0.000"><error message="failed on setup with &quot;AssertionError: dev-login failed for site@vasu.dev/site_engineer: 400 {&quot;detail&quot;:&quot;invalid role&quot;}&#10;assert 400 == 200&#10; +  where 400 = &lt;Response [400]&gt;.status_code&quot;">E   AssertionError: dev-login failed for site@vasu.dev/site_engineer: 400 {"detail":"invalid role"}
    assert 400 == 200
     +  where 400 = &lt;Response [400]&gt;.status_code</error></testcase><testcase classname="backend.tests.test_security_hardening.TestSec002POMRFScoping" name="test_get_mrf_admin_200" time="0.000"><error message="failed on setup with &quot;AssertionError: dev-login failed for site@vasu.dev/site_engineer: 400 {&quot;detail&quot;:&quot;invalid role&quot;}&#10;assert 400 == 200&#10; +  where 400 = &lt;Response [400]&gt;.status_code&quot;">E   AssertionError: dev-login failed for site@vasu.dev/site_engineer: 400 {"detail":"invalid role"}
    assert 400 == 200
     +  where 400 = &lt;Response [400]&gt;.status_code</error></testcase><testcase classname="backend.tests.test_security_hardening.TestSec002InvoiceBillingScoping" name="test_list_invoice_site_engineer_403" time="0.000"><error message="failed on setup with &quot;AssertionError: dev-login failed for site@vasu.dev/site_engineer: 400 {&quot;detail&quot;:&quot;invalid role&quot;}&#10;assert 400 == 200&#10; +  where 400 = &lt;Response [400]&gt;.status_code&quot;">E   AssertionError: dev-login failed for site@vasu.dev/site_engineer: 400 {"detail":"invalid role"}
    assert 400 == 200
     +  where 400 = &lt;Response [400]&gt;.status_code</error></testcase><testcase classname="backend.tests.test_security_hardening.TestSec002InvoiceBillingScoping" name="test_list_invoice_purchase_200" time="0.000"><error message="failed on setup with &quot;AssertionError: dev-login failed for site@vasu.dev/site_engineer: 400 {&quot;detail&quot;:&quot;invalid role&quot;}&#10;assert 400 == 200&#10; +  where 400 = &lt;Response [400]&gt;.status_code&quot;">E   AssertionError: dev-login failed for site@vasu.dev/site_engineer: 400 {"detail":"invalid role"}
    assert 400 == 200
     +  where 400 = &lt;Response [400]&gt;.status_code</error></testcase><testcase classname="backend.tests.test_security_hardening.TestSec002InvoiceBillingScoping" name="test_po_invoices_site_engineer_403" time="0.000"><error message="failed on setup with &quot;AssertionError: dev-login failed for site@vasu.dev/site_engineer: 400 {&quot;detail&quot;:&quot;invalid role&quot;}&#10;assert 400 == 200&#10; +  where 400 = &lt;Response [400]&gt;.status_code&quot;">E   AssertionError: dev-login failed for site@vasu.dev/site_engineer: 400 {"detail":"invalid role"}
    assert 400 == 200
     +  where 400 = &lt;Response [400]&gt;.status_code</error></testcase><testcase classname="backend.tests.test_security_hardening.TestSec002InvoiceBillingScoping" name="test_po_invoices_billing_200" time="0.000"><error message="failed on setup with &quot;AssertionError: dev-login failed for site@vasu.dev/site_engineer: 400 {&quot;detail&quot;:&quot;invalid role&quot;}&#10;assert 400 == 200&#10; +  where 400 = &lt;Response [400]&gt;.status_code&quot;">E   AssertionError: dev-login failed for site@vasu.dev/site_engineer: 400 {"detail":"invalid role"}
    assert 400 == 200
     +  where 400 = &lt;Response [400]&gt;.status_code</error></testcase><testcase classname="backend.tests.test_security_hardening.TestSec002InvoiceBillingScoping" name="test_invoice_by_id_site_engineer_403" time="0.000"><error message="failed on setup with &quot;AssertionError: dev-login failed for site@vasu.dev/site_engineer: 400 {&quot;detail&quot;:&quot;invalid role&quot;}&#10;assert 400 == 200&#10; +  where 400 = &lt;Response [400]&gt;.status_code&quot;">E   AssertionError: dev-login failed for site@vasu.dev/site_engineer: 400 {"detail":"invalid role"}
    assert 400 == 200
     +  where 400 = &lt;Response [400]&gt;.status_code</error></testcase><testcase classname="backend.tests.test_security_hardening.TestSec002InvoiceBillingScoping" name="test_billing_items_site_engineer_403" time="0.000"><error message="failed on setup with &quot;AssertionError: dev-login failed for site@vasu.dev/site_engineer: 400 {&quot;detail&quot;:&quot;invalid role&quot;}&#10;assert 400 == 200&#10; +  where 400 = &lt;Response [400]&gt;.status_code&quot;">E   AssertionError: dev-login failed for site@vasu.dev/site_engineer: 400 {"detail":"invalid role"}
    assert 400 == 200
     +  where 400 = &lt;Response [400]&gt;.status_code</error></testcase><testcase classname="backend.tests.test_security_hardening.TestSec002InvoiceBillingScoping" name="test_billing_items_billing_200" time="0.000"><error message="failed on setup with &quot;AssertionError: dev-login failed for site@vasu.dev/site_engineer: 400 {&quot;detail&quot;:&quot;invalid role&quot;}&#10;assert 400 == 200&#10; +  where 400 = &lt;Response [400]&gt;.status_code&quot;">E   AssertionError: dev-login failed for site@vasu.dev/site_engineer: 400 {"detail":"invalid role"}
    assert 400 == 200
     +  where 400 = &lt;Response [400]&gt;.status_code</error></testcase><testcase classname="backend.tests.test_security_hardening.TestSec002Sec004Exports" name="test_export_mrf_site_engineer_403" time="0.000"><error message="failed on setup with &quot;AssertionError: dev-login failed for site@vasu.dev/site_engineer: 400 {&quot;detail&quot;:&quot;invalid role&quot;}&#10;assert 400 == 200&#10; +  where 400 = &lt;Response [400]&gt;.status_code&quot;">E   AssertionError: dev-login failed for site@vasu.dev/site_engineer: 400 {"detail":"invalid role"}
    assert 400 == 200
     +  where 400 = &lt;Response [400]&gt;.status_code</error></testcase><testcase classname="backend.tests.test_security_hardening.TestSec002Sec004Exports" name="test_export_mrf_authorized_roles[project_manager]" time="0.000"><error message="failed on setup with &quot;AssertionError: dev-login failed for site@vasu.dev/site_engineer: 400 {&quot;detail&quot;:&quot;invalid role&quot;}&#10;assert 400 == 200&#10; +  where 400 = &lt;Response [400]&gt;.status_code&quot;">E   AssertionError: dev-login failed for site@vasu.dev/site_engineer: 400 {"detail":"invalid role"}
    assert 400 == 200
     +  where 400 = &lt;Response [400]&gt;.status_code</error></testcase><testcase classname="backend.tests.test_security_hardening.TestSec002Sec004Exports" name="test_export_mrf_authorized_roles[purchase]" time="0.000"><error message="failed on setup with &quot;AssertionError: dev-login failed for site@vasu.dev/site_engineer: 400 {&quot;detail&quot;:&quot;invalid role&quot;}&#10;assert 400 == 200&#10; +  where 400 = &lt;Response [400]&gt;.status_code&quot;">E   AssertionError: dev-login failed for site@vasu.dev/site_engineer: 400 {"detail":"invalid role"}
    assert 400 == 200
     +  where 400 = &lt;Response [400]&gt;.status_code</error></testcase><testcase classname="backend.tests.test_security_hardening.TestSec002Sec004Exports" name="test_export_mrf_authorized_roles[billing]" time="0.000"><error message="failed on setup with &quot;AssertionError: dev-login failed for site@vasu.dev/site_engineer: 400 {&quot;detail&quot;:&quot;invalid role&quot;}&#10;assert 400 == 200&#10; +  where 400 = &lt;Response [400]&gt;.status_code&quot;">E   AssertionError: dev-login failed for site@vasu.dev/site_engineer: 400 {"detail":"invalid role"}
    assert 400 == 200
     +  where 400 = &lt;Response [400]&gt;.status_code</error></testcase><testcase classname="backend.tests.test_security_hardening.TestSec002Sec004Exports" name="test_export_mrf_authorized_roles[admin]" time="0.000"><error message="failed on setup with &quot;AssertionError: dev-login failed for site@vasu.dev/site_engineer: 400 {&quot;detail&quot;:&quot;invalid role&quot;}&#10;assert 400 == 200&#10; +  where 400 = &lt;Response [400]&gt;.status_code&quot;">E   AssertionError: dev-login failed for site@vasu.dev/site_engineer: 400 {"detail":"invalid role"}
    assert 400 == 200
     +  where 400 = &lt;Response [400]&gt;.status_code</error></testcase><testcase classname="backend.tests.test_security_hardening.TestSec002Sec004Exports" name="test_export_po_site_engineer_403" time="0.000"><error message="failed on setup with &quot;AssertionError: dev-login failed for site@vasu.dev/site_engineer: 400 {&quot;detail&quot;:&quot;invalid role&quot;}&#10;assert 400 == 200&#10; +  where 400 = &lt;Response [400]&gt;.status_code&quot;">E   AssertionError: dev-login failed for site@vasu.dev/site_engineer: 400 {"detail":"invalid role"}
    assert 400 == 200
     +  where 400 = &lt;Response [400]&gt;.status_code</error></testcase><testcase classname="backend.tests.test_security_hardening.TestSec002Sec004Exports" name="test_export_po_pm_403" time="0.000"><error message="failed on setup with &quot;AssertionError: dev-login failed for site@vasu.dev/site_engineer: 400 {&quot;detail&quot;:&quot;invalid role&quot;}&#10;assert 400 == 200&#10; +  where 400 = &lt;Response [400]&gt;.status_code&quot;">E   AssertionError: dev-login failed for site@vasu.dev/site_engineer: 400 {"detail":"invalid role"}
    assert 400 == 200
     +  where 400 = &lt;Response [400]&gt;.status_code</error></testcase><testcase classname="backend.tests.test_security_hardening.TestSec002Sec004Exports" name="test_export_po_authorized[purchase]" time="0.000"><error message="failed on setup with &quot;AssertionError: dev-login failed for site@vasu.dev/site_engineer: 400 {&quot;detail&quot;:&quot;invalid role&quot;}&#10;assert 400 == 200&#10; +  where 400 = &lt;Response [400]&gt;.status_code&quot;">E   AssertionError: dev-login failed for site@vasu.dev/site_engineer: 400 {"detail":"invalid role"}
    assert 400 == 200
     +  where 400 = &lt;Response [400]&gt;.status_code</error></testcase><testcase classname="backend.tests.test_security_hardening.TestSec002Sec004Exports" name="test_export_po_authorized[billing]" time="0.000"><error message="failed on setup with &quot;AssertionError: dev-login failed for site@vasu.dev/site_engineer: 400 {&quot;detail&quot;:&quot;invalid role&quot;}&#10;assert 400 == 200&#10; +  where 400 = &lt;Response [400]&gt;.status_code&quot;">E   AssertionError: dev-login failed for site@vasu.dev/site_engineer: 400 {"detail":"invalid role"}
    assert 400 == 200
     +  where 400 = &lt;Response [400]&gt;.status_code</error></testcase><testcase classname="backend.tests.test_security_hardening.TestSec002Sec004Exports" name="test_export_po_authorized[admin]" time="0.000"><error message="failed on setup with &quot;AssertionError: dev-login failed for site@vasu.dev/site_engineer: 400 {&quot;detail&quot;:&quot;invalid role&quot;}&#10;assert 400 == 200&#10; +  where 400 = &lt;Response [400]&gt;.status_code&quot;">E   AssertionError: dev-login failed for site@vasu.dev/site_engineer: 400 {"detail":"invalid role"}
    assert 400 == 200
     +  where 400 = &lt;Response [400]&gt;.status_code</error></testcase><testcase classname="backend.tests.test_security_hardening.TestSec002Sec004Exports" name="test_formula_injection_defense" time="0.000"><error message="failed on setup with &quot;AssertionError: dev-login failed for site@vasu.dev/site_engineer: 400 {&quot;detail&quot;:&quot;invalid role&quot;}&#10;assert 400 == 200&#10; +  where 400 = &lt;Response [400]&gt;.status_code&quot;">E   AssertionError: dev-login failed for site@vasu.dev/site_engineer: 400 {"detail":"invalid role"}
    assert 400 == 200
     +  where 400 = &lt;Response [400]&gt;.status_code</error></testcase><testcase classname="backend.tests.test_security_hardening.TestSec004Imports" name="test_vendors_import_bad_extension_400" time="0.000"><error message="failed on setup with &quot;AssertionError: dev-login failed for site@vasu.dev/site_engineer: 400 {&quot;detail&quot;:&quot;invalid role&quot;}&#10;assert 400 == 200&#10; +  where 400 = &lt;Response [400]&gt;.status_code&quot;">E   AssertionError: dev-login failed for site@vasu.dev/site_engineer: 400 {"detail":"invalid role"}
    assert 400 == 200
     +  where 400 = &lt;Response [400]&gt;.status_code</error></testcase><testcase classname="backend.tests.test_security_hardening.TestSec004Imports" name="test_vendors_import_too_large_413" time="0.000"><error message="failed on setup with &quot;AssertionError: dev-login failed for site@vasu.dev/site_engineer: 400 {&quot;detail&quot;:&quot;invalid role&quot;}&#10;assert 400 == 200&#10; +  where 400 = &lt;Response [400]&gt;.status_code&quot;">E   AssertionError: dev-login failed for site@vasu.dev/site_engineer: 400 {"detail":"invalid role"}
    assert 400 == 200
     +  where 400 = &lt;Response [400]&gt;.status_code</error></testcase><testcase classname="backend.tests.test_security_hardening.TestSec004Imports" name="test_mrf_import_bad_extension_400" time="0.000"><error message="failed on setup with &quot;AssertionError: dev-login failed for site@vasu.dev/site_engineer: 400 {&quot;detail&quot;:&quot;invalid role&quot;}&#10;assert 400 == 200&#10; +  where 400 = &lt;Response [400]&gt;.status_code&quot;">E   AssertionError: dev-login failed for site@vasu.dev/site_engineer: 400 {"detail":"invalid role"}
    assert 400 == 200
     +  where 400 = &lt;Response [400]&gt;.status_code</error></testcase><testcase classname="backend.tests.test_security_hardening.TestSec004Imports" name="test_mrf_import_too_large_413" time="0.000"><error message="failed on setup with &quot;AssertionError: dev-login failed for site@vasu.dev/site_engineer: 400 {&quot;detail&quot;:&quot;invalid role&quot;}&#10;assert 400 == 200&#10; +  where 400 = &lt;Response [400]&gt;.status_code&quot;">E   AssertionError: dev-login failed for site@vasu.dev/site_engineer: 400 {"detail":"invalid role"}
    assert 400 == 200
     +  where 400 = &lt;Response [400]&gt;.status_code</error></testcase><testcase classname="backend.tests.test_security_hardening.TestSec002GRN" name="test_po_grns_stranger_403" time="0.000"><error message="failed on setup with &quot;AssertionError: dev-login failed for site@vasu.dev/site_engineer: 400 {&quot;detail&quot;:&quot;invalid role&quot;}&#10;assert 400 == 200&#10; +  where 400 = &lt;Response [400]&gt;.status_code&quot;">E   AssertionError: dev-login failed for site@vasu.dev/site_engineer: 400 {"detail":"invalid role"}
    assert 400 == 200
     +  where 400 = &lt;Response [400]&gt;.status_code</error></testcase><testcase classname="backend.tests.test_security_hardening.TestSec002GRN" name="test_po_grns_authorized[admin]" time="0.000"><error message="failed on setup with &quot;AssertionError: dev-login failed for site@vasu.dev/site_engineer: 400 {&quot;detail&quot;:&quot;invalid role&quot;}&#10;assert 400 == 200&#10; +  where 400 = &lt;Response [400]&gt;.status_code&quot;">E   AssertionError: dev-login failed for site@vasu.dev/site_engineer: 400 {"detail":"invalid role"}
    assert 400 == 200
     +  where 400 = &lt;Response [400]&gt;.status_code</error></testcase><testcase classname="backend.tests.test_security_hardening.TestSec002GRN" name="test_po_grns_authorized[purchase]" time="0.000"><error message="failed on setup with &quot;AssertionError: dev-login failed for site@vasu.dev/site_engineer: 400 {&quot;detail&quot;:&quot;invalid role&quot;}&#10;assert 400 == 200&#10; +  where 400 = &lt;Response [400]&gt;.status_code&quot;">E   AssertionError: dev-login failed for site@vasu.dev/site_engineer: 400 {"detail":"invalid role"}
    assert 400 == 200
     +  where 400 = &lt;Response [400]&gt;.status_code</error></testcase><testcase classname="backend.tests.test_security_hardening.TestSec002GRN" name="test_po_grns_authorized[billing]" time="0.000"><error message="failed on setup with &quot;AssertionError: dev-login failed for site@vasu.dev/site_engineer: 400 {&quot;detail&quot;:&quot;invalid role&quot;}&#10;assert 400 == 200&#10; +  where 400 = &lt;Response [400]&gt;.status_code&quot;">E   AssertionError: dev-login failed for site@vasu.dev/site_engineer: 400 {"detail":"invalid role"}
    assert 400 == 200
     +  where 400 = &lt;Response [400]&gt;.status_code</error></testcase><testcase classname="backend.tests.test_security_hardening.TestSec002GRN" name="test_grns_list_site_engineer_403" time="0.000"><error message="failed on setup with &quot;AssertionError: dev-login failed for site@vasu.dev/site_engineer: 400 {&quot;detail&quot;:&quot;invalid role&quot;}&#10;assert 400 == 200&#10; +  where 400 = &lt;Response [400]&gt;.status_code&quot;">E   AssertionError: dev-login failed for site@vasu.dev/site_engineer: 400 {"detail":"invalid role"}
    assert 400 == 200
     +  where 400 = &lt;Response [400]&gt;.status_code</error></testcase><testcase classname="backend.tests.test_security_hardening.TestSec002GRN" name="test_grns_list_authorized[admin]" time="0.000"><error message="failed on setup with &quot;AssertionError: dev-login failed for site@vasu.dev/site_engineer: 400 {&quot;detail&quot;:&quot;invalid role&quot;}&#10;assert 400 == 200&#10; +  where 400 = &lt;Response [400]&gt;.status_code&quot;">E   AssertionError: dev-login failed for site@vasu.dev/site_engineer: 400 {"detail":"invalid role"}
    assert 400 == 200
     +  where 400 = &lt;Response [400]&gt;.status_code</error></testcase><testcase classname="backend.tests.test_security_hardening.TestSec002GRN" name="test_grns_list_authorized[purchase]" time="0.000"><error message="failed on setup with &quot;AssertionError: dev-login failed for site@vasu.dev/site_engineer: 400 {&quot;detail&quot;:&quot;invalid role&quot;}&#10;assert 400 == 200&#10; +  where 400 = &lt;Response [400]&gt;.status_code&quot;">E   AssertionError: dev-login failed for site@vasu.dev/site_engineer: 400 {"detail":"invalid role"}
    assert 400 == 200
     +  where 400 = &lt;Response [400]&gt;.status_code</error></testcase><testcase classname="backend.tests.test_security_hardening.TestSec002GRN" name="test_grns_list_authorized[billing]" time="0.000"><error message="failed on setup with &quot;AssertionError: dev-login failed for site@vasu.dev/site_engineer: 400 {&quot;detail&quot;:&quot;invalid role&quot;}&#10;assert 400 == 200&#10; +  where 400 = &lt;Response [400]&gt;.status_code&quot;">E   AssertionError: dev-login failed for site@vasu.dev/site_engineer: 400 {"detail":"invalid role"}
    assert 400 == 200
     +  where 400 = &lt;Response [400]&gt;.status_code</error></testcase><testcase classname="backend.tests.test_security_hardening.TestRegressionCoreFlows" name="test_mrf_list_admin" time="0.000"><error message="failed on setup with &quot;AssertionError: dev-login failed for site@vasu.dev/site_engineer: 400 {&quot;detail&quot;:&quot;invalid role&quot;}&#10;assert 400 == 200&#10; +  where 400 = &lt;Response [400]&gt;.status_code&quot;">E   AssertionError: dev-login failed for site@vasu.dev/site_engineer: 400 {"detail":"invalid role"}
    assert 400 == 200
     +  where 400 = &lt;Response [400]&gt;.status_code</error></testcase><testcase classname="backend.tests.test_security_hardening.TestRegressionCoreFlows" name="test_po_list_admin" time="0.000"><error message="failed on setup with &quot;AssertionError: dev-login failed for site@vasu.dev/site_engineer: 400 {&quot;detail&quot;:&quot;invalid role&quot;}&#10;assert 400 == 200&#10; +  where 400 = &lt;Response [400]&gt;.status_code&quot;">E   AssertionError: dev-login failed for site@vasu.dev/site_engineer: 400 {"detail":"invalid role"}
    assert 400 == 200
     +  where 400 = &lt;Response [400]&gt;.status_code</error></testcase><testcase classname="backend.tests.test_security_hardening.TestRegressionCoreFlows" name="test_po_pdf_admin" time="0.000"><error message="failed on setup with &quot;AssertionError: dev-login failed for site@vasu.dev/site_engineer: 400 {&quot;detail&quot;:&quot;invalid role&quot;}&#10;assert 400 == 200&#10; +  where 400 = &lt;Response [400]&gt;.status_code&quot;">E   AssertionError: dev-login failed for site@vasu.dev/site_engineer: 400 {"detail":"invalid role"}
    assert 400 == 200
     +  where 400 = &lt;Response [400]&gt;.status_code</error></testcase><testcase classname="backend.tests.test_security_hardening.TestRegressionCoreFlows" name="test_invoice_create_and_pdf" time="0.000"><error message="failed on setup with &quot;AssertionError: dev-login failed for site@vasu.dev/site_engineer: 400 {&quot;detail&quot;:&quot;invalid role&quot;}&#10;assert 400 == 200&#10; +  where 400 = &lt;Response [400]&gt;.status_code&quot;">E   AssertionError: dev-login failed for site@vasu.dev/site_engineer: 400 {"detail":"invalid role"}
    assert 400 == 200
     +  where 400 = &lt;Response [400]&gt;.status_code</error></testcase><testcase classname="backend.tests.test_security_hardening.TestRegressionCoreFlows" name="test_dashboard_admin" time="0.000"><error message="failed on setup with &quot;AssertionError: dev-login failed for site@vasu.dev/site_engineer: 400 {&quot;detail&quot;:&quot;invalid role&quot;}&#10;assert 400 == 200&#10; +  where 400 = &lt;Response [400]&gt;.status_code&quot;">E   AssertionError: dev-login failed for site@vasu.dev/site_engineer: 400 {"detail":"invalid role"}
    assert 400 == 200
     +  where 400 = &lt;Response [400]&gt;.status_code</error></testcase><testcase classname="backend.tests.test_security_hardening.TestRegressionCoreFlows" name="test_import_vendors_valid_xlsx" time="0.000"><error message="failed on setup with &quot;AssertionError: dev-login failed for site@vasu.dev/site_engineer: 400 {&quot;detail&quot;:&quot;invalid role&quot;}&#10;assert 400 == 200&#10; +  where 400 = &lt;Response [400]&gt;.status_code&quot;">E   AssertionError: dev-login failed for site@vasu.dev/site_engineer: 400 {"detail":"invalid role"}
    assert 400 == 200
     +  where 400 = &lt;Response [400]&gt;.status_code</error></testcase></testsuite></testsuites>