<?xml version="1.0" encoding="utf-8"?><testsuites name="pytest tests"><testsuite name="pytest" errors="0" failures="0" skipped="0" tests="89" time="56.173" timestamp="2026-07-16T01:10:57.106928+00:00" hostname="agent-env-44a450b1-d91d-48d4-89a7-f56f229423cf"><testcase classname="backend.tests.test_grn_and_import.TestGRNCreation" name="test_partial_receive_returns_grn_ids" time="1.647" /><testcase classname="backend.tests.test_grn_and_import.TestGRNCreation" name="test_receipts_array_populated_on_po_items" time="0.102" /><testcase classname="backend.tests.test_grn_and_import.TestGRNCreation" name="test_second_partial_receipt_creates_second_grn" time="0.123" /><testcase classname="backend.tests.test_grn_and_import.TestGRNCreation" name="test_over_receive_is_clamped_and_no_grn" time="0.106" /><testcase classname="backend.tests.test_grn_and_import.TestGRNList" name="test_list_grns_for_po" time="0.111" /><testcase classname="backend.tests.test_grn_and_import.TestGRNList" name="test_list_all_grns" time="0.108" /><testcase classname="backend.tests.test_grn_and_import.TestGRNList" name="test_grn_list_requires_auth" time="0.098" /><testcase classname="backend.tests.test_grn_and_import.TestGRNPdf" name="test_grn_pdf_download_with_token" time="0.108" /><testcase classname="backend.tests.test_grn_and_import.TestGRNPdf" name="test_grn_pdf_missing_returns_404" time="0.105" /><testcase classname="backend.tests.test_grn_and_import.TestGRNPdf" name="test_grn_pdf_without_auth" time="0.102" /><testcase classname="backend.tests.test_grn_and_import.TestImportTemplates" name="test_vendor_template_download" time="0.135" /><testcase classname="backend.tests.test_grn_and_import.TestImportTemplates" name="test_mrf_template_download" time="0.107" /><testcase classname="backend.tests.test_grn_and_import.TestImportTemplates" name="test_templates_require_auth" time="0.206" /><testcase classname="backend.tests.test_grn_and_import.TestVendorImport" name="test_import_vendors_inserts_new_skips_dupes" time="0.216" /><testcase classname="backend.tests.test_grn_and_import.TestVendorImport" name="test_import_vendors_rejects_non_admin_non_purchase" time="0.111" /><testcase classname="backend.tests.test_grn_and_import.TestVendorImport" name="test_import_vendors_bad_file_returns_400" time="0.110" /><testcase classname="backend.tests.test_grn_and_import.TestMRFImport" name="test_import_mrf_groups_rows" time="0.337" /><testcase classname="backend.tests.test_grn_and_import.TestMRFImport" name="test_import_mrf_reports_bad_project" time="0.110" /><testcase classname="backend.tests.test_invoice_variance.TestInvoiceCreation" name="test_site_engineer_forbidden" time="1.798" /><testcase classname="backend.tests.test_invoice_variance.TestInvoiceCreation" name="test_purchase_creates_invoice" time="0.211" /><testcase classname="backend.tests.test_invoice_variance.TestInvoiceCreation" name="test_billing_can_create" time="0.123" /><testcase classname="backend.tests.test_invoice_variance.TestInvoiceCreation" name="test_invoice_number_increments" time="0.102" /><testcase classname="backend.tests.test_invoice_variance.TestInvoiceCreation" name="test_bad_po_returns_404" time="0.102" /><testcase classname="backend.tests.test_invoice_variance.TestInvoiceRetrieval" name="test_list_all_invoices" time="0.124" /><testcase classname="backend.tests.test_invoice_variance.TestInvoiceRetrieval" name="test_list_invoice_filter_by_po" time="0.097" /><testcase classname="backend.tests.test_invoice_variance.TestInvoiceRetrieval" name="test_get_single_invoice" time="0.103" /><testcase classname="backend.tests.test_invoice_variance.TestInvoiceRetrieval" name="test_get_single_invoice_not_found" time="0.100" /><testcase classname="backend.tests.test_invoice_variance.TestInvoiceRetrieval" name="test_list_po_invoices" time="0.102" /><testcase classname="backend.tests.test_invoice_variance.TestInvoiceRetrieval" name="test_list_requires_auth" time="0.103" /><testcase classname="backend.tests.test_invoice_variance.TestInvoicePDF" name="test_pdf_download" time="0.152" /><testcase classname="backend.tests.test_invoice_variance.TestInvoicePDF" name="test_pdf_missing_404" time="0.097" /><testcase classname="backend.tests.test_invoice_variance.TestInvoicePDF" name="test_pdf_without_auth" time="36.224" /><testcase classname="backend.tests.test_invoice_variance.TestVarianceReport" name="test_variance_shape_and_sort" time="0.178" /><testcase classname="backend.tests.test_invoice_variance.TestVarianceReport" name="test_our_po_in_variance" time="0.097" /><testcase classname="backend.tests.test_invoice_variance.TestVarianceReport" name="test_variance_filter_by_project" time="0.105" /><testcase classname="backend.tests.test_invoice_variance.TestVarianceReport" name="test_variance_filter_by_vendor" time="0.119" /><testcase classname="backend.tests.test_invoice_variance.TestVarianceReport" name="test_variance_requires_auth" time="0.113" /><testcase classname="backend.tests.test_mrf_po_workflow.TestAuth" name="test_seed_idempotent" time="0.230" /><testcase classname="backend.tests.test_mrf_po_workflow.TestAuth" name="test_dev_login_returns_token" time="0.102" /><testcase classname="backend.tests.test_mrf_po_workflow.TestAuth" name="test_me_endpoint" time="0.748" /><testcase classname="backend.tests.test_mrf_po_workflow.TestAuth" name="test_me_unauthorized" time="0.104" /><testcase classname="backend.tests.test_mrf_po_workflow.TestMasters" name="test_list_projects" time="0.098" /><testcase classname="backend.tests.test_mrf_po_workflow.TestMasters" name="test_list_vendors" time="0.119" /><testcase classname="backend.tests.test_mrf_po_workflow.TestMasters" name="test_masters_grouped" time="0.097" /><testcase classname="backend.tests.test_mrf_po_workflow.TestRoleAccess" name="test_site_engineer_cannot_create_po" time="0.096" /><testcase classname="backend.tests.test_mrf_po_workflow.TestRoleAccess" name="test_non_admin_cannot_change_role" time="0.104" /><testcase classname="backend.tests.test_mrf_po_workflow.TestMRFWorkflow" name="test_01_create_mrf" time="0.223" /><testcase classname="backend.tests.test_mrf_po_workflow.TestMRFWorkflow" name="test_02_submit_mrf" time="0.290" /><testcase classname="backend.tests.test_mrf_po_workflow.TestMRFWorkflow" name="test_03_pm_approve_with_item_actions" time="0.226" /><testcase classname="backend.tests.test_mrf_po_workflow.TestMRFWorkflow" name="test_04_send_to_purchase" time="0.105" /><testcase classname="backend.tests.test_mrf_po_workflow.TestMRFWorkflow" name="test_05_po_reject_rejected_item" time="0.208" /><testcase classname="backend.tests.test_mrf_po_workflow.TestMRFWorkflow" name="test_06_create_po" time="0.298" /><testcase classname="backend.tests.test_mrf_po_workflow.TestMRFWorkflow" name="test_07_po_pdf_download" time="0.113" /><testcase classname="backend.tests.test_mrf_po_workflow.TestMRFWorkflow" name="test_08_po_mark_received" time="0.105" /><testcase classname="backend.tests.test_mrf_po_workflow.TestMRFWorkflow" name="test_09_billing_update" time="0.207" /><testcase classname="backend.tests.test_mrf_po_workflow.TestMRFWorkflow" name="test_10_billing_override_required" time="0.106" /><testcase classname="backend.tests.test_mrf_po_workflow.TestMRFWorkflow" name="test_11_billing_override_with_reason" time="0.125" /><testcase classname="backend.tests.test_mrf_po_workflow.TestReturnFlow" name="test_pm_return_mrf" time="0.417" /><testcase classname="backend.tests.test_mrf_po_workflow.TestReports" name="test_dashboard" time="0.112" /><testcase classname="backend.tests.test_mrf_po_workflow.TestReports" name="test_mrf_ageing" time="0.101" /><testcase classname="backend.tests.test_mrf_po_workflow.TestReports" name="test_audit_logs" time="0.106" /><testcase classname="backend.tests.test_mrf_po_workflow.TestReports" name="test_excel_export_mrf" time="0.156" /><testcase classname="backend.tests.test_mrf_po_workflow.TestReports" name="test_notifications" time="0.104" /><testcase classname="backend.tests.test_mrf_po_workflow.TestAdmin" name="test_admin_can_change_role" time="0.243" /><testcase classname="backend.tests.test_project_team.TestProjectSeed" name="test_seed_projects_have_team_arrays" time="0.752" /><testcase classname="backend.tests.test_project_team.TestProjectSeed" name="test_seed_idempotent_no_duplicates" time="0.215" /><testcase classname="backend.tests.test_project_team.TestProjectListFilter" name="test_admin_sees_all" time="0.119" /><testcase classname="backend.tests.test_project_team.TestProjectListFilter" name="test_admin_all_1_bypass" time="0.121" /><testcase classname="backend.tests.test_project_team.TestProjectListFilter" name="test_purchase_sees_all" time="0.106" /><testcase classname="backend.tests.test_project_team.TestProjectListFilter" name="test_billing_sees_all" time="0.117" /><testcase classname="backend.tests.test_project_team.TestProjectListFilter" name="test_seeded_site_engineer_sees_assigned" time="0.111" /><testcase classname="backend.tests.test_project_team.TestProjectListFilter" name="test_seeded_pm_sees_assigned" time="0.095" /><testcase classname="backend.tests.test_project_team.TestProjectListFilter" name="test_fresh_site_engineer_sees_none" time="0.314" /><testcase classname="backend.tests.test_project_team.TestProjectListFilter" name="test_fresh_pm_sees_none" time="0.125" /><testcase classname="backend.tests.test_project_team.TestProjectTeamUpdate" name="test_non_admin_forbidden" time="0.805" /><testcase classname="backend.tests.test_project_team.TestProjectTeamUpdate" name="test_admin_updates_team_and_persists" time="0.551" /><testcase classname="backend.tests.test_project_team.TestProjectTeamUpdate" name="test_admin_404_bad_project" time="0.108" /><testcase classname="backend.tests.test_project_team.TestProjectTeamUpdate" name="test_admin_empty_body_400" time="0.197" /><testcase classname="backend.tests.test_project_team.TestMRFCreateGuard" name="test_seeded_se_can_create_on_assigned" time="0.201" /><testcase classname="backend.tests.test_project_team.TestMRFCreateGuard" name="test_fresh_se_forbidden_on_unassigned" time="0.213" /><testcase classname="backend.tests.test_project_team.TestMRFCreateGuard" name="test_fresh_se_allowed_after_assignment" time="0.325" /><testcase classname="backend.tests.test_project_team.TestMRFApproveGuard" name="test_seeded_pm_can_approve" time="0.494" /><testcase classname="backend.tests.test_project_team.TestMRFApproveGuard" name="test_fresh_pm_forbidden" time="0.430" /><testcase classname="backend.tests.test_project_team.TestMRFListPMFilter" name="test_pm_lists_only_assigned" time="0.212" /><testcase classname="backend.tests.test_project_team.TestMRFListPMFilter" name="test_fresh_pm_lists_only_assigned_projects" time="0.213" /><testcase classname="backend.tests.test_project_team.TestRegression" name="test_purchase_can_create_po_from_approved_mrf" time="0.770" /><testcase classname="backend.tests.test_project_team.TestRegression" name="test_billing_update_still_works" time="0.216" /><testcase classname="backend.tests.test_project_team.TestRegression" name="test_admin_passthrough_projects" time="0.101" /><testcase classname="backend.tests.test_project_team.TestRegression" name="test_dashboard_ok" time="0.115" /></testsuite></testsuites>