<?xml version="1.0" encoding="utf-8"?><testsuites name="pytest tests"><testsuite name="pytest" errors="0" failures="0" skipped="0" tests="58" time="0.591" timestamp="2026-07-16T02:48:43.766320+00:00" hostname="agent-env-44a450b1-d91d-48d4-89a7-f56f229423cf"><testcase classname="backend.tests.test_security_hardening.TestSec001DevLoginAndSeed" name="test_dev_login_enabled" time="0.006" /><testcase classname="backend.tests.test_security_hardening.TestSec001DevLoginAndSeed" name="test_seed_without_auth_401" time="0.036" /><testcase classname="backend.tests.test_security_hardening.TestSec001DevLoginAndSeed" name="test_seed_as_site_engineer_403" time="0.003" /><testcase classname="backend.tests.test_security_hardening.TestSec001DevLoginAndSeed" name="test_seed_as_admin_200" time="0.013" /><testcase classname="backend.tests.test_security_hardening.TestSec002Audit" name="test_non_admin_forbidden[site_engineer]" time="0.002" /><testcase classname="backend.tests.test_security_hardening.TestSec002Audit" name="test_non_admin_forbidden[project_manager]" time="0.002" /><testcase classname="backend.tests.test_security_hardening.TestSec002Audit" name="test_non_admin_forbidden[purchase]" time="0.002" /><testcase classname="backend.tests.test_security_hardening.TestSec002Audit" name="test_non_admin_forbidden[billing]" time="0.002" /><testcase classname="backend.tests.test_security_hardening.TestSec002Audit" name="test_admin_ok" time="0.008" /><testcase classname="backend.tests.test_security_hardening.TestSec002UsersRedaction" name="test_site_engineer_gets_empty_emails" time="0.003" /><testcase classname="backend.tests.test_security_hardening.TestSec002UsersRedaction" name="test_admin_gets_real_emails" time="0.003" /><testcase classname="backend.tests.test_security_hardening.TestSec003POReceived" name="test_non_authorized_403[site_engineer]" time="0.024" /><testcase classname="backend.tests.test_security_hardening.TestSec003POReceived" name="test_non_authorized_403[project_manager]" time="0.002" /><testcase classname="backend.tests.test_security_hardening.TestSec003POReceived" name="test_purchase_ok" time="0.003" /><testcase classname="backend.tests.test_security_hardening.TestSec003POReceived" name="test_billing_ok" time="0.003" /><testcase classname="backend.tests.test_security_hardening.TestSec003POReceived" name="test_admin_ok" time="0.003" /><testcase classname="backend.tests.test_security_hardening.TestSec002POMRFScoping" name="test_get_po_stranger_403" time="0.002" /><testcase classname="backend.tests.test_security_hardening.TestSec002POMRFScoping" name="test_get_po_admin_200" time="0.002" /><testcase classname="backend.tests.test_security_hardening.TestSec002POMRFScoping" name="test_get_po_purchase_200" time="0.002" /><testcase classname="backend.tests.test_security_hardening.TestSec002POMRFScoping" name="test_get_mrf_stranger_403" time="0.002" /><testcase classname="backend.tests.test_security_hardening.TestSec002POMRFScoping" name="test_get_mrf_creator_200" time="0.002" /><testcase classname="backend.tests.test_security_hardening.TestSec002POMRFScoping" name="test_get_mrf_admin_200" time="0.002" /><testcase classname="backend.tests.test_security_hardening.TestSec002InvoiceBillingScoping" name="test_list_invoice_site_engineer_403" time="0.002" /><testcase classname="backend.tests.test_security_hardening.TestSec002InvoiceBillingScoping" name="test_list_invoice_purchase_200" time="0.003" /><testcase classname="backend.tests.test_security_hardening.TestSec002InvoiceBillingScoping" name="test_po_invoices_site_engineer_403" time="0.002" /><testcase classname="backend.tests.test_security_hardening.TestSec002InvoiceBillingScoping" name="test_po_invoices_billing_200" time="0.002" /><testcase classname="backend.tests.test_security_hardening.TestSec002InvoiceBillingScoping" name="test_invoice_by_id_site_engineer_403" time="0.002" /><testcase classname="backend.tests.test_security_hardening.TestSec002InvoiceBillingScoping" name="test_billing_items_site_engineer_403" time="0.002" /><testcase classname="backend.tests.test_security_hardening.TestSec002InvoiceBillingScoping" name="test_billing_items_billing_200" time="0.004" /><testcase classname="backend.tests.test_security_hardening.TestSec002Sec004Exports" name="test_export_mrf_site_engineer_403" time="0.002" /><testcase classname="backend.tests.test_security_hardening.TestSec002Sec004Exports" name="test_export_mrf_authorized_roles[project_manager]" time="0.019" /><testcase classname="backend.tests.test_security_hardening.TestSec002Sec004Exports" name="test_export_mrf_authorized_roles[purchase]" time="0.015" /><testcase classname="backend.tests.test_security_hardening.TestSec002Sec004Exports" name="test_export_mrf_authorized_roles[billing]" time="0.014" /><testcase classname="backend.tests.test_security_hardening.TestSec002Sec004Exports" name="test_export_mrf_authorized_roles[admin]" time="0.014" /><testcase classname="backend.tests.test_security_hardening.TestSec002Sec004Exports" name="test_export_po_site_engineer_403" time="0.002" /><testcase classname="backend.tests.test_security_hardening.TestSec002Sec004Exports" name="test_export_po_pm_403" time="0.002" /><testcase classname="backend.tests.test_security_hardening.TestSec002Sec004Exports" name="test_export_po_authorized[purchase]" time="0.009" /><testcase classname="backend.tests.test_security_hardening.TestSec002Sec004Exports" name="test_export_po_authorized[billing]" time="0.009" /><testcase classname="backend.tests.test_security_hardening.TestSec002Sec004Exports" name="test_export_po_authorized[admin]" time="0.009" /><testcase classname="backend.tests.test_security_hardening.TestSec002Sec004Exports" name="test_formula_injection_defense" time="0.030" /><testcase classname="backend.tests.test_security_hardening.TestSec004Imports" name="test_vendors_import_bad_extension_400" time="0.007" /><testcase classname="backend.tests.test_security_hardening.TestSec004Imports" name="test_vendors_import_too_large_413" time="0.018" /><testcase classname="backend.tests.test_security_hardening.TestSec004Imports" name="test_mrf_import_bad_extension_400" time="0.002" /><testcase classname="backend.tests.test_security_hardening.TestSec004Imports" name="test_mrf_import_too_large_413" time="0.019" /><testcase classname="backend.tests.test_security_hardening.TestSec002GRN" name="test_po_grns_stranger_403" time="0.003" /><testcase classname="backend.tests.test_security_hardening.TestSec002GRN" name="test_po_grns_authorized[admin]" time="0.003" /><testcase classname="backend.tests.test_security_hardening.TestSec002GRN" name="test_po_grns_authorized[purchase]" time="0.003" /><testcase classname="backend.tests.test_security_hardening.TestSec002GRN" name="test_po_grns_authorized[billing]" time="0.002" /><testcase classname="backend.tests.test_security_hardening.TestSec002GRN" name="test_grns_list_site_engineer_403" time="0.002" /><testcase classname="backend.tests.test_security_hardening.TestSec002GRN" name="test_grns_list_authorized[admin]" time="0.003" /><testcase classname="backend.tests.test_security_hardening.TestSec002GRN" name="test_grns_list_authorized[purchase]" time="0.003" /><testcase classname="backend.tests.test_security_hardening.TestSec002GRN" name="test_grns_list_authorized[billing]" time="0.003" /><testcase classname="backend.tests.test_security_hardening.TestRegressionCoreFlows" name="test_mrf_list_admin" time="0.007" /><testcase classname="backend.tests.test_security_hardening.TestRegressionCoreFlows" name="test_po_list_admin" time="0.004" /><testcase classname="backend.tests.test_security_hardening.TestRegressionCoreFlows" name="test_po_pdf_admin" time="0.012" /><testcase classname="backend.tests.test_security_hardening.TestRegressionCoreFlows" name="test_invoice_create_and_pdf" time="0.016" /><testcase classname="backend.tests.test_security_hardening.TestRegressionCoreFlows" name="test_dashboard_admin" time="0.001" /><testcase classname="backend.tests.test_security_hardening.TestRegressionCoreFlows" name="test_import_vendors_valid_xlsx" time="0.011" /></testsuite></testsuites>