<?xml version="1.0" encoding="utf-8"?><testsuites name="pytest tests"><testsuite name="pytest" errors="0" failures="0" skipped="0" tests="19" time="4.128" timestamp="2026-07-16T00:57:25.409904+00:00" hostname="agent-env-44a450b1-d91d-48d4-89a7-f56f229423cf"><testcase classname="backend.tests.test_invoice_variance.TestInvoiceCreation" name="test_site_engineer_forbidden" time="2.019" /><testcase classname="backend.tests.test_invoice_variance.TestInvoiceCreation" name="test_purchase_creates_invoice" time="0.104" /><testcase classname="backend.tests.test_invoice_variance.TestInvoiceCreation" name="test_billing_can_create" time="0.103" /><testcase classname="backend.tests.test_invoice_variance.TestInvoiceCreation" name="test_invoice_number_increments" time="0.140" /><testcase classname="backend.tests.test_invoice_variance.TestInvoiceCreation" name="test_bad_po_returns_404" time="0.103" /><testcase classname="backend.tests.test_invoice_variance.TestInvoiceRetrieval" name="test_list_all_invoices" time="0.106" /><testcase classname="backend.tests.test_invoice_variance.TestInvoiceRetrieval" name="test_list_invoice_filter_by_po" time="0.114" /><testcase classname="backend.tests.test_invoice_variance.TestInvoiceRetrieval" name="test_get_single_invoice" time="0.102" /><testcase classname="backend.tests.test_invoice_variance.TestInvoiceRetrieval" name="test_get_single_invoice_not_found" time="0.134" /><testcase classname="backend.tests.test_invoice_variance.TestInvoiceRetrieval" name="test_list_po_invoices" time="0.097" /><testcase classname="backend.tests.test_invoice_variance.TestInvoiceRetrieval" name="test_list_requires_auth" time="0.098" /><testcase classname="backend.tests.test_invoice_variance.TestInvoicePDF" name="test_pdf_download" time="0.109" /><testcase classname="backend.tests.test_invoice_variance.TestInvoicePDF" name="test_pdf_missing_404" time="0.109" /><testcase classname="backend.tests.test_invoice_variance.TestInvoicePDF" name="test_pdf_without_auth" time="0.101" /><testcase classname="backend.tests.test_invoice_variance.TestVarianceReport" name="test_variance_shape_and_sort" time="0.103" /><testcase classname="backend.tests.test_invoice_variance.TestVarianceReport" name="test_our_po_in_variance" time="0.119" /><testcase classname="backend.tests.test_invoice_variance.TestVarianceReport" name="test_variance_filter_by_project" time="0.104" /><testcase classname="backend.tests.test_invoice_variance.TestVarianceReport" name="test_variance_filter_by_vendor" time="0.105" /><testcase classname="backend.tests.test_invoice_variance.TestVarianceReport" name="test_variance_requires_auth" time="0.130" /></testsuite></testsuites>