<?xml version="1.0" encoding="utf-8"?><testsuites name="pytest tests"><testsuite name="pytest" errors="0" failures="0" skipped="0" tests="64" time="77.157" timestamp="2026-07-16T00:57:33.766350+00:00" hostname="agent-env-44a450b1-d91d-48d4-89a7-f56f229423cf"><testcase classname="backend.tests.test_grn_and_import.TestGRNCreation" name="test_partial_receive_returns_grn_ids" time="1.626" /><testcase classname="backend.tests.test_grn_and_import.TestGRNCreation" name="test_receipts_array_populated_on_po_items" time="0.103" /><testcase classname="backend.tests.test_grn_and_import.TestGRNCreation" name="test_second_partial_receipt_creates_second_grn" time="0.117" /><testcase classname="backend.tests.test_grn_and_import.TestGRNCreation" name="test_over_receive_is_clamped_and_no_grn" time="0.104" /><testcase classname="backend.tests.test_grn_and_import.TestGRNList" name="test_list_grns_for_po" time="0.113" /><testcase classname="backend.tests.test_grn_and_import.TestGRNList" name="test_list_all_grns" time="0.107" /><testcase classname="backend.tests.test_grn_and_import.TestGRNList" name="test_grn_list_requires_auth" time="0.103" /><testcase classname="backend.tests.test_grn_and_import.TestGRNPdf" name="test_grn_pdf_download_with_token" time="0.121" /><testcase classname="backend.tests.test_grn_and_import.TestGRNPdf" name="test_grn_pdf_missing_returns_404" time="0.099" /><testcase classname="backend.tests.test_grn_and_import.TestGRNPdf" name="test_grn_pdf_without_auth" time="0.099" /><testcase classname="backend.tests.test_grn_and_import.TestImportTemplates" name="test_vendor_template_download" time="0.106" /><testcase classname="backend.tests.test_grn_and_import.TestImportTemplates" name="test_mrf_template_download" time="0.109" /><testcase classname="backend.tests.test_grn_and_import.TestImportTemplates" name="test_templates_require_auth" time="0.229" /><testcase classname="backend.tests.test_grn_and_import.TestVendorImport" name="test_import_vendors_inserts_new_skips_dupes" time="0.231" /><testcase classname="backend.tests.test_grn_and_import.TestVendorImport" name="test_import_vendors_rejects_non_admin_non_purchase" time="0.113" /><testcase classname="backend.tests.test_grn_and_import.TestVendorImport" name="test_import_vendors_bad_file_returns_400" time="0.093" /><testcase classname="backend.tests.test_grn_and_import.TestMRFImport" name="test_import_mrf_groups_rows" time="0.332" /><testcase classname="backend.tests.test_grn_and_import.TestMRFImport" name="test_import_mrf_reports_bad_project" time="0.107" /><testcase classname="backend.tests.test_invoice_variance.TestInvoiceCreation" name="test_site_engineer_forbidden" time="1.720" /><testcase classname="backend.tests.test_invoice_variance.TestInvoiceCreation" name="test_purchase_creates_invoice" time="0.120" /><testcase classname="backend.tests.test_invoice_variance.TestInvoiceCreation" name="test_billing_can_create" time="0.105" /><testcase classname="backend.tests.test_invoice_variance.TestInvoiceCreation" name="test_invoice_number_increments" time="0.098" /><testcase classname="backend.tests.test_invoice_variance.TestInvoiceCreation" name="test_bad_po_returns_404" time="0.098" /><testcase classname="backend.tests.test_invoice_variance.TestInvoiceRetrieval" name="test_list_all_invoices" time="0.114" /><testcase classname="backend.tests.test_invoice_variance.TestInvoiceRetrieval" name="test_list_invoice_filter_by_po" time="0.111" /><testcase classname="backend.tests.test_invoice_variance.TestInvoiceRetrieval" name="test_get_single_invoice" time="0.117" /><testcase classname="backend.tests.test_invoice_variance.TestInvoiceRetrieval" name="test_get_single_invoice_not_found" time="0.105" /><testcase classname="backend.tests.test_invoice_variance.TestInvoiceRetrieval" name="test_list_po_invoices" time="0.103" /><testcase classname="backend.tests.test_invoice_variance.TestInvoiceRetrieval" name="test_list_requires_auth" time="0.109" /><testcase classname="backend.tests.test_invoice_variance.TestInvoicePDF" name="test_pdf_download" time="0.111" /><testcase classname="backend.tests.test_invoice_variance.TestInvoicePDF" name="test_pdf_missing_404" time="0.110" /><testcase classname="backend.tests.test_invoice_variance.TestInvoicePDF" name="test_pdf_without_auth" time="0.114" /><testcase classname="backend.tests.test_invoice_variance.TestVarianceReport" name="test_variance_shape_and_sort" time="0.109" /><testcase classname="backend.tests.test_invoice_variance.TestVarianceReport" name="test_our_po_in_variance" time="0.120" /><testcase classname="backend.tests.test_invoice_variance.TestVarianceReport" name="test_variance_filter_by_project" time="0.120" /><testcase classname="backend.tests.test_invoice_variance.TestVarianceReport" name="test_variance_filter_by_vendor" time="0.127" /><testcase classname="backend.tests.test_invoice_variance.TestVarianceReport" name="test_variance_requires_auth" time="0.104" /><testcase classname="backend.tests.test_mrf_po_workflow.TestAuth" name="test_seed_idempotent" time="0.229" /><testcase classname="backend.tests.test_mrf_po_workflow.TestAuth" name="test_dev_login_returns_token" time="0.107" /><testcase classname="backend.tests.test_mrf_po_workflow.TestAuth" name="test_me_endpoint" time="0.755" /><testcase classname="backend.tests.test_mrf_po_workflow.TestAuth" name="test_me_unauthorized" time="0.098" /><testcase classname="backend.tests.test_mrf_po_workflow.TestMasters" name="test_list_projects" time="0.117" /><testcase classname="backend.tests.test_mrf_po_workflow.TestMasters" name="test_list_vendors" time="0.100" /><testcase classname="backend.tests.test_mrf_po_workflow.TestMasters" name="test_masters_grouped" time="0.107" /><testcase classname="backend.tests.test_mrf_po_workflow.TestRoleAccess" name="test_site_engineer_cannot_create_po" time="0.099" /><testcase classname="backend.tests.test_mrf_po_workflow.TestRoleAccess" name="test_non_admin_cannot_change_role" time="0.098" /><testcase classname="backend.tests.test_mrf_po_workflow.TestMRFWorkflow" name="test_01_create_mrf" time="0.213" /><testcase classname="backend.tests.test_mrf_po_workflow.TestMRFWorkflow" name="test_02_submit_mrf" time="0.218" /><testcase classname="backend.tests.test_mrf_po_workflow.TestMRFWorkflow" name="test_03_pm_approve_with_item_actions" time="0.201" /><testcase classname="backend.tests.test_mrf_po_workflow.TestMRFWorkflow" name="test_04_send_to_purchase" time="0.100" /><testcase classname="backend.tests.test_mrf_po_workflow.TestMRFWorkflow" name="test_05_po_reject_rejected_item" time="43.164" /><testcase classname="backend.tests.test_mrf_po_workflow.TestMRFWorkflow" name="test_06_create_po" time="0.354" /><testcase classname="backend.tests.test_mrf_po_workflow.TestMRFWorkflow" name="test_07_po_pdf_download" time="0.125" /><testcase classname="backend.tests.test_mrf_po_workflow.TestMRFWorkflow" name="test_08_po_mark_received" time="0.163" /><testcase classname="backend.tests.test_mrf_po_workflow.TestMRFWorkflow" name="test_09_billing_update" time="0.232" /><testcase classname="backend.tests.test_mrf_po_workflow.TestMRFWorkflow" name="test_10_billing_override_required" time="19.407" /><testcase classname="backend.tests.test_mrf_po_workflow.TestMRFWorkflow" name="test_11_billing_override_with_reason" time="0.138" /><testcase classname="backend.tests.test_mrf_po_workflow.TestReturnFlow" name="test_pm_return_mrf" time="2.485" /><testcase classname="backend.tests.test_mrf_po_workflow.TestReports" name="test_dashboard" time="0.143" /><testcase classname="backend.tests.test_mrf_po_workflow.TestReports" name="test_mrf_ageing" time="0.106" /><testcase classname="backend.tests.test_mrf_po_workflow.TestReports" name="test_audit_logs" time="0.098" /><testcase classname="backend.tests.test_mrf_po_workflow.TestReports" name="test_excel_export_mrf" time="0.132" /><testcase classname="backend.tests.test_mrf_po_workflow.TestReports" name="test_notifications" time="0.102" /><testcase classname="backend.tests.test_mrf_po_workflow.TestAdmin" name="test_admin_can_change_role" time="0.215" /></testsuite></testsuites>