<?xml version="1.0" encoding="utf-8"?><testsuites name="pytest tests"><testsuite name="pytest" errors="0" failures="0" skipped="0" tests="27" time="5.419" timestamp="2026-07-15T15:30:18.868809+00:00" hostname="agent-env-44a450b1-d91d-48d4-89a7-f56f229423cf"><testcase classname="backend.tests.test_mrf_po_workflow.TestAuth" name="test_seed_idempotent" time="0.322" /><testcase classname="backend.tests.test_mrf_po_workflow.TestAuth" name="test_dev_login_returns_token" time="0.113" /><testcase classname="backend.tests.test_mrf_po_workflow.TestAuth" name="test_me_endpoint" time="0.811" /><testcase classname="backend.tests.test_mrf_po_workflow.TestAuth" name="test_me_unauthorized" time="0.099" /><testcase classname="backend.tests.test_mrf_po_workflow.TestMasters" name="test_list_projects" time="0.123" /><testcase classname="backend.tests.test_mrf_po_workflow.TestMasters" name="test_list_vendors" time="0.100" /><testcase classname="backend.tests.test_mrf_po_workflow.TestMasters" name="test_masters_grouped" time="0.114" /><testcase classname="backend.tests.test_mrf_po_workflow.TestRoleAccess" name="test_site_engineer_cannot_create_po" time="0.105" /><testcase classname="backend.tests.test_mrf_po_workflow.TestRoleAccess" name="test_non_admin_cannot_change_role" time="0.105" /><testcase classname="backend.tests.test_mrf_po_workflow.TestMRFWorkflow" name="test_01_create_mrf" time="0.269" /><testcase classname="backend.tests.test_mrf_po_workflow.TestMRFWorkflow" name="test_02_submit_mrf" time="0.261" /><testcase classname="backend.tests.test_mrf_po_workflow.TestMRFWorkflow" name="test_03_pm_approve_with_item_actions" time="0.234" /><testcase classname="backend.tests.test_mrf_po_workflow.TestMRFWorkflow" name="test_04_send_to_purchase" time="0.112" /><testcase classname="backend.tests.test_mrf_po_workflow.TestMRFWorkflow" name="test_05_po_reject_rejected_item" time="0.231" /><testcase classname="backend.tests.test_mrf_po_workflow.TestMRFWorkflow" name="test_06_create_po" time="0.341" /><testcase classname="backend.tests.test_mrf_po_workflow.TestMRFWorkflow" name="test_07_po_pdf_download" time="0.189" /><testcase classname="backend.tests.test_mrf_po_workflow.TestMRFWorkflow" name="test_08_po_mark_received" time="0.130" /><testcase classname="backend.tests.test_mrf_po_workflow.TestMRFWorkflow" name="test_09_billing_update" time="0.219" /><testcase classname="backend.tests.test_mrf_po_workflow.TestMRFWorkflow" name="test_10_billing_override_required" time="0.107" /><testcase classname="backend.tests.test_mrf_po_workflow.TestMRFWorkflow" name="test_11_billing_override_with_reason" time="0.111" /><testcase classname="backend.tests.test_mrf_po_workflow.TestReturnFlow" name="test_pm_return_mrf" time="0.447" /><testcase classname="backend.tests.test_mrf_po_workflow.TestReports" name="test_dashboard" time="0.113" /><testcase classname="backend.tests.test_mrf_po_workflow.TestReports" name="test_mrf_ageing" time="0.113" /><testcase classname="backend.tests.test_mrf_po_workflow.TestReports" name="test_audit_logs" time="0.118" /><testcase classname="backend.tests.test_mrf_po_workflow.TestReports" name="test_excel_export_mrf" time="0.112" /><testcase classname="backend.tests.test_mrf_po_workflow.TestReports" name="test_notifications" time="0.150" /><testcase classname="backend.tests.test_mrf_po_workflow.TestAdmin" name="test_admin_can_change_role" time="0.209" /></testsuite></testsuites>