<?xml version="1.0" encoding="utf-8"?><testsuites name="pytest tests"><testsuite name="pytest" errors="0" failures="0" skipped="0" tests="18" time="8.592" timestamp="2026-07-15T17:02:14.118495+00:00" hostname="agent-env-44a450b1-d91d-48d4-89a7-f56f229423cf"><testcase classname="backend.tests.test_grn_and_import.TestGRNCreation" name="test_partial_receive_returns_grn_ids" time="1.925" /><testcase classname="backend.tests.test_grn_and_import.TestGRNCreation" name="test_receipts_array_populated_on_po_items" time="0.200" /><testcase classname="backend.tests.test_grn_and_import.TestGRNCreation" name="test_second_partial_receipt_creates_second_grn" time="0.182" /><testcase classname="backend.tests.test_grn_and_import.TestGRNCreation" name="test_over_receive_is_clamped_and_no_grn" time="0.211" /><testcase classname="backend.tests.test_grn_and_import.TestGRNList" name="test_list_grns_for_po" time="0.733" /><testcase classname="backend.tests.test_grn_and_import.TestGRNList" name="test_list_all_grns" time="0.144" /><testcase classname="backend.tests.test_grn_and_import.TestGRNList" name="test_grn_list_requires_auth" time="0.142" /><testcase classname="backend.tests.test_grn_and_import.TestGRNPdf" name="test_grn_pdf_download_with_token" time="0.599" /><testcase classname="backend.tests.test_grn_and_import.TestGRNPdf" name="test_grn_pdf_missing_returns_404" time="0.211" /><testcase classname="backend.tests.test_grn_and_import.TestGRNPdf" name="test_grn_pdf_without_auth" time="0.298" /><testcase classname="backend.tests.test_grn_and_import.TestImportTemplates" name="test_vendor_template_download" time="0.328" /><testcase classname="backend.tests.test_grn_and_import.TestImportTemplates" name="test_mrf_template_download" time="0.195" /><testcase classname="backend.tests.test_grn_and_import.TestImportTemplates" name="test_templates_require_auth" time="1.798" /><testcase classname="backend.tests.test_grn_and_import.TestVendorImport" name="test_import_vendors_inserts_new_skips_dupes" time="0.344" /><testcase classname="backend.tests.test_grn_and_import.TestVendorImport" name="test_import_vendors_rejects_non_admin_non_purchase" time="0.168" /><testcase classname="backend.tests.test_grn_and_import.TestVendorImport" name="test_import_vendors_bad_file_returns_400" time="0.154" /><testcase classname="backend.tests.test_grn_and_import.TestMRFImport" name="test_import_mrf_groups_rows" time="0.572" /><testcase classname="backend.tests.test_grn_and_import.TestMRFImport" name="test_import_mrf_reports_bad_project" time="0.169" /></testsuite></testsuites>