<?xml version="1.0" encoding="utf-8"?><testsuites name="pytest tests"><testsuite name="pytest" errors="0" failures="0" skipped="0" tests="54" time="53.003" timestamp="2026-07-27T14:18:02.661347+00:00" hostname="agent-env-44a450b1-d91d-48d4-89a7-f56f229423cf"><testcase classname="backend.tests.test_task4_material_uom" name="test_00_director_token_valid" time="15.297" /><testcase classname="backend.tests.test_task4_material_uom" name="test_00_anon_uom_units_write_is_401" time="0.159" /><testcase classname="backend.tests.test_task4_material_uom" name="test_10_create_units_ok[Nos-count-True]" time="3.177" /><testcase classname="backend.tests.test_task4_material_uom" name="test_10_create_units_ok[Metre-length-True]" time="0.126" /><testcase classname="backend.tests.test_task4_material_uom" name="test_10_create_units_ok[Centimetre-length-False]" time="0.106" /><testcase classname="backend.tests.test_task4_material_uom" name="test_10_create_units_ok[Kilogram-mass-True]" time="15.118" /><testcase classname="backend.tests.test_task4_material_uom" name="test_10_create_units_ok[Gram-mass-False]" time="0.174" /><testcase classname="backend.tests.test_task4_material_uom" name="test_10_create_units_ok[Box-count-False]" time="0.116" /><testcase classname="backend.tests.test_task4_material_uom" name="test_11_duplicate_unit_case_insensitive_400" time="0.121" /><testcase classname="backend.tests.test_task4_material_uom" name="test_12_rbac_write_forbidden[site_engineer]" time="0.804" /><testcase classname="backend.tests.test_task4_material_uom" name="test_12_rbac_write_forbidden[pm]" time="0.129" /><testcase classname="backend.tests.test_task4_material_uom" name="test_12_rbac_write_forbidden[purchase]" time="0.123" /><testcase classname="backend.tests.test_task4_material_uom" name="test_13_list_units" time="0.104" /><testcase classname="backend.tests.test_task4_material_uom" name="test_14_update_unit_requires_reason" time="0.248" /><testcase classname="backend.tests.test_task4_material_uom" name="test_20_create_conversions_ok" time="0.326" /><testcase classname="backend.tests.test_task4_material_uom" name="test_21_dup_conversion_400" time="0.128" /><testcase classname="backend.tests.test_task4_material_uom" name="test_22_unregistered_unit_400" time="0.123" /><testcase classname="backend.tests.test_task4_material_uom" name="test_23_factor_zero_400" time="0.132" /><testcase classname="backend.tests.test_task4_material_uom" name="test_24_from_equals_to_400" time="0.102" /><testcase classname="backend.tests.test_task4_material_uom" name="test_25_conversion_rbac_forbidden[site_engineer]" time="0.129" /><testcase classname="backend.tests.test_task4_material_uom" name="test_25_conversion_rbac_forbidden[pm]" time="0.130" /><testcase classname="backend.tests.test_task4_material_uom" name="test_25_conversion_rbac_forbidden[purchase]" time="0.119" /><testcase classname="backend.tests.test_task4_material_uom" name="test_26_auth_user_can_get_conversions" time="0.099" /><testcase classname="backend.tests.test_task4_material_uom" name="test_30_convert_direct" time="0.108" /><testcase classname="backend.tests.test_task4_material_uom" name="test_31_convert_reverse" time="0.133" /><testcase classname="backend.tests.test_task4_material_uom" name="test_32_convert_chain_two_hops" time="0.376" /><testcase classname="backend.tests.test_task4_material_uom" name="test_33_convert_no_path_400" time="0.115" /><testcase classname="backend.tests.test_task4_material_uom" name="test_40_delete_used_unit_400" time="0.120" /><testcase classname="backend.tests.test_task4_material_uom" name="test_41_delete_unused_unit_ok" time="0.209" /><testcase classname="backend.tests.test_task4_material_uom" name="test_50_create_root_category" time="0.129" /><testcase classname="backend.tests.test_task4_material_uom" name="test_51_create_child_category" time="0.133" /><testcase classname="backend.tests.test_task4_material_uom" name="test_52_slash_in_name_400" time="0.127" /><testcase classname="backend.tests.test_task4_material_uom" name="test_53_sibling_dup_case_insensitive_400" time="0.123" /><testcase classname="backend.tests.test_task4_material_uom" name="test_54_tree_endpoint" time="0.108" /><testcase classname="backend.tests.test_task4_material_uom" name="test_55_put_requires_reason" time="0.099" /><testcase classname="backend.tests.test_task4_material_uom" name="test_56_cycle_prevention" time="0.120" /><testcase classname="backend.tests.test_task4_material_uom" name="test_57_inactive_parent_blocks_create" time="0.374" /><testcase classname="backend.tests.test_task4_material_uom" name="test_58_delete_with_children_blocked" time="11.326" /><testcase classname="backend.tests.test_task4_material_uom" name="test_59_category_rbac[site_engineer]" time="0.139" /><testcase classname="backend.tests.test_task4_material_uom" name="test_59_category_rbac[pm]" time="0.125" /><testcase classname="backend.tests.test_task4_material_uom" name="test_59_category_rbac[purchase]" time="0.116" /><testcase classname="backend.tests.test_task4_material_uom" name="test_60_material_with_cat_and_base_uom" time="0.143" /><testcase classname="backend.tests.test_task4_material_uom" name="test_61_material_bad_category_400" time="0.187" /><testcase classname="backend.tests.test_task4_material_uom" name="test_62_material_bad_base_uom_400" time="0.115" /><testcase classname="backend.tests.test_task4_material_uom" name="test_63_legacy_material_no_task4_fields" time="0.104" /><testcase classname="backend.tests.test_task4_material_uom" name="test_64_material_put_move_and_update_base_uom" time="0.225" /><testcase classname="backend.tests.test_task4_material_uom" name="test_65_delete_category_used_by_material_blocked" time="0.244" /><testcase classname="backend.tests.test_task4_material_uom" name="test_70_csv_templates[/uom/units/template.csv]" time="0.131" /><testcase classname="backend.tests.test_task4_material_uom" name="test_70_csv_templates[/uom/conversions/template.csv]" time="0.102" /><testcase classname="backend.tests.test_task4_material_uom" name="test_70_csv_templates[/categories/template.csv]" time="0.107" /><testcase classname="backend.tests.test_task4_material_uom" name="test_80_units_import_summary" time="0.155" /><testcase classname="backend.tests.test_task4_material_uom" name="test_81_conversions_import_summary" time="0.120" /><testcase classname="backend.tests.test_task4_material_uom" name="test_82_categories_import_summary" time="0.135" /><testcase classname="backend.tests.test_task4_material_uom" name="test_90_master_audit_records_present" time="0.087" /></testsuite></testsuites>